#Build: Fabric Compiler 2022.2-SP1-Lite, Build 132640, Aug 18 15:10 2023
#Install: E:\pango\PDS_2022.2-SP1-Lite\bin
#Application name: pds.exe
#OS: Windows 10 10.0.22621
#Hostname: Oranoutsider
Generated by Fabric Compiler (version 2022.2-SP1-Lite build 132640) at Sun Nov  5 21:35:55 2023
Parse module hierarchy of project 'E:/Verilog/pango_prj/HDMI_DDR3_OV5640_test/temp_projects/Main_Flow/Main_Flow.pds' (ADS Parser)
Parse module hierarchy of project 'E:/Verilog/pango_prj/HDMI_DDR3_OV5640_test/temp_projects/Main_Flow/Main_Flow.pds' (ADS Parser)
I: Flow-6004: Design file modified: "E:/Verilog/pango_prj/HDMI_DDR3_OV5640_test/source/rtl/hdmi_ddr_ov5640_top.v". 
Parse module hierarchy of project 'E:/Verilog/pango_prj/HDMI_DDR3_OV5640_test/temp_projects/Main_Flow/Main_Flow.pds' (ADS Parser)
I: Flow-6004: Design file modified: "E:/Verilog/pango_prj/HDMI_DDR3_OV5640_test/source/rtl/hdmi_ddr_ov5640_top.v". 
E: Verilog-4005: [E:/Verilog/pango_prj/HDMI_DDR3_OV5640_test/source/rtl/hdmi_ddr_ov5640_top.v(line number: 87)] Syntax error near input
E: Verilog-4163: [E:/Verilog/pango_prj/HDMI_DDR3_OV5640_test/source/rtl/hdmi_ddr_ov5640_top.v(line number: 87)] Global declarations are illegal in verilog, Enable SystemVerilog features first.
E: Verilog-4163: [E:/Verilog/pango_prj/HDMI_DDR3_OV5640_test/source/rtl/hdmi_ddr_ov5640_top.v(line number: 97)] Global declarations are illegal in verilog, Enable SystemVerilog features first.
E: Verilog-4163: [E:/Verilog/pango_prj/HDMI_DDR3_OV5640_test/source/rtl/hdmi_ddr_ov5640_top.v(line number: 98)] Global declarations are illegal in verilog, Enable SystemVerilog features first.
E: Verilog-4163: [E:/Verilog/pango_prj/HDMI_DDR3_OV5640_test/source/rtl/hdmi_ddr_ov5640_top.v(line number: 100)] Global declarations are illegal in verilog, Enable SystemVerilog features first.
E: Verilog-4163: [E:/Verilog/pango_prj/HDMI_DDR3_OV5640_test/source/rtl/hdmi_ddr_ov5640_top.v(line number: 101)] Global declarations are illegal in verilog, Enable SystemVerilog features first.
E: Verilog-4163: [E:/Verilog/pango_prj/HDMI_DDR3_OV5640_test/source/rtl/hdmi_ddr_ov5640_top.v(line number: 102)] Global declarations are illegal in verilog, Enable SystemVerilog features first.
E: Verilog-4163: [E:/Verilog/pango_prj/HDMI_DDR3_OV5640_test/source/rtl/hdmi_ddr_ov5640_top.v(line number: 103)] Global declarations are illegal in verilog, Enable SystemVerilog features first.
E: Verilog-4163: [E:/Verilog/pango_prj/HDMI_DDR3_OV5640_test/source/rtl/hdmi_ddr_ov5640_top.v(line number: 104)] Global declarations are illegal in verilog, Enable SystemVerilog features first.
E: Verilog-4163: [E:/Verilog/pango_prj/HDMI_DDR3_OV5640_test/source/rtl/hdmi_ddr_ov5640_top.v(line number: 105)] Global declarations are illegal in verilog, Enable SystemVerilog features first.
E: Verilog-4163: [E:/Verilog/pango_prj/HDMI_DDR3_OV5640_test/source/rtl/hdmi_ddr_ov5640_top.v(line number: 106)] Global declarations are illegal in verilog, Enable SystemVerilog features first.
E: Verilog-4163: [E:/Verilog/pango_prj/HDMI_DDR3_OV5640_test/source/rtl/hdmi_ddr_ov5640_top.v(line number: 107)] Global declarations are illegal in verilog, Enable SystemVerilog features first.
E: Verilog-4163: [E:/Verilog/pango_prj/HDMI_DDR3_OV5640_test/source/rtl/hdmi_ddr_ov5640_top.v(line number: 108)] Global declarations are illegal in verilog, Enable SystemVerilog features first.
E: Verilog-4163: [E:/Verilog/pango_prj/HDMI_DDR3_OV5640_test/source/rtl/hdmi_ddr_ov5640_top.v(line number: 109)] Global declarations are illegal in verilog, Enable SystemVerilog features first.
E: Verilog-4163: [E:/Verilog/pango_prj/HDMI_DDR3_OV5640_test/source/rtl/hdmi_ddr_ov5640_top.v(line number: 110)] Global declarations are illegal in verilog, Enable SystemVerilog features first.
E: Verilog-4163: [E:/Verilog/pango_prj/HDMI_DDR3_OV5640_test/source/rtl/hdmi_ddr_ov5640_top.v(line number: 111)] Global declarations are illegal in verilog, Enable SystemVerilog features first.
E: Verilog-4163: [E:/Verilog/pango_prj/HDMI_DDR3_OV5640_test/source/rtl/hdmi_ddr_ov5640_top.v(line number: 112)] Global declarations are illegal in verilog, Enable SystemVerilog features first.
E: Verilog-4163: [E:/Verilog/pango_prj/HDMI_DDR3_OV5640_test/source/rtl/hdmi_ddr_ov5640_top.v(line number: 113)] Global declarations are illegal in verilog, Enable SystemVerilog features first.
E: Verilog-4163: [E:/Verilog/pango_prj/HDMI_DDR3_OV5640_test/source/rtl/hdmi_ddr_ov5640_top.v(line number: 114)] Global declarations are illegal in verilog, Enable SystemVerilog features first.
E: Verilog-4163: [E:/Verilog/pango_prj/HDMI_DDR3_OV5640_test/source/rtl/hdmi_ddr_ov5640_top.v(line number: 115)] Global declarations are illegal in verilog, Enable SystemVerilog features first.
E: Verilog-4163: [E:/Verilog/pango_prj/HDMI_DDR3_OV5640_test/source/rtl/hdmi_ddr_ov5640_top.v(line number: 116)] Global declarations are illegal in verilog, Enable SystemVerilog features first.
E: Verilog-4163: [E:/Verilog/pango_prj/HDMI_DDR3_OV5640_test/source/rtl/hdmi_ddr_ov5640_top.v(line number: 117)] Global declarations are illegal in verilog, Enable SystemVerilog features first.
E: Verilog-4163: [E:/Verilog/pango_prj/HDMI_DDR3_OV5640_test/source/rtl/hdmi_ddr_ov5640_top.v(line number: 118)] Global declarations are illegal in verilog, Enable SystemVerilog features first.
E: Verilog-4163: [E:/Verilog/pango_prj/HDMI_DDR3_OV5640_test/source/rtl/hdmi_ddr_ov5640_top.v(line number: 119)] Global declarations are illegal in verilog, Enable SystemVerilog features first.
E: Verilog-4163: [E:/Verilog/pango_prj/HDMI_DDR3_OV5640_test/source/rtl/hdmi_ddr_ov5640_top.v(line number: 120)] Global declarations are illegal in verilog, Enable SystemVerilog features first.
E: Verilog-4163: [E:/Verilog/pango_prj/HDMI_DDR3_OV5640_test/source/rtl/hdmi_ddr_ov5640_top.v(line number: 121)] Global declarations are illegal in verilog, Enable SystemVerilog features first.
E: Verilog-4163: [E:/Verilog/pango_prj/HDMI_DDR3_OV5640_test/source/rtl/hdmi_ddr_ov5640_top.v(line number: 126)] Global declarations are illegal in verilog, Enable SystemVerilog features first.
E: Verilog-4163: [E:/Verilog/pango_prj/HDMI_DDR3_OV5640_test/source/rtl/hdmi_ddr_ov5640_top.v(line number: 128)] Global declarations are illegal in verilog, Enable SystemVerilog features first.
E: Verilog-4163: [E:/Verilog/pango_prj/HDMI_DDR3_OV5640_test/source/rtl/hdmi_ddr_ov5640_top.v(line number: 129)] Global declarations are illegal in verilog, Enable SystemVerilog features first.
E: Verilog-4163: [E:/Verilog/pango_prj/HDMI_DDR3_OV5640_test/source/rtl/hdmi_ddr_ov5640_top.v(line number: 130)] Global declarations are illegal in verilog, Enable SystemVerilog features first.
E: Verilog-4163: [E:/Verilog/pango_prj/HDMI_DDR3_OV5640_test/source/rtl/hdmi_ddr_ov5640_top.v(line number: 131)] Global declarations are illegal in verilog, Enable SystemVerilog features first.
E: Verilog-4163: [E:/Verilog/pango_prj/HDMI_DDR3_OV5640_test/source/rtl/hdmi_ddr_ov5640_top.v(line number: 132)] Global declarations are illegal in verilog, Enable SystemVerilog features first.
E: Verilog-4163: [E:/Verilog/pango_prj/HDMI_DDR3_OV5640_test/source/rtl/hdmi_ddr_ov5640_top.v(line number: 133)] Global declarations are illegal in verilog, Enable SystemVerilog features first.
E: Verilog-4163: [E:/Verilog/pango_prj/HDMI_DDR3_OV5640_test/source/rtl/hdmi_ddr_ov5640_top.v(line number: 134)] Global declarations are illegal in verilog, Enable SystemVerilog features first.
E: Verilog-4163: [E:/Verilog/pango_prj/HDMI_DDR3_OV5640_test/source/rtl/hdmi_ddr_ov5640_top.v(line number: 135)] Global declarations are illegal in verilog, Enable SystemVerilog features first.
E: Verilog-4163: [E:/Verilog/pango_prj/HDMI_DDR3_OV5640_test/source/rtl/hdmi_ddr_ov5640_top.v(line number: 136)] Global declarations are illegal in verilog, Enable SystemVerilog features first.
E: Verilog-4163: [E:/Verilog/pango_prj/HDMI_DDR3_OV5640_test/source/rtl/hdmi_ddr_ov5640_top.v(line number: 137)] Global declarations are illegal in verilog, Enable SystemVerilog features first.
E: Verilog-4163: [E:/Verilog/pango_prj/HDMI_DDR3_OV5640_test/source/rtl/hdmi_ddr_ov5640_top.v(line number: 138)] Global declarations are illegal in verilog, Enable SystemVerilog features first.
E: Verilog-4163: [E:/Verilog/pango_prj/HDMI_DDR3_OV5640_test/source/rtl/hdmi_ddr_ov5640_top.v(line number: 139)] Global declarations are illegal in verilog, Enable SystemVerilog features first.
E: Verilog-4163: [E:/Verilog/pango_prj/HDMI_DDR3_OV5640_test/source/rtl/hdmi_ddr_ov5640_top.v(line number: 140)] Global declarations are illegal in verilog, Enable SystemVerilog features first.
E: Verilog-4163: [E:/Verilog/pango_prj/HDMI_DDR3_OV5640_test/source/rtl/hdmi_ddr_ov5640_top.v(line number: 141)] Global declarations are illegal in verilog, Enable SystemVerilog features first.
E: Verilog-4163: [E:/Verilog/pango_prj/HDMI_DDR3_OV5640_test/source/rtl/hdmi_ddr_ov5640_top.v(line number: 142)] Global declarations are illegal in verilog, Enable SystemVerilog features first.
E: Verilog-4163: [E:/Verilog/pango_prj/HDMI_DDR3_OV5640_test/source/rtl/hdmi_ddr_ov5640_top.v(line number: 143)] Global declarations are illegal in verilog, Enable SystemVerilog features first.
E: Verilog-4163: [E:/Verilog/pango_prj/HDMI_DDR3_OV5640_test/source/rtl/hdmi_ddr_ov5640_top.v(line number: 144)] Global declarations are illegal in verilog, Enable SystemVerilog features first.
E: Verilog-4163: [E:/Verilog/pango_prj/HDMI_DDR3_OV5640_test/source/rtl/hdmi_ddr_ov5640_top.v(line number: 145)] Global declarations are illegal in verilog, Enable SystemVerilog features first.
E: Verilog-4163: [E:/Verilog/pango_prj/HDMI_DDR3_OV5640_test/source/rtl/hdmi_ddr_ov5640_top.v(line number: 146)] Global declarations are illegal in verilog, Enable SystemVerilog features first.
E: Verilog-4163: [E:/Verilog/pango_prj/HDMI_DDR3_OV5640_test/source/rtl/hdmi_ddr_ov5640_top.v(line number: 147)] Global declarations are illegal in verilog, Enable SystemVerilog features first.
E: Verilog-4163: [E:/Verilog/pango_prj/HDMI_DDR3_OV5640_test/source/rtl/hdmi_ddr_ov5640_top.v(line number: 148)] Global declarations are illegal in verilog, Enable SystemVerilog features first.
E: Verilog-4163: [E:/Verilog/pango_prj/HDMI_DDR3_OV5640_test/source/rtl/hdmi_ddr_ov5640_top.v(line number: 149)] Global declarations are illegal in verilog, Enable SystemVerilog features first.
E: Verilog-4163: [E:/Verilog/pango_prj/HDMI_DDR3_OV5640_test/source/rtl/hdmi_ddr_ov5640_top.v(line number: 150)] Global declarations are illegal in verilog, Enable SystemVerilog features first.
E: Verilog-4163: [E:/Verilog/pango_prj/HDMI_DDR3_OV5640_test/source/rtl/hdmi_ddr_ov5640_top.v(line number: 151)] Global declarations are illegal in verilog, Enable SystemVerilog features first.
E: Verilog-4163: [E:/Verilog/pango_prj/HDMI_DDR3_OV5640_test/source/rtl/hdmi_ddr_ov5640_top.v(line number: 152)] Global declarations are illegal in verilog, Enable SystemVerilog features first.
E: Verilog-4163: [E:/Verilog/pango_prj/HDMI_DDR3_OV5640_test/source/rtl/hdmi_ddr_ov5640_top.v(line number: 153)] Global declarations are illegal in verilog, Enable SystemVerilog features first.
E: Verilog-4005: [E:/Verilog/pango_prj/HDMI_DDR3_OV5640_test/source/rtl/hdmi_ddr_ov5640_top.v(line number: 156)] Syntax error near (
E: Verilog-4163: [E:/Verilog/pango_prj/HDMI_DDR3_OV5640_test/source/rtl/hdmi_ddr_ov5640_top.v(line number: 156)] Global declarations are illegal in verilog, Enable SystemVerilog features first.
E: Verilog-4005: [E:/Verilog/pango_prj/HDMI_DDR3_OV5640_test/source/rtl/hdmi_ddr_ov5640_top.v(line number: 165)] Syntax error near (
E: Verilog-4163: [E:/Verilog/pango_prj/HDMI_DDR3_OV5640_test/source/rtl/hdmi_ddr_ov5640_top.v(line number: 165)] Global declarations are illegal in verilog, Enable SystemVerilog features first.
E: Verilog-4163: [E:/Verilog/pango_prj/HDMI_DDR3_OV5640_test/source/rtl/hdmi_ddr_ov5640_top.v(line number: 175)] Global declarations are illegal in verilog, Enable SystemVerilog features first.
E: Verilog-4163: [E:/Verilog/pango_prj/HDMI_DDR3_OV5640_test/source/rtl/hdmi_ddr_ov5640_top.v(line number: 177)] Global declarations are illegal in verilog, Enable SystemVerilog features first.
E: Verilog-4163: [E:/Verilog/pango_prj/HDMI_DDR3_OV5640_test/source/rtl/hdmi_ddr_ov5640_top.v(line number: 183)] Global declarations are illegal in verilog, Enable SystemVerilog features first.
E: Verilog-4163: [E:/Verilog/pango_prj/HDMI_DDR3_OV5640_test/source/rtl/hdmi_ddr_ov5640_top.v(line number: 186)] Global declarations are illegal in verilog, Enable SystemVerilog features first.
E: Verilog-4163: [E:/Verilog/pango_prj/HDMI_DDR3_OV5640_test/source/rtl/hdmi_ddr_ov5640_top.v(line number: 190)] Global declarations are illegal in verilog, Enable SystemVerilog features first.
E: Verilog-4163: [E:/Verilog/pango_prj/HDMI_DDR3_OV5640_test/source/rtl/hdmi_ddr_ov5640_top.v(line number: 193)] Global declarations are illegal in verilog, Enable SystemVerilog features first.
E: Verilog-4005: [E:/Verilog/pango_prj/HDMI_DDR3_OV5640_test/source/rtl/hdmi_ddr_ov5640_top.v(line number: 214)] Syntax error near (
E: Verilog-4163: [E:/Verilog/pango_prj/HDMI_DDR3_OV5640_test/source/rtl/hdmi_ddr_ov5640_top.v(line number: 214)] Global declarations are illegal in verilog, Enable SystemVerilog features first.
E: Verilog-4163: [E:/Verilog/pango_prj/HDMI_DDR3_OV5640_test/source/rtl/hdmi_ddr_ov5640_top.v(line number: 223)] Global declarations are illegal in verilog, Enable SystemVerilog features first.
E: Verilog-4163: [E:/Verilog/pango_prj/HDMI_DDR3_OV5640_test/source/rtl/hdmi_ddr_ov5640_top.v(line number: 238)] Global declarations are illegal in verilog, Enable SystemVerilog features first.
E: Verilog-4163: [E:/Verilog/pango_prj/HDMI_DDR3_OV5640_test/source/rtl/hdmi_ddr_ov5640_top.v(line number: 253)] Global declarations are illegal in verilog, Enable SystemVerilog features first.
E: Verilog-4163: [E:/Verilog/pango_prj/HDMI_DDR3_OV5640_test/source/rtl/hdmi_ddr_ov5640_top.v(line number: 256)] Global declarations are illegal in verilog, Enable SystemVerilog features first.
E: Verilog-4163: [E:/Verilog/pango_prj/HDMI_DDR3_OV5640_test/source/rtl/hdmi_ddr_ov5640_top.v(line number: 257)] Global declarations are illegal in verilog, Enable SystemVerilog features first.
E: Verilog-4163: [E:/Verilog/pango_prj/HDMI_DDR3_OV5640_test/source/rtl/hdmi_ddr_ov5640_top.v(line number: 260)] Global declarations are illegal in verilog, Enable SystemVerilog features first.
E: Verilog-4163: [E:/Verilog/pango_prj/HDMI_DDR3_OV5640_test/source/rtl/hdmi_ddr_ov5640_top.v(line number: 272)] Global declarations are illegal in verilog, Enable SystemVerilog features first.
E: Verilog-4163: [E:/Verilog/pango_prj/HDMI_DDR3_OV5640_test/source/rtl/hdmi_ddr_ov5640_top.v(line number: 275)] Global declarations are illegal in verilog, Enable SystemVerilog features first.
E: Verilog-4163: [E:/Verilog/pango_prj/HDMI_DDR3_OV5640_test/source/rtl/hdmi_ddr_ov5640_top.v(line number: 276)] Global declarations are illegal in verilog, Enable SystemVerilog features first.
E: Verilog-4163: [E:/Verilog/pango_prj/HDMI_DDR3_OV5640_test/source/rtl/hdmi_ddr_ov5640_top.v(line number: 279)] Global declarations are illegal in verilog, Enable SystemVerilog features first.
E: Verilog-4005: [E:/Verilog/pango_prj/HDMI_DDR3_OV5640_test/source/rtl/hdmi_ddr_ov5640_top.v(line number: 309)] Syntax error near (
E: Verilog-4010: [E:/Verilog/pango_prj/HDMI_DDR3_OV5640_test/source/rtl/hdmi_ddr_ov5640_top.v(line number: 316)] It is illegal to redeclare the name cmos1_d_16bit which already declared 
E: Verilog-4010: [E:/Verilog/pango_prj/HDMI_DDR3_OV5640_test/source/rtl/hdmi_ddr_ov5640_top.v(line number: 316)] It is illegal to redeclare the name cmos1_d_16bit which already declared 
E: Verilog-4005: [E:/Verilog/pango_prj/HDMI_DDR3_OV5640_test/source/rtl/hdmi_ddr_ov5640_top.v(line number: 316)] Syntax error near }
E: Verilog-4010: [E:/Verilog/pango_prj/HDMI_DDR3_OV5640_test/source/rtl/hdmi_ddr_ov5640_top.v(line number: 320)] It is illegal to redeclare the name cmos2_d_16bit which already declared 
E: Verilog-4010: [E:/Verilog/pango_prj/HDMI_DDR3_OV5640_test/source/rtl/hdmi_ddr_ov5640_top.v(line number: 320)] It is illegal to redeclare the name cmos2_d_16bit which already declared 
E: Verilog-4005: [E:/Verilog/pango_prj/HDMI_DDR3_OV5640_test/source/rtl/hdmi_ddr_ov5640_top.v(line number: 320)] Syntax error near }
E: Verilog-4163: [E:/Verilog/pango_prj/HDMI_DDR3_OV5640_test/source/rtl/hdmi_ddr_ov5640_top.v(line number: 309)] Global declarations are illegal in verilog, Enable SystemVerilog features first.
E: Verilog-4163: [E:/Verilog/pango_prj/HDMI_DDR3_OV5640_test/source/rtl/hdmi_ddr_ov5640_top.v(line number: 356)] Global declarations are illegal in verilog, Enable SystemVerilog features first.
E: Verilog-4163: [E:/Verilog/pango_prj/HDMI_DDR3_OV5640_test/source/rtl/hdmi_ddr_ov5640_top.v(line number: 358)] Global declarations are illegal in verilog, Enable SystemVerilog features first.
E: Verilog-4163: [E:/Verilog/pango_prj/HDMI_DDR3_OV5640_test/source/rtl/hdmi_ddr_ov5640_top.v(line number: 359)] Global declarations are illegal in verilog, Enable SystemVerilog features first.
E: Verilog-4163: [E:/Verilog/pango_prj/HDMI_DDR3_OV5640_test/source/rtl/hdmi_ddr_ov5640_top.v(line number: 360)] Global declarations are illegal in verilog, Enable SystemVerilog features first.
E: Verilog-4163: [E:/Verilog/pango_prj/HDMI_DDR3_OV5640_test/source/rtl/hdmi_ddr_ov5640_top.v(line number: 361)] Global declarations are illegal in verilog, Enable SystemVerilog features first.
E: Verilog-4163: [E:/Verilog/pango_prj/HDMI_DDR3_OV5640_test/source/rtl/hdmi_ddr_ov5640_top.v(line number: 362)] Global declarations are illegal in verilog, Enable SystemVerilog features first.
E: Verilog-4163: [E:/Verilog/pango_prj/HDMI_DDR3_OV5640_test/source/rtl/hdmi_ddr_ov5640_top.v(line number: 366)] Global declarations are illegal in verilog, Enable SystemVerilog features first.
E: Verilog-4005: [E:/Verilog/pango_prj/HDMI_DDR3_OV5640_test/source/rtl/hdmi_ddr_ov5640_top.v(line number: 376)] Syntax error near (
E: Verilog-4163: [E:/Verilog/pango_prj/HDMI_DDR3_OV5640_test/source/rtl/hdmi_ddr_ov5640_top.v(line number: 376)] Global declarations are illegal in verilog, Enable SystemVerilog features first.
E: Verilog-4163: [E:/Verilog/pango_prj/HDMI_DDR3_OV5640_test/source/rtl/hdmi_ddr_ov5640_top.v(line number: 449)] Global declarations are illegal in verilog, Enable SystemVerilog features first.
E: Verilog-4163: [E:/Verilog/pango_prj/HDMI_DDR3_OV5640_test/source/rtl/hdmi_ddr_ov5640_top.v(line number: 452)] Global declarations are illegal in verilog, Enable SystemVerilog features first.
E: Verilog-4163: [E:/Verilog/pango_prj/HDMI_DDR3_OV5640_test/source/rtl/hdmi_ddr_ov5640_top.v(line number: 455)] Global declarations are illegal in verilog, Enable SystemVerilog features first.
E: Verilog-4163: [E:/Verilog/pango_prj/HDMI_DDR3_OV5640_test/source/rtl/hdmi_ddr_ov5640_top.v(line number: 458)] Global declarations are illegal in verilog, Enable SystemVerilog features first.
E: Verilog-4163: [E:/Verilog/pango_prj/HDMI_DDR3_OV5640_test/source/rtl/hdmi_ddr_ov5640_top.v(line number: 462)] Global declarations are illegal in verilog, Enable SystemVerilog features first.
E: Parsing ERROR.
E: Specified top module "hdmi_ddr_ov5640_top" is not found in library.
Parse module hierarchy of project 'E:/Verilog/pango_prj/HDMI_DDR3_OV5640_test/temp_projects/Main_Flow/Main_Flow.pds' (ADS Parser)
I: Flow-6004: Design file modified: "E:/Verilog/pango_prj/HDMI_DDR3_OV5640_test/source/rtl/hdmi_ddr_ov5640_top.v". 
Parse module hierarchy of project 'E:/Verilog/pango_prj/HDMI_DDR3_OV5640_test/temp_projects/Main_Flow/Main_Flow.pds' (ADS Parser)
I: Flow-6004: Design file modified: "E:/Verilog/pango_prj/HDMI_DDR3_OV5640_test/source/rtl/hdmi_ddr_ov5640_top.v". 
Parse module hierarchy of project 'E:/Verilog/pango_prj/HDMI_DDR3_OV5640_test/temp_projects/Main_Flow/Main_Flow.pds' (ADS Parser)
I: Flow-6004: Design file modified: "E:/Verilog/pango_prj/HDMI_DDR3_OV5640_test/source/rtl/hdmi_ddr_ov5640_top.v". 
File "E:/Verilog/pango_prj/HDMI_DDR3_OV5640_test/source/rtl/hdmi_in.v" has been added to project successfully. 
Parse module hierarchy of project 'E:/Verilog/pango_prj/HDMI_DDR3_OV5640_test/temp_projects/Main_Flow/Main_Flow.pds' (ADS Parser)
Parse module hierarchy of project 'E:/Verilog/pango_prj/HDMI_DDR3_OV5640_test/temp_projects/Main_Flow/Main_Flow.pds' (ADS Parser)
I: Flow-6004: Design file modified: "E:/Verilog/pango_prj/HDMI_DDR3_OV5640_test/source/rtl/hdmi_in.v". 
Parse module hierarchy of project 'E:/Verilog/pango_prj/HDMI_DDR3_OV5640_test/temp_projects/Main_Flow/Main_Flow.pds' (ADS Parser)
I: Flow-6004: Design file modified: "E:/Verilog/pango_prj/HDMI_DDR3_OV5640_test/source/rtl/hdmi_in.v". 
Parse module hierarchy of project 'E:/Verilog/pango_prj/HDMI_DDR3_OV5640_test/temp_projects/Main_Flow/Main_Flow.pds' (ADS Parser)
I: Flow-6004: Design file modified: "E:/Verilog/pango_prj/HDMI_DDR3_OV5640_test/source/rtl/hdmi_in.v". 
Parse module hierarchy of project 'E:/Verilog/pango_prj/HDMI_DDR3_OV5640_test/temp_projects/Main_Flow/Main_Flow.pds' (ADS Parser)
I: Flow-6004: Design file modified: "E:/Verilog/pango_prj/HDMI_DDR3_OV5640_test/source/rtl/hdmi_in.v". 
Parse module hierarchy of project 'E:/Verilog/pango_prj/HDMI_DDR3_OV5640_test/temp_projects/Main_Flow/Main_Flow.pds' (ADS Parser)
I: Flow-6004: Design file modified: "E:/Verilog/pango_prj/HDMI_DDR3_OV5640_test/source/rtl/hdmi_in.v". 
Parse module hierarchy of project 'E:/Verilog/pango_prj/HDMI_DDR3_OV5640_test/temp_projects/Main_Flow/Main_Flow.pds' (ADS Parser)
I: Flow-6004: Design file modified: "E:/Verilog/pango_prj/HDMI_DDR3_OV5640_test/source/rtl/hdmi_in.v". 
