#Build: Fabric Compiler 2022.2-SP1-Lite, Build 132640, Aug 18 15:10 2023
#Install: E:\pango\PDS_2022.2-SP1-Lite\bin
#Application name: pds.exe
#OS: Windows 10 10.0.22621
#Hostname: Oranoutsider
Generated by Fabric Compiler (version 2022.2-SP1-Lite build 132640) at Fri Oct 27 10:21:57 2023
Parse module hierarchy of project 'E:/Verilog/pango_prj/HDMI_DDR3_OV5640_test/temp_projects/Main_Flow/Main_Flow.pds' (ADS Parser)
Parse module hierarchy of project 'E:/Verilog/pango_prj/HDMI_DDR3_OV5640_test/temp_projects/Main_Flow/Main_Flow.pds' (ADS Parser)
I: Flow-6004: Design file modified: "E:/Verilog/pango_prj/HDMI_DDR3_OV5640_test/source/rtl/hdmi_ddr_ov5640_top.v". 
Parse module hierarchy of project 'E:/Verilog/pango_prj/HDMI_DDR3_OV5640_test/temp_projects/Main_Flow/Main_Flow.pds' (ADS Parser)
I: Flow-6004: Design file modified: "E:/Verilog/pango_prj/HDMI_DDR3_OV5640_test/source/rtl/hdmi_ddr_ov5640_top.v". 
Parse module hierarchy of project 'E:/Verilog/pango_prj/HDMI_DDR3_OV5640_test/temp_projects/Main_Flow/Main_Flow.pds' (ADS Parser)
I: Flow-6004: Design file modified: "E:/Verilog/pango_prj/HDMI_DDR3_OV5640_test/source/rtl/hdmi_ddr_ov5640_top.v". 
Parse module hierarchy of project 'E:/Verilog/pango_prj/HDMI_DDR3_OV5640_test/temp_projects/Main_Flow/Main_Flow.pds' (ADS Parser)
I: Flow-6004: Design file modified: "E:/Verilog/pango_prj/HDMI_DDR3_OV5640_test/source/rtl/hdmi_ddr_ov5640_top.v". 
Customize IP 'E:/Verilog/pango_prj/HDMI_DDR3_OV5640_test/source/rtl/DDR3_50H/DDR3_50H.idf' ...
IP Compiler exited.
File "E:/Verilog/pango_prj/HDMI_DDR3_OV5640_test/source/rtl/rd_fifo/rd_fifo/rd_fifo.idf" has been removed from project successfully. 
Parse module hierarchy of project 'E:/Verilog/pango_prj/HDMI_DDR3_OV5640_test/temp_projects/Main_Flow/Main_Flow.pds' (ADS Parser)
File "E:/Verilog/pango_prj/HDMI_DDR3_OV5640_test/source/rtl/rd_fifo/rd_fifo.idf" has been removed from project successfully. 
Parse module hierarchy of project 'E:/Verilog/pango_prj/HDMI_DDR3_OV5640_test/temp_projects/Main_Flow/Main_Flow.pds' (ADS Parser)
File "E:/Verilog/pango_prj/HDMI_DDR3_OV5640_test/ipcore/wr_fifo/wr_fifo.idf" has been removed from project successfully. 
Parse module hierarchy of project 'E:/Verilog/pango_prj/HDMI_DDR3_OV5640_test/temp_projects/Main_Flow/Main_Flow.pds' (ADS Parser)
Customize IP 'E:/Verilog/pango_prj/HDMI_DDR3_OV5640_test/source/rtl/wr_fifo/wr_fifo.idf' ...
C: Flow-2008: IP file modified: "E:/Verilog/pango_prj/HDMI_DDR3_OV5640_test/source/rtl/wr_fifo/wr_fifo.idf". 
Parse module hierarchy of project 'E:/Verilog/pango_prj/HDMI_DDR3_OV5640_test/temp_projects/Main_Flow/Main_Flow.pds' (ADS Parser)
IP Compiler exited.
Customize IP 'E:/Verilog/pango_prj/HDMI_DDR3_OV5640_test/ipcore/rd_fifo/rd_fifo.idf' ...
Parse module hierarchy of project 'E:/Verilog/pango_prj/HDMI_DDR3_OV5640_test/temp_projects/Main_Flow/Main_Flow.pds' (ADS Parser)
Parse module hierarchy of project 'E:/Verilog/pango_prj/HDMI_DDR3_OV5640_test/temp_projects/Main_Flow/Main_Flow.pds' (ADS Parser)
IP Compiler exited.
C: Flow-2007: IP file missing: "E:/Verilog/pango_prj/HDMI_DDR3_OV5640_test/ipcore/rd_fifo/rd_fifo.idf". 
Parse module hierarchy of project 'E:/Verilog/pango_prj/HDMI_DDR3_OV5640_test/temp_projects/Main_Flow/Main_Flow.pds' (ADS Parser)
E: FileSystem-0003: Read file 'E:/Verilog/pango_prj/HDMI_DDR3_OV5640_test/ipcore/rd_fifo/rtl/ipml_fifo_ctrl_v1_3.v' failed.
Parse module hierarchy of project 'E:/Verilog/pango_prj/HDMI_DDR3_OV5640_test/temp_projects/Main_Flow/Main_Flow.pds' (TEXT Parser)
E: Cannot decrypt protected key_block for key owner Pango Microsystems, key name PANGO_21. Error code is 10.
E: Cannot decrypt protected key_block for key owner Pango Microsystems, key name PANGO_21. Error code is 10.
E: Cannot decrypt protected key_block for key owner Pango Microsystems, key name PANGO_21. Error code is 10.
E: Cannot decrypt protected key_block for key owner Pango Microsystems, key name PANGO_21. Error code is 10.
E: Cannot decrypt protected key_block for key owner Pango Microsystems, key name PANGO_21. Error code is 10.
E: Cannot decrypt protected key_block for key owner Pango Microsystems, key name PANGO_21. Error code is 10.
E: Cannot decrypt protected key_block for key owner Pango Microsystems, key name PANGO_21. Error code is 10.
E: Cannot decrypt protected key_block for key owner Pango Microsystems, key name PANGO_21. Error code is 10.
E: Cannot decrypt protected key_block for key owner Pango Microsystems, key name PANGO_21. Error code is 10.
E: Cannot decrypt protected key_block for key owner Pango Microsystems, key name PANGO_21. Error code is 10.
E: Cannot decrypt protected key_block for key owner Pango Microsystems, key name PANGO_21. Error code is 10.
E: Cannot decrypt protected key_block for key owner Pango Microsystems, key name PANGO_21. Error code is 10.
E: Cannot decrypt protected key_block for key owner Pango Microsystems, key name PANGO_21. Error code is 10.
E: Cannot decrypt protected key_block for key owner Pango Microsystems, key name PANGO_21. Error code is 10.
E: Cannot decrypt protected key_block for key owner Pango Microsystems, key name PANGO_21. Error code is 10.
E: Cannot decrypt protected key_block for key owner Pango Microsystems, key name PANGO_21. Error code is 10.
E: Cannot decrypt protected key_block for key owner Pango Microsystems, key name PANGO_21. Error code is 10.
E: Cannot decrypt protected key_block for key owner Pango Microsystems, key name PANGO_21. Error code is 10.
E: Cannot decrypt protected key_block for key owner Pango Microsystems, key name PANGO_21. Error code is 10.
E: Cannot decrypt protected key_block for key owner Pango Microsystems, key name PANGO_21. Error code is 10.
E: Cannot decrypt protected key_block for key owner Pango Microsystems, key name PANGO_21. Error code is 10.
E: Cannot decrypt protected key_block for key owner Pango Microsystems, key name PANGO_21. Error code is 10.
E: Cannot decrypt protected key_block for key owner Pango Microsystems, key name PANGO_21. Error code is 10.
E: Cannot decrypt protected key_block for key owner Pango Microsystems, key name PANGO_21. Error code is 10.
E: Cannot decrypt protected key_block for key owner Pango Microsystems, key name PANGO_21. Error code is 10.
E: Cannot decrypt protected key_block for key owner Pango Microsystems, key name PANGO_21. Error code is 10.
E: Cannot decrypt protected key_block for key owner Pango Microsystems, key name PANGO_21. Error code is 10.
E: Cannot decrypt protected key_block for key owner Pango Microsystems, key name PANGO_21. Error code is 10.
E: Cannot decrypt protected key_block for key owner Pango Microsystems, key name PANGO_21. Error code is 10.
E: Cannot decrypt protected key_block for key owner Pango Microsystems, key name PANGO_21. Error code is 10.
E: Cannot decrypt protected key_block for key owner Pango Microsystems, key name PANGO_21. Error code is 10.
E: Cannot decrypt protected key_block for key owner Pango Microsystems, key name PANGO_21. Error code is 10.
E: Cannot decrypt protected key_block for key owner Pango Microsystems, key name PANGO_21. Error code is 10.
E: Cannot decrypt protected key_block for key owner Pango Microsystems, key name PANGO_21. Error code is 10.
E: Cannot decrypt protected key_block for key owner Pango Microsystems, key name PANGO_21. Error code is 10.
E: Cannot decrypt protected key_block for key owner Pango Microsystems, key name PANGO_21. Error code is 10.
E: Cannot decrypt protected key_block for key owner Pango Microsystems, key name PANGO_21. Error code is 10.
E: Cannot decrypt protected key_block for key owner Pango Microsystems, key name PANGO_21. Error code is 10.
E: Cannot decrypt protected key_block for key owner Pango Microsystems, key name PANGO_21. Error code is 10.
E: Cannot decrypt protected key_block for key owner Pango Microsystems, key name PANGO_21. Error code is 10.
E: Cannot decrypt protected key_block for key owner Pango Microsystems, key name PANGO_21. Error code is 10.
E: Cannot decrypt protected key_block for key owner Pango Microsystems, key name PANGO_21. Error code is 10.
E: Cannot decrypt protected key_block for key owner Pango Microsystems, key name PANGO_21. Error code is 10.
E: Cannot decrypt protected key_block for key owner Pango Microsystems, key name PANGO_21. Error code is 10.
E: Cannot decrypt protected key_block for key owner Pango Microsystems, key name PANGO_21. Error code is 10.
E: Cannot decrypt protected key_block for key owner Pango Microsystems, key name PANGO_21. Error code is 10.
E: Cannot decrypt protected key_block for key owner Pango Microsystems, key name PANGO_21. Error code is 10.
E: Cannot decrypt protected key_block for key owner Pango Microsystems, key name PANGO_21. Error code is 10.
E: Cannot decrypt protected key_block for key owner Pango Microsystems, key name PANGO_21. Error code is 10.
E: Cannot decrypt protected key_block for key owner Pango Microsystems, key name PANGO_21. Error code is 10.
E: Cannot decrypt protected key_block for key owner Pango Microsystems, key name PANGO_21. Error code is 10.
E: Cannot decrypt protected key_block for key owner Pango Microsystems, key name PANGO_21. Error code is 10.
E: Cannot decrypt protected key_block for key owner Pango Microsystems, key name PANGO_21. Error code is 10.
E: Cannot decrypt protected key_block for key owner Pango Microsystems, key name PANGO_21. Error code is 10.
E: Cannot decrypt protected key_block for key owner Pango Microsystems, key name PANGO_21. Error code is 10.
E: Cannot decrypt protected key_block for key owner Pango Microsystems, key name PANGO_21. Error code is 10.
E: Cannot decrypt protected key_block for key owner Pango Microsystems, key name PANGO_21. Error code is 10.
C: Flow-2008: IP file modified: "E:/Verilog/pango_prj/HDMI_DDR3_OV5640_test/ipcore/rd_fifo/rd_fifo.idf". 
Parse module hierarchy of project 'E:/Verilog/pango_prj/HDMI_DDR3_OV5640_test/temp_projects/Main_Flow/Main_Flow.pds' (ADS Parser)
Customize IP 'E:/Verilog/pango_prj/HDMI_DDR3_OV5640_test/ipcore/rd_fifo/rd_fifo.idf' ...
C: Flow-2008: IP file modified: "E:/Verilog/pango_prj/HDMI_DDR3_OV5640_test/ipcore/rd_fifo/rd_fifo.idf". 
Parse module hierarchy of project 'E:/Verilog/pango_prj/HDMI_DDR3_OV5640_test/temp_projects/Main_Flow/Main_Flow.pds' (ADS Parser)
Customize IP 'E:/Verilog/pango_prj/HDMI_DDR3_OV5640_test/source/rtl/wr_fifo/wr_fifo.idf' ...
C: Flow-2008: IP file modified: "E:/Verilog/pango_prj/HDMI_DDR3_OV5640_test/source/rtl/wr_fifo/wr_fifo.idf". 
Parse module hierarchy of project 'E:/Verilog/pango_prj/HDMI_DDR3_OV5640_test/temp_projects/Main_Flow/Main_Flow.pds' (ADS Parser)
IP Compiler exited.
File "E:/Verilog/pango_prj/HDMI_DDR3_OV5640_test/ipcore/rd_fifo/rd_fifo.idf" has been removed from project successfully. 
Parse module hierarchy of project 'E:/Verilog/pango_prj/HDMI_DDR3_OV5640_test/temp_projects/Main_Flow/Main_Flow.pds' (ADS Parser)
Customize IP 'E:/Verilog/pango_prj/HDMI_DDR3_OV5640_test/source/rtl/rd_fifo/rd_fifo.idf' ...
C: Flow-2008: IP file modified: "E:/Verilog/pango_prj/HDMI_DDR3_OV5640_test/source/rtl/rd_fifo/rd_fifo.idf". 
Parse module hierarchy of project 'E:/Verilog/pango_prj/HDMI_DDR3_OV5640_test/temp_projects/Main_Flow/Main_Flow.pds' (ADS Parser)
IP Compiler exited.
IP Compiler exited.
Customize IP 'E:/Verilog/pango_prj/HDMI_DDR3_OV5640_test/source/rtl/DDR3_50H/DDR3_50H.idf' ...
IP Compiler exited.
Customize IP 'E:/Verilog/pango_prj/HDMI_DDR3_OV5640_test/source/rtl/pll/pll.idf' ...
IP Compiler exited.
Customize IP 'E:/Verilog/pango_prj/HDMI_DDR3_OV5640_test/source/rtl/DDR3_50H/DDR3_50H.idf' ...
Parse module hierarchy of project 'E:/Verilog/pango_prj/HDMI_DDR3_OV5640_test/temp_projects/Main_Flow/Main_Flow.pds' (ADS Parser)
Parse module hierarchy of project 'E:/Verilog/pango_prj/HDMI_DDR3_OV5640_test/temp_projects/Main_Flow/Main_Flow.pds' (ADS Parser)
Parse module hierarchy of project 'E:/Verilog/pango_prj/HDMI_DDR3_OV5640_test/temp_projects/Main_Flow/Main_Flow.pds' (ADS Parser)
IP Compiler exited.
