#Build: Fabric Compiler 2022.1, Build 99559, Jul 12 00:20 2022
#Install: D:\pango\PDS_2022.1\bin
#Application name: pds.exe
#OS: Windows 7 6.1.7600
#Hostname: admin
Generated by Fabric Compiler (version 2022.1 build 99559) at Thu Mar 30 10:25:11 2023
Parse module hierarchy of project 'C:/Users/w/Desktop/MES50HP/MES50HP/MES50HP_v2/2_Demo/10_HDMI_DDR3_OV5640_test/temp_projects/Main_Flow/Main_Flow.pds' (ADS Parser)


Process "Generate Bitstream" started.
Current time: Thu Mar 30 10:25:50 2023
Compiling architecture definition.
Analyzing project file 'C:/Users/w/Desktop/MES50HP/MES50HP/MES50HP_v2/2_Demo/10_HDMI_DDR3_OV5640_test/HDMI_DDR3_OV5640_test.pds'.
Compiling verification operator library.
Compiling common defs.
Compiling prim grid devices.
Compiling gate devices.
Compiling gate operators.
Building architecture model.
Loading device packaging model.
Reading design from DB.
Start Generating Programming File...
Reading design from DB takes 1.125000 sec.
Generating architecture configuration.
The bitstream file is "C:/Users/w/Desktop/MES50HP/MES50HP/MES50HP_v2/2_Demo/10_HDMI_DDR3_OV5640_test/generate_bitstream/hdmi_ddr_ov5640_top.sbit"
Generate programming file takes 11.312500 sec.
Generating Programming File done.
Action gen_bit_stream: Real time elapsed is 0h:0m:17s
Action gen_bit_stream: CPU time elapsed is 0h:0m:16s
Action gen_bit_stream: Process CPU time elapsed is 0h:0m:16s
Current time: Thu Mar 30 10:26:07 2023
Action gen_bit_stream: Peak memory pool usage is 729 MB
Process "Generate Bitstream" done.
Process exit normally.
