#Build: Fabric Compiler 2022.2-SP1-Lite, Build 132640, Aug 18 15:12 2023
#Install: D:\Software\PDS_2022.2-SP1-Lite\bin
#Application name: pds_shell.exe
#OS: Windows 10 10.0.19044
#Hostname: Tai-Kang
Generated by Fabric Compiler (version 2022.2-SP1-Lite build 132640) at Thu Nov  9 22:00:48 2023
Compiling verification operator library.
Compiling common defs.
Compiling prim grid devices.
Compiling gate devices.
Compiling gate operators.
Building architecture model.
Loading device packaging model.
Reading design from DB.
Start Generating Programming File...
Reading design from DB takes 4.093750 sec.
Generating architecture configuration.
The bitstream file is "C:/Users/Kang/Desktop/ovMERGES/pixel-box/generate_bitstream/hdmi_ddr_ov5640_top.sbit"
Generate programming file takes 26.843750 sec.
Generating Programming File done.
Action gen_bit_stream: Real time elapsed is 0h:0m:36s
Action gen_bit_stream: CPU time elapsed is 0h:0m:36s
Action gen_bit_stream: Process CPU time elapsed is 0h:0m:36s
Current time: Thu Nov  9 22:01:22 2023
Action gen_bit_stream: Peak memory pool usage is 910 MB
