#Build: Fabric Compiler 2022.2-SP1-Lite, Build 132640, Aug 18 15:12 2023
#Install: E:\pango\PDS_2022.2-SP1-Lite\bin
#Application name: pds_shell.exe
#OS: Windows 10 10.0.22621
#Hostname: Oranoutsider
Generated by Fabric Compiler (version 2022.2-SP1-Lite build 132640) at Sun Oct 29 06:45:11 2023
Compiling verification operator library.
Compiling common defs.
Compiling prim grid devices.
Compiling gate devices.
Compiling gate operators.
Building architecture model.
Loading device packaging model.
Reading design from DB.
Start Generating Programming File...
Reading design from DB takes 1.281250 sec.
Generating architecture configuration.
The bitstream file is "E:/Verilog/pango_prj/HDMI_DDR3_OV5640_test/generate_bitstream/hdmi_ddr_ov5640_top.sbit"
Generate programming file takes 6.718750 sec.
Generating Programming File done.
Action gen_bit_stream: Real time elapsed is 0h:0m:21s
Action gen_bit_stream: CPU time elapsed is 0h:0m:11s
Action gen_bit_stream: Process CPU time elapsed is 0h:0m:11s
Current time: Sun Oct 29 06:45:30 2023
Action gen_bit_stream: Peak memory pool usage is 859 MB
