#Build: Fabric Compiler 2022.2-SP1-Lite, Build 132640, Aug 18 15:12 2023
#Install: E:\pango\PDS_2022.2-SP1-Lite\bin
#Application name: pds_shell.exe
#OS: Windows 10 10.0.22621
#Hostname: Oranoutsider
Generated by Fabric Compiler (version 2022.2-SP1-Lite build 132640) at Sat Oct 28 12:59:30 2023
Compiling verification operator library.
Compiling common defs.
Loading technology operator library.
Compiling technology operator library.
Compiling technology operator (valence) library.
Compiling operator packing rules.
Compiling prim grid devices.
Compiling gate devices.
Compiling gate operators.
Compiling tech operator impls.
Building architecture model.
Loading device packaging model.
C: SDC-2025: Clock source 'n:coms1_reg_config/clock_20k' need a clock constraint, please use 'create_clock' or 'create_generate_clock' to generate.
Flattening design 'hdmi_ddr_ov5640_top'
W: Public-4008: Instance 'u_DDR3_50H/u_ddrphy_top/ddrphy_slice_top/u_slice_rddata_align/dqs_read_data_r[1]' of 'GTP_DFF_C' unit is dangling and will be cleaned.
W: Public-4008: Instance 'u_DDR3_50H/u_ddrphy_top/ddrphy_slice_top/u_slice_rddata_align/dqs_read_data_r[3]' of 'GTP_DFF_C' unit is dangling and will be cleaned.
W: Public-4008: Instance 'u_DDR3_50H/u_ddrphy_top/ddrphy_slice_top/u_slice_rddata_align/dqs_read_data_r[5]' of 'GTP_DFF_C' unit is dangling and will be cleaned.
W: Public-4008: Instance 'u_DDR3_50H/u_ddrphy_top/ddrphy_slice_top/u_slice_rddata_align/dqs_read_data_r[7]' of 'GTP_DFF_C' unit is dangling and will be cleaned.
W: Public-4008: Instance 'u_DDR3_50H/u_ddrphy_top/ddrphy_slice_top/u_slice_rddata_align/dqs_read_data_r[9]' of 'GTP_DFF_C' unit is dangling and will be cleaned.
W: Public-4008: Instance 'u_DDR3_50H/u_ddrphy_top/ddrphy_slice_top/u_slice_rddata_align/dqs_read_data_r[11]' of 'GTP_DFF_C' unit is dangling and will be cleaned.
W: Public-4008: Instance 'u_DDR3_50H/u_ddrphy_top/ddrphy_slice_top/u_slice_rddata_align/dqs_read_data_r[13]' of 'GTP_DFF_C' unit is dangling and will be cleaned.
W: Public-4008: Instance 'u_DDR3_50H/u_ddrphy_top/ddrphy_slice_top/u_slice_rddata_align/dqs_read_data_r[15]' of 'GTP_DFF_C' unit is dangling and will be cleaned.
W: Public-4008: Instance 'u_DDR3_50H/u_ddrphy_top/ddrphy_slice_top/u_slice_rddata_align/dqs_read_data_r[17]' of 'GTP_DFF_C' unit is dangling and will be cleaned.
W: Public-4008: Instance 'u_DDR3_50H/u_ddrphy_top/ddrphy_slice_top/u_slice_rddata_align/dqs_read_data_r[19]' of 'GTP_DFF_C' unit is dangling and will be cleaned.
W: Public-4008: Instance 'u_DDR3_50H/u_ddrphy_top/ddrphy_slice_top/u_slice_rddata_align/dqs_read_data_r[21]' of 'GTP_DFF_C' unit is dangling and will be cleaned.
W: Public-4008: Instance 'u_DDR3_50H/u_ddrphy_top/ddrphy_slice_top/u_slice_rddata_align/dqs_read_data_r[23]' of 'GTP_DFF_C' unit is dangling and will be cleaned.
W: Public-4008: Instance 'u_DDR3_50H/u_ddrphy_top/ddrphy_slice_top/u_slice_rddata_align/dqs_read_data_r[25]' of 'GTP_DFF_C' unit is dangling and will be cleaned.
W: Public-4008: Instance 'u_DDR3_50H/u_ddrphy_top/ddrphy_slice_top/u_slice_rddata_align/dqs_read_data_r[27]' of 'GTP_DFF_C' unit is dangling and will be cleaned.
W: Public-4008: Instance 'u_DDR3_50H/u_ddrphy_top/ddrphy_slice_top/u_slice_rddata_align/dqs_read_data_r[29]' of 'GTP_DFF_C' unit is dangling and will be cleaned.
W: Public-4008: Instance 'u_DDR3_50H/u_ddrphy_top/ddrphy_slice_top/u_slice_rddata_align/dqs_read_data_r[31]' of 'GTP_DFF_C' unit is dangling and will be cleaned.
W: Public-4008: Instance 'u_DDR3_50H/u_ddrphy_top/ddrphy_slice_top/u_slice_rddata_align/dqs_read_data_r[33]' of 'GTP_DFF_C' unit is dangling and will be cleaned.
W: Public-4008: Instance 'u_DDR3_50H/u_ddrphy_top/ddrphy_slice_top/u_slice_rddata_align/dqs_read_data_r[35]' of 'GTP_DFF_C' unit is dangling and will be cleaned.
W: Public-4008: Instance 'u_DDR3_50H/u_ddrphy_top/ddrphy_slice_top/u_slice_rddata_align/dqs_read_data_r[37]' of 'GTP_DFF_C' unit is dangling and will be cleaned.
W: Public-4008: Instance 'u_DDR3_50H/u_ddrphy_top/ddrphy_slice_top/u_slice_rddata_align/dqs_read_data_r[39]' of 'GTP_DFF_C' unit is dangling and will be cleaned.
W: Public-4008: Instance 'u_DDR3_50H/u_ddrphy_top/ddrphy_slice_top/u_slice_rddata_align/dqs_read_data_r[41]' of 'GTP_DFF_C' unit is dangling and will be cleaned.
W: Public-4008: Instance 'u_DDR3_50H/u_ddrphy_top/ddrphy_slice_top/u_slice_rddata_align/dqs_read_data_r[43]' of 'GTP_DFF_C' unit is dangling and will be cleaned.
W: Public-4008: Instance 'u_DDR3_50H/u_ddrphy_top/ddrphy_slice_top/u_slice_rddata_align/dqs_read_data_r[45]' of 'GTP_DFF_C' unit is dangling and will be cleaned.
W: Public-4008: Instance 'u_DDR3_50H/u_ddrphy_top/ddrphy_slice_top/u_slice_rddata_align/dqs_read_data_r[47]' of 'GTP_DFF_C' unit is dangling and will be cleaned.
W: Public-4008: Instance 'u_DDR3_50H/u_ddrphy_top/ddrphy_slice_top/u_slice_rddata_align/dqs_read_data_r[49]' of 'GTP_DFF_C' unit is dangling and will be cleaned.
W: Public-4008: Instance 'u_DDR3_50H/u_ddrphy_top/ddrphy_slice_top/u_slice_rddata_align/dqs_read_data_r[51]' of 'GTP_DFF_C' unit is dangling and will be cleaned.
W: Public-4008: Instance 'u_DDR3_50H/u_ddrphy_top/ddrphy_slice_top/u_slice_rddata_align/dqs_read_data_r[53]' of 'GTP_DFF_C' unit is dangling and will be cleaned.
W: Public-4008: Instance 'u_DDR3_50H/u_ddrphy_top/ddrphy_slice_top/u_slice_rddata_align/dqs_read_data_r[55]' of 'GTP_DFF_C' unit is dangling and will be cleaned.
W: Public-4008: Instance 'u_DDR3_50H/u_ddrphy_top/ddrphy_slice_top/u_slice_rddata_align/dqs_read_data_r[57]' of 'GTP_DFF_C' unit is dangling and will be cleaned.
W: Public-4008: Instance 'u_DDR3_50H/u_ddrphy_top/ddrphy_slice_top/u_slice_rddata_align/dqs_read_data_r[59]' of 'GTP_DFF_C' unit is dangling and will be cleaned.
W: Public-4008: Instance 'u_DDR3_50H/u_ddrphy_top/ddrphy_slice_top/u_slice_rddata_align/dqs_read_data_r[61]' of 'GTP_DFF_C' unit is dangling and will be cleaned.
W: Public-4008: Instance 'u_DDR3_50H/u_ddrphy_top/ddrphy_slice_top/u_slice_rddata_align/dqs_read_data_r[63]' of 'GTP_DFF_C' unit is dangling and will be cleaned.
W: Public-4008: Instance 'u_DDR3_50H/u_ddrphy_top/ddrphy_slice_top/u_slice_rddata_align/dqs_read_data_r[65]' of 'GTP_DFF_C' unit is dangling and will be cleaned.
W: Public-4008: Instance 'u_DDR3_50H/u_ddrphy_top/ddrphy_slice_top/u_slice_rddata_align/dqs_read_data_r[67]' of 'GTP_DFF_C' unit is dangling and will be cleaned.
W: Public-4008: Instance 'u_DDR3_50H/u_ddrphy_top/ddrphy_slice_top/u_slice_rddata_align/dqs_read_data_r[69]' of 'GTP_DFF_C' unit is dangling and will be cleaned.
W: Public-4008: Instance 'u_DDR3_50H/u_ddrphy_top/ddrphy_slice_top/u_slice_rddata_align/dqs_read_data_r[71]' of 'GTP_DFF_C' unit is dangling and will be cleaned.
W: Public-4008: Instance 'u_DDR3_50H/u_ddrphy_top/ddrphy_slice_top/u_slice_rddata_align/dqs_read_data_r[73]' of 'GTP_DFF_C' unit is dangling and will be cleaned.
W: Public-4008: Instance 'u_DDR3_50H/u_ddrphy_top/ddrphy_slice_top/u_slice_rddata_align/dqs_read_data_r[75]' of 'GTP_DFF_C' unit is dangling and will be cleaned.
W: Public-4008: Instance 'u_DDR3_50H/u_ddrphy_top/ddrphy_slice_top/u_slice_rddata_align/dqs_read_data_r[77]' of 'GTP_DFF_C' unit is dangling and will be cleaned.
W: Public-4008: Instance 'u_DDR3_50H/u_ddrphy_top/ddrphy_slice_top/u_slice_rddata_align/dqs_read_data_r[79]' of 'GTP_DFF_C' unit is dangling and will be cleaned.
W: Public-4008: Instance 'u_DDR3_50H/u_ddrphy_top/ddrphy_slice_top/u_slice_rddata_align/dqs_read_data_r[81]' of 'GTP_DFF_C' unit is dangling and will be cleaned.
W: Public-4008: Instance 'u_DDR3_50H/u_ddrphy_top/ddrphy_slice_top/u_slice_rddata_align/dqs_read_data_r[83]' of 'GTP_DFF_C' unit is dangling and will be cleaned.
W: Public-4008: Instance 'u_DDR3_50H/u_ddrphy_top/ddrphy_slice_top/u_slice_rddata_align/dqs_read_data_r[85]' of 'GTP_DFF_C' unit is dangling and will be cleaned.
W: Public-4008: Instance 'u_DDR3_50H/u_ddrphy_top/ddrphy_slice_top/u_slice_rddata_align/dqs_read_data_r[87]' of 'GTP_DFF_C' unit is dangling and will be cleaned.
W: Public-4008: Instance 'u_DDR3_50H/u_ddrphy_top/ddrphy_slice_top/u_slice_rddata_align/dqs_read_data_r[89]' of 'GTP_DFF_C' unit is dangling and will be cleaned.
W: Public-4008: Instance 'u_DDR3_50H/u_ddrphy_top/ddrphy_slice_top/u_slice_rddata_align/dqs_read_data_r[91]' of 'GTP_DFF_C' unit is dangling and will be cleaned.
W: Public-4008: Instance 'u_DDR3_50H/u_ddrphy_top/ddrphy_slice_top/u_slice_rddata_align/dqs_read_data_r[93]' of 'GTP_DFF_C' unit is dangling and will be cleaned.
W: Public-4008: Instance 'u_DDR3_50H/u_ddrphy_top/ddrphy_slice_top/u_slice_rddata_align/dqs_read_data_r[95]' of 'GTP_DFF_C' unit is dangling and will be cleaned.
W: Public-4008: Instance 'u_DDR3_50H/u_ddrphy_top/ddrphy_slice_top/u_slice_rddata_align/dqs_read_data_r[97]' of 'GTP_DFF_C' unit is dangling and will be cleaned.
W: Public-4008: Instance 'u_DDR3_50H/u_ddrphy_top/ddrphy_slice_top/u_slice_rddata_align/dqs_read_data_r[99]' of 'GTP_DFF_C' unit is dangling and will be cleaned.
W: Public-4008: Instance 'u_DDR3_50H/u_ddrphy_top/ddrphy_slice_top/u_slice_rddata_align/dqs_read_data_r[101]' of 'GTP_DFF_C' unit is dangling and will be cleaned.
W: Public-4008: Instance 'u_DDR3_50H/u_ddrphy_top/ddrphy_slice_top/u_slice_rddata_align/dqs_read_data_r[103]' of 'GTP_DFF_C' unit is dangling and will be cleaned.
W: Public-4008: Instance 'u_DDR3_50H/u_ddrphy_top/ddrphy_slice_top/u_slice_rddata_align/dqs_read_data_r[105]' of 'GTP_DFF_C' unit is dangling and will be cleaned.
W: Public-4008: Instance 'u_DDR3_50H/u_ddrphy_top/ddrphy_slice_top/u_slice_rddata_align/dqs_read_data_r[107]' of 'GTP_DFF_C' unit is dangling and will be cleaned.
W: Public-4008: Instance 'u_DDR3_50H/u_ddrphy_top/ddrphy_slice_top/u_slice_rddata_align/dqs_read_data_r[109]' of 'GTP_DFF_C' unit is dangling and will be cleaned.
W: Public-4008: Instance 'u_DDR3_50H/u_ddrphy_top/ddrphy_slice_top/u_slice_rddata_align/dqs_read_data_r[111]' of 'GTP_DFF_C' unit is dangling and will be cleaned.
W: Public-4008: Instance 'u_DDR3_50H/u_ddrphy_top/ddrphy_slice_top/u_slice_rddata_align/dqs_read_data_r[113]' of 'GTP_DFF_C' unit is dangling and will be cleaned.
W: Public-4008: Instance 'u_DDR3_50H/u_ddrphy_top/ddrphy_slice_top/u_slice_rddata_align/dqs_read_data_r[115]' of 'GTP_DFF_C' unit is dangling and will be cleaned.
W: Public-4008: Instance 'u_DDR3_50H/u_ddrphy_top/ddrphy_slice_top/u_slice_rddata_align/dqs_read_data_r[117]' of 'GTP_DFF_C' unit is dangling and will be cleaned.
W: Public-4008: Instance 'u_DDR3_50H/u_ddrphy_top/ddrphy_slice_top/u_slice_rddata_align/dqs_read_data_r[119]' of 'GTP_DFF_C' unit is dangling and will be cleaned.
W: Public-4008: Instance 'u_DDR3_50H/u_ddrphy_top/ddrphy_slice_top/u_slice_rddata_align/dqs_read_data_r[121]' of 'GTP_DFF_C' unit is dangling and will be cleaned.
W: Public-4008: Instance 'u_DDR3_50H/u_ddrphy_top/ddrphy_slice_top/u_slice_rddata_align/dqs_read_data_r[123]' of 'GTP_DFF_C' unit is dangling and will be cleaned.
W: Public-4008: Instance 'u_DDR3_50H/u_ddrphy_top/ddrphy_slice_top/u_slice_rddata_align/dqs_read_data_r[125]' of 'GTP_DFF_C' unit is dangling and will be cleaned.
W: Public-4008: Instance 'u_DDR3_50H/u_ddrphy_top/ddrphy_slice_top/u_slice_rddata_align/dqs_read_data_r[127]' of 'GTP_DFF_C' unit is dangling and will be cleaned.
Device mapping started.
Optimizing circuit logic.
W: Public-4008: Instance 'ms72xx_ctl/iic_dri_rx/busy' of 'GTP_DFF' unit is dangling and will be cleaned.
W: Public-4008: Instance 'ms72xx_ctl/iic_dri_rx/fre_cnt[0]' of 'GTP_DFF_R' unit is dangling and will be cleaned.
W: Public-4008: Instance 'ms72xx_ctl/iic_dri_rx/fre_cnt[1]' of 'GTP_DFF_R' unit is dangling and will be cleaned.
W: Public-4008: Instance 'ms72xx_ctl/iic_dri_rx/fre_cnt[2]' of 'GTP_DFF_R' unit is dangling and will be cleaned.
W: Public-4008: Instance 'ms72xx_ctl/iic_dri_rx/fre_cnt[3]' of 'GTP_DFF_R' unit is dangling and will be cleaned.
W: Public-4008: Instance 'ms72xx_ctl/iic_dri_rx/fre_cnt[4]' of 'GTP_DFF_R' unit is dangling and will be cleaned.
W: Public-4008: Instance 'ms72xx_ctl/iic_dri_rx/pluse_1d' of 'GTP_DFF_R' unit is dangling and will be cleaned.
W: Public-4008: Instance 'ms72xx_ctl/iic_dri_rx/pluse_2d' of 'GTP_DFF_R' unit is dangling and will be cleaned.
W: Public-4008: Instance 'ms72xx_ctl/iic_dri_rx/pluse_3d' of 'GTP_DFF_R' unit is dangling and will be cleaned.
W: Public-4008: Instance 'ms72xx_ctl/iic_dri_rx/scl_out' of 'GTP_DFF_S' unit is dangling and will be cleaned.
W: Public-4008: Instance 'ms72xx_ctl/iic_dri_rx/sda_out' of 'GTP_DFF_S' unit is dangling and will be cleaned.
W: Public-4008: Instance 'ms72xx_ctl/iic_dri_rx/send_data[0]' of 'GTP_DFF_E' unit is dangling and will be cleaned.
W: Public-4008: Instance 'ms72xx_ctl/iic_dri_rx/send_data[1]' of 'GTP_DFF_E' unit is dangling and will be cleaned.
W: Public-4008: Instance 'ms72xx_ctl/iic_dri_rx/send_data[2]' of 'GTP_DFF_E' unit is dangling and will be cleaned.
W: Public-4008: Instance 'ms72xx_ctl/iic_dri_rx/send_data[3]' of 'GTP_DFF_E' unit is dangling and will be cleaned.
W: Public-4008: Instance 'ms72xx_ctl/iic_dri_rx/send_data[4]' of 'GTP_DFF_E' unit is dangling and will be cleaned.
W: Public-4008: Instance 'ms72xx_ctl/iic_dri_rx/send_data[6]' of 'GTP_DFF_E' unit is dangling and will be cleaned.
W: Public-4008: Instance 'ms72xx_ctl/iic_dri_rx/send_data[7]' of 'GTP_DFF_E' unit is dangling and will be cleaned.
W: Public-4008: Instance 'ms72xx_ctl/iic_dri_rx/start_en' of 'GTP_DFF' unit is dangling and will be cleaned.
W: Public-4008: Instance 'ms72xx_ctl/iic_dri_rx/state_reg[0]' of 'GTP_DFF_S' unit is dangling and will be cleaned.
W: Public-4008: Instance 'ms72xx_ctl/iic_dri_rx/state_reg[1]' of 'GTP_DFF_R' unit is dangling and will be cleaned.
W: Public-4008: Instance 'ms72xx_ctl/iic_dri_rx/state_reg[2]' of 'GTP_DFF_R' unit is dangling and will be cleaned.
W: Public-4008: Instance 'ms72xx_ctl/iic_dri_rx/state_reg[3]' of 'GTP_DFF_R' unit is dangling and will be cleaned.
W: Public-4008: Instance 'ms72xx_ctl/iic_dri_rx/state_reg[4]' of 'GTP_DFF_R' unit is dangling and will be cleaned.
W: Public-4008: Instance 'ms72xx_ctl/iic_dri_rx/state_reg[5]' of 'GTP_DFF_R' unit is dangling and will be cleaned.
W: Public-4008: Instance 'ms72xx_ctl/iic_dri_rx/state_reg[6]' of 'GTP_DFF_R' unit is dangling and will be cleaned.
W: Public-4008: Instance 'ms72xx_ctl/iic_dri_rx/trans_bit[0]' of 'GTP_DFF_RE' unit is dangling and will be cleaned.
W: Public-4008: Instance 'ms72xx_ctl/iic_dri_rx/trans_bit[1]' of 'GTP_DFF_RE' unit is dangling and will be cleaned.
W: Public-4008: Instance 'ms72xx_ctl/iic_dri_rx/trans_bit[2]' of 'GTP_DFF_RE' unit is dangling and will be cleaned.
W: Public-4008: Instance 'ms72xx_ctl/iic_dri_rx/trans_byte[0]' of 'GTP_DFF_RE' unit is dangling and will be cleaned.
W: Public-4008: Instance 'ms72xx_ctl/iic_dri_rx/trans_byte[1]' of 'GTP_DFF_RE' unit is dangling and will be cleaned.
W: Public-4008: Instance 'ms72xx_ctl/iic_dri_rx/trans_byte[2]' of 'GTP_DFF_RE' unit is dangling and will be cleaned.
W: Public-4008: Instance 'ms72xx_ctl/iic_dri_rx/trans_byte[3]' of 'GTP_DFF_RE' unit is dangling and will be cleaned.
W: Public-4008: Instance 'ms72xx_ctl/iic_dri_rx/trans_byte_max[0]' of 'GTP_DFF_E' unit is dangling and will be cleaned.
W: Public-4008: Instance 'ms72xx_ctl/iic_dri_rx/trans_byte_max[2]' of 'GTP_DFF_E' unit is dangling and will be cleaned.
W: Public-4008: Instance 'ms72xx_ctl/iic_dri_rx/trans_en' of 'GTP_DFF' unit is dangling and will be cleaned.
W: Public-4008: Instance 'ms72xx_ctl/iic_dri_rx/twr_cnt[0]' of 'GTP_DFF_E' unit is dangling and will be cleaned.
W: Public-4008: Instance 'ms72xx_ctl/iic_dri_rx/twr_cnt[1]' of 'GTP_DFF_E' unit is dangling and will be cleaned.
W: Public-4008: Instance 'ms72xx_ctl/iic_dri_rx/twr_cnt[2]' of 'GTP_DFF_E' unit is dangling and will be cleaned.
W: Public-4008: Instance 'ms72xx_ctl/iic_dri_rx/twr_cnt[3]' of 'GTP_DFF_E' unit is dangling and will be cleaned.
W: Public-4008: Instance 'ms72xx_ctl/iic_dri_rx/twr_en' of 'GTP_DFF' unit is dangling and will be cleaned.
W: Public-4008: Instance 'ms72xx_ctl/iic_dri_rx/w_r_1d' of 'GTP_DFF_R' unit is dangling and will be cleaned.
W: Public-4008: Instance 'ms72xx_ctl/iic_dri_rx/w_r_2d' of 'GTP_DFF_R' unit is dangling and will be cleaned.
W: Public-4008: Instance 'ms72xx_ctl/ms7200_ctl/addr[0]' of 'GTP_DFF_RE' unit is dangling and will be cleaned.
W: Public-4008: Instance 'ms72xx_ctl/ms7200_ctl/addr[2]' of 'GTP_DFF_RE' unit is dangling and will be cleaned.
W: Public-4008: Instance 'ms72xx_ctl/ms7200_ctl/addr[6]' of 'GTP_DFF_RE' unit is dangling and will be cleaned.
W: Public-4008: Instance 'ms72xx_ctl/ms7200_ctl/addr[8]' of 'GTP_DFF_RE' unit is dangling and will be cleaned.
W: Public-4008: Instance 'ms72xx_ctl/ms7200_ctl/busy_1d' of 'GTP_DFF' unit is dangling and will be cleaned.
W: Public-4008: Instance 'ms72xx_ctl/ms7200_ctl/cmd_index[0]' of 'GTP_DFF_R' unit is dangling and will be cleaned.
W: Public-4008: Instance 'ms72xx_ctl/ms7200_ctl/cmd_index[1]' of 'GTP_DFF_R' unit is dangling and will be cleaned.
W: Public-4008: Instance 'ms72xx_ctl/ms7200_ctl/cmd_index[2]' of 'GTP_DFF_R' unit is dangling and will be cleaned.
W: Public-4008: Instance 'ms72xx_ctl/ms7200_ctl/cmd_index[3]' of 'GTP_DFF_R' unit is dangling and will be cleaned.
W: Public-4008: Instance 'ms72xx_ctl/ms7200_ctl/cmd_index[4]' of 'GTP_DFF_R' unit is dangling and will be cleaned.
W: Public-4008: Instance 'ms72xx_ctl/ms7200_ctl/cmd_index[5]' of 'GTP_DFF_R' unit is dangling and will be cleaned.
W: Public-4008: Instance 'ms72xx_ctl/ms7200_ctl/cmd_index[6]' of 'GTP_DFF_R' unit is dangling and will be cleaned.
W: Public-4008: Instance 'ms72xx_ctl/ms7200_ctl/cmd_index[7]' of 'GTP_DFF_R' unit is dangling and will be cleaned.
W: Public-4008: Instance 'ms72xx_ctl/ms7200_ctl/cmd_index[8]' of 'GTP_DFF_R' unit is dangling and will be cleaned.
W: Public-4008: Instance 'ms72xx_ctl/ms7200_ctl/data_in[3]' of 'GTP_DFF_RE' unit is dangling and will be cleaned.
W: Public-4008: Instance 'ms72xx_ctl/ms7200_ctl/data_in[7]' of 'GTP_DFF_RE' unit is dangling and will be cleaned.
W: Public-4008: Instance 'ms72xx_ctl/ms7200_ctl/dri_cnt[0]' of 'GTP_DFF_RE' unit is dangling and will be cleaned.
W: Public-4008: Instance 'ms72xx_ctl/ms7200_ctl/dri_cnt[1]' of 'GTP_DFF_RE' unit is dangling and will be cleaned.
W: Public-4008: Instance 'ms72xx_ctl/ms7200_ctl/dri_cnt[2]' of 'GTP_DFF_RE' unit is dangling and will be cleaned.
W: Public-4008: Instance 'ms72xx_ctl/ms7200_ctl/dri_cnt[3]' of 'GTP_DFF_RE' unit is dangling and will be cleaned.
W: Public-4008: Instance 'ms72xx_ctl/ms7200_ctl/dri_cnt[4]' of 'GTP_DFF_RE' unit is dangling and will be cleaned.
W: Public-4008: Instance 'ms72xx_ctl/ms7200_ctl/dri_cnt[5]' of 'GTP_DFF_RE' unit is dangling and will be cleaned.
W: Public-4008: Instance 'ms72xx_ctl/ms7200_ctl/dri_cnt[6]' of 'GTP_DFF_RE' unit is dangling and will be cleaned.
W: Public-4008: Instance 'ms72xx_ctl/ms7200_ctl/dri_cnt[7]' of 'GTP_DFF_RE' unit is dangling and will be cleaned.
W: Public-4008: Instance 'ms72xx_ctl/ms7200_ctl/dri_cnt[8]' of 'GTP_DFF_RE' unit is dangling and will be cleaned.
W: Public-4008: Instance 'ms72xx_ctl/ms7200_ctl/iic_trig' of 'GTP_DFF_R' unit is dangling and will be cleaned.
W: Public-4008: Instance 'ms72xx_ctl/ms7200_ctl/state_reg[1]' of 'GTP_DFF_R' unit is dangling and will be cleaned.
W: Public-4008: Instance 'ms72xx_ctl/ms7200_ctl/w_r' of 'GTP_DFF_S' unit is dangling and will be cleaned.
Checking design netlist.
Processing tech operator.
I: The instance clkbufg_0(GTP_CLKBUFG) has been inserted on the net core_clk in design, driver pin CLKDIVOUT(instance u_DDR3_50H/I_GTP_CLKDIV) -> load pin CLK(instance cnt[0]).
I: The instance clkbufg_1(GTP_CLKBUFG) has been inserted on the net pclk_in_test in design, driver pin CLKDIVOUT(instance cmos2_8_16bit/u_GTP_IOCLKDIV) -> load pin CLK(instance cmos2_8_16bit/de_o).
I: The instance clkbufg_2(GTP_CLKBUFG) has been inserted on the net nt_pix_clk in design, driver pin CLKOUT0(instance u_pll/u_pll_e3) -> load pin CLK(instance b_out[3]).
I: The instance clkbufg_3(GTP_CLKBUFG) has been inserted on the net cfg_clk in design, driver pin CLKOUT1(instance u_pll/u_pll_e3) -> load pin CLK(instance ms72xx_ctl/iic_dri_tx/busy).
I: The instance clkbufg_4(GTP_CLKBUFG) has been inserted on the net nt_cmos2_pclk in design, driver pin O(instance cmos2_pclk_ibuf) -> load pin CLK(instance cmos2_8_16bit/cnt[0]).
C: DeviceMap-2011: The net nt_sys_clk has both clock instance u_DDR3_50H/u_clkbufg(GTP_CLKBUFG) loader and other clock pin loader.
I: The instance clkbufg_5(GTP_CLKBUFG) has been inserted on the net clk_25M in design, driver pin CLKOUT2(instance u_pll/u_pll_e3) -> load pin CLK(instance coms1_reg_config/clock_20k).
W: DeviceMap-4006: Insert a inst clkgate_6(GTP_IOCLKBUF) before u_DDR3_50H/I_GTP_CLKDIV(GTP_IOCLKDIV).
Converting tech operator to gate operator.
Processing gate operator.
I: Infer CARRY group, base inst: N16_0_1/gateop, insts:13.
I: Infer CARRY group, base inst: N116_0_1/gateop, insts:24.
I: Infer CARRY group, base inst: coms1_reg_config/N11_2_1/gateop, insts:10.
I: Infer CARRY group, base inst: coms1_reg_config/N36_1_1/gateop, insts:8.
I: Infer CARRY group, base inst: coms2_reg_config/N36_1_1/gateop, insts:8.
I: Infer CARRY group, base inst: power_on_delay_inst/N5_1_1/gateop, insts:18.
I: Infer CARRY group, base inst: power_on_delay_inst/N17_1_1/gateop, insts:15.
I: Infer CARRY group, base inst: sync_vg/N24_1_1/gateop, insts:9.
I: Infer CARRY group, base inst: sync_vg/N151_1_1/gateop, insts:11.
I: Infer CARRY group, base inst: coms1_reg_config/u1/N37_1_1/gateop, insts:5.
I: Infer CARRY group, base inst: coms2_reg_config/u1/N37_1_1/gateop, insts:5.
I: Infer CARRY group, base inst: ms72xx_ctl/iic_dri_tx/N136.lt_0/gateop, insts:2.
I: Infer CARRY group, base inst: ms72xx_ctl/ms7210_ctl/N98_1_1/gateop, insts:21.
I: Infer CARRY group, base inst: ms72xx_ctl/ms7210_ctl/N156_1_0/gateop, insts:6.
I: Infer CARRY group, base inst: u_PDS_HDMA/u_HDMA_fifo_ctrl_top/N42_1_1/gateop, insts:12.
I: Infer CARRY group, base inst: u_PDS_HDMA/u_PDS_DDR3_WR/N112_1_1/gateop, insts:18.
I: Infer CARRY group, base inst: u_PDS_HDMA/u_PDS_DDR3_WR/N205_1_1/gateop, insts:18.
I: Infer CARRY group, base inst: u_PDS_HDMA/u_PDS_DDR3_WR/N271.lt_0/gateop, insts:2.
I: Infer CARRY group, base inst: u_PDS_HDMA/u_PDS_DDR3_WR/N287_1_1/gateop, insts:31.
I: Infer CARRY group, base inst: u_PDS_HDMA/u_PDS_DDR3_WR/N315_1_1/gateop, insts:9.
I: Infer CARRY group, base inst: u_PDS_HDMA/u_PDS_DDR3_WR/N364.lt_0/gateop, insts:2.
I: Infer CARRY group, base inst: u_PDS_HDMA/u_PDS_DDR3_WR/N380_1_1/gateop, insts:31.
I: Infer CARRY group, base inst: u_PDS_HDMA/u_PDS_DDR3_WR/N408_1_1/gateop, insts:9.
I: Infer CARRY group, base inst: u_PDS_HDMA/u_PDS_DDR3_WR/N484_1_1/gateop, insts:18.
I: Infer CARRY group, base inst: u_PDS_HDMA/u_PDS_DDR3_WR/N581_1_1/gateop, insts:18.
I: Infer CARRY group, base inst: u_DDR3_50H/u_ddrphy_top/ddrphy_info/mc_al_6.fsub_1/gateop, insts:4.
I: Infer CARRY group, base inst: u_DDR3_50H/u_ddrphy_top/ddrphy_info/mc_rl_1/gateop, insts:5.
I: Infer CARRY group, base inst: u_DDR3_50H/u_ddrphy_top/ddrphy_info/mc_wl_0/gateop, insts:6.
I: Infer CARRY group, base inst: u_DDR3_50H/u_ddrphy_top/ddrphy_reset_ctrl/N29_1_1/gateop, insts:7.
I: Infer CARRY group, base inst: u_DDR3_50H/u_ddrphy_top/ddrphy_slice_top/N46_1_1/gateop, insts:7.
I: Infer CARRY group, base inst: u_DDR3_50H/u_ipsxb_ddrc_top/mcdq_ui_axi/N69_2_1/gateop, insts:23.
I: Infer CARRY group, base inst: u_DDR3_50H/u_ipsxb_ddrc_top/mcdq_ui_axi/N185.eq_0/gateop, insts:8.
I: Infer CARRY group, base inst: u_DDR3_50H/u_ddrphy_top/ddrphy_calib_top/ddrphy_init/N3_1_1/gateop, insts:15.
I: Infer CARRY group, base inst: u_DDR3_50H/u_ddrphy_top/ddrphy_calib_top/ddrphy_init/N23_1_1/gateop, insts:15.
I: Infer CARRY group, base inst: u_DDR3_50H/u_ddrphy_top/ddrphy_calib_top/ddrphy_init/N41_1_1/gateop, insts:7.
I: Infer CARRY group, base inst: u_DDR3_50H/u_ddrphy_top/ddrphy_calib_top/ddrphy_init/N79_1_1/gateop, insts:9.
I: Infer CARRY group, base inst: u_DDR3_50H/u_ddrphy_top/ddrphy_calib_top/ddrphy_wrlvl/N8_1_1/gateop, insts:7.
I: Infer CARRY group, base inst: u_DDR3_50H/u_ddrphy_top/ddrphy_calib_top/rdcal/N33_1_1/gateop, insts:17.
I: Infer CARRY group, base inst: u_DDR3_50H/u_ddrphy_top/ddrphy_reset_ctrl/ddrphy_pll_lock_debounce/N11_1_1/gateop, insts:18.
I: Infer CARRY group, base inst: u_DDR3_50H/u_ipsxb_ddrc_top/mcdq_dcd_top/mcdq_dcd_bm/N37_1_1/gateop, insts:12.
I: Infer CARRY group, base inst: u_DDR3_50H/u_ipsxb_ddrc_top/mcdq_dcd_top/mcdq_dcd_sm/N162_6_0[9:0]_1/gateop, insts:7.
I: Infer CARRY group, base inst: u_DDR3_50H/u_ipsxb_ddrc_top/mcdq_dcp_top/mcdq_dcp_buf/N46_1_1/gateop, insts:6.
I: Infer CARRY group, base inst: u_DDR3_50H/u_ddrphy_top/ddrphy_slice_top/i_dqs_group[0].u_ddrphy_data_slice/data_slice_wrlvl/N102_1_0/gateop, insts:8.
I: Infer CARRY group, base inst: u_DDR3_50H/u_ddrphy_top/ddrphy_slice_top/i_dqs_group[0].u_ddrphy_data_slice/data_slice_wrlvl/N104_1_1/gateop, insts:7.
I: Infer CARRY group, base inst: u_DDR3_50H/u_ddrphy_top/ddrphy_slice_top/i_dqs_group[0].u_ddrphy_data_slice/data_slice_wrlvl/N201_1_1/gateop, insts:7.
I: Infer CARRY group, base inst: u_DDR3_50H/u_ddrphy_top/ddrphy_slice_top/i_dqs_group[0].u_ddrphy_data_slice/dqsi_rdel_cal/N28_1.fsub_0/gateop, insts:7.
I: Infer CARRY group, base inst: u_DDR3_50H/u_ddrphy_top/ddrphy_slice_top/i_dqs_group[0].u_ddrphy_data_slice/dqsi_rdel_cal/N33_1_1/gateop, insts:7.
I: Infer CARRY group, base inst: u_DDR3_50H/u_ddrphy_top/ddrphy_slice_top/i_dqs_group[0].u_ddrphy_data_slice/dqsi_rdel_cal/N43_1.fsub_1/gateop, insts:7.
I: Infer CARRY group, base inst: u_DDR3_50H/u_ddrphy_top/ddrphy_slice_top/i_dqs_group[0].u_ddrphy_data_slice/dqsi_rdel_cal/N53.eq_0/gateop, insts:3.
I: Infer CARRY group, base inst: u_DDR3_50H/u_ddrphy_top/ddrphy_slice_top/i_dqs_group[0].u_ddrphy_data_slice/dqsi_rdel_cal/N85_1/gateop, insts:8.
I: Infer CARRY group, base inst: u_DDR3_50H/u_ddrphy_top/ddrphy_slice_top/i_dqs_group[0].u_ddrphy_data_slice/dqsi_rdel_cal/N104_1_1/gateop, insts:9.
I: Infer CARRY group, base inst: u_DDR3_50H/u_ddrphy_top/ddrphy_slice_top/i_dqs_group[0].u_ddrphy_data_slice/dqsi_rdel_cal/N108.eq_0/gateop, insts:5.
I: Infer CARRY group, base inst: u_DDR3_50H/u_ddrphy_top/ddrphy_slice_top/i_dqs_group[0].u_ddrphy_data_slice/dqsi_rdel_cal/N167.eq_0/gateop, insts:5.
I: Infer CARRY group, base inst: u_DDR3_50H/u_ddrphy_top/ddrphy_slice_top/i_dqs_group[0].u_ddrphy_data_slice/dqsi_rdel_cal/N264_1_0/gateop, insts:8.
I: Infer CARRY group, base inst: u_DDR3_50H/u_ddrphy_top/ddrphy_slice_top/i_dqs_group[0].u_ddrphy_data_slice/dqsi_rdel_cal/N280_1_0/gateop, insts:8.
I: Infer CARRY group, base inst: u_DDR3_50H/u_ddrphy_top/ddrphy_slice_top/i_dqs_group[0].u_ddrphy_data_slice/dqsi_rdel_cal/N285_1_1/gateop, insts:9.
I: Infer CARRY group, base inst: u_DDR3_50H/u_ddrphy_top/ddrphy_slice_top/i_dqs_group[1].u_ddrphy_data_slice/data_slice_wrlvl/N102_1_0/gateop, insts:8.
I: Infer CARRY group, base inst: u_DDR3_50H/u_ddrphy_top/ddrphy_slice_top/i_dqs_group[1].u_ddrphy_data_slice/data_slice_wrlvl/N104_1_1/gateop, insts:7.
I: Infer CARRY group, base inst: u_DDR3_50H/u_ddrphy_top/ddrphy_slice_top/i_dqs_group[1].u_ddrphy_data_slice/data_slice_wrlvl/N201_1_1/gateop, insts:7.
I: Infer CARRY group, base inst: u_DDR3_50H/u_ddrphy_top/ddrphy_slice_top/i_dqs_group[1].u_ddrphy_data_slice/dqsi_rdel_cal/N28_1.fsub_0/gateop, insts:7.
I: Infer CARRY group, base inst: u_DDR3_50H/u_ddrphy_top/ddrphy_slice_top/i_dqs_group[1].u_ddrphy_data_slice/dqsi_rdel_cal/N33_1_1/gateop, insts:7.
I: Infer CARRY group, base inst: u_DDR3_50H/u_ddrphy_top/ddrphy_slice_top/i_dqs_group[1].u_ddrphy_data_slice/dqsi_rdel_cal/N43_1.fsub_1/gateop, insts:7.
I: Infer CARRY group, base inst: u_DDR3_50H/u_ddrphy_top/ddrphy_slice_top/i_dqs_group[1].u_ddrphy_data_slice/dqsi_rdel_cal/N53.eq_0/gateop, insts:3.
I: Infer CARRY group, base inst: u_DDR3_50H/u_ddrphy_top/ddrphy_slice_top/i_dqs_group[1].u_ddrphy_data_slice/dqsi_rdel_cal/N85_1/gateop, insts:8.
I: Infer CARRY group, base inst: u_DDR3_50H/u_ddrphy_top/ddrphy_slice_top/i_dqs_group[1].u_ddrphy_data_slice/dqsi_rdel_cal/N104_1_1/gateop, insts:9.
I: Infer CARRY group, base inst: u_DDR3_50H/u_ddrphy_top/ddrphy_slice_top/i_dqs_group[1].u_ddrphy_data_slice/dqsi_rdel_cal/N108.eq_0/gateop, insts:5.
I: Infer CARRY group, base inst: u_DDR3_50H/u_ddrphy_top/ddrphy_slice_top/i_dqs_group[1].u_ddrphy_data_slice/dqsi_rdel_cal/N167.eq_0/gateop, insts:5.
I: Infer CARRY group, base inst: u_DDR3_50H/u_ddrphy_top/ddrphy_slice_top/i_dqs_group[1].u_ddrphy_data_slice/dqsi_rdel_cal/N264_1_0/gateop, insts:8.
I: Infer CARRY group, base inst: u_DDR3_50H/u_ddrphy_top/ddrphy_slice_top/i_dqs_group[1].u_ddrphy_data_slice/dqsi_rdel_cal/N280_1_0/gateop, insts:8.
I: Infer CARRY group, base inst: u_DDR3_50H/u_ddrphy_top/ddrphy_slice_top/i_dqs_group[1].u_ddrphy_data_slice/dqsi_rdel_cal/N285_1_1/gateop, insts:9.
I: Infer CARRY group, base inst: u_DDR3_50H/u_ipsxb_ddrc_top/mcdq_dcp_top/mcdq_dcp_back_ctrl/timing_act_pass/N31.lt_0/gateop, insts:4.
I: Infer CARRY group, base inst: u_DDR3_50H/u_ddrphy_top/ddrphy_slice_top/i_dqs_group[0].u_ddrphy_data_slice/data_slice_dqs_gate_cal/gatecal/N81_1_0/gateop, insts:6.
I: Infer CARRY group, base inst: u_DDR3_50H/u_ddrphy_top/ddrphy_slice_top/i_dqs_group[0].u_ddrphy_data_slice/data_slice_dqs_gate_cal/gatecal/N389_8.fsub_1/gateop, insts:5.
I: Infer CARRY group, base inst: u_DDR3_50H/u_ddrphy_top/ddrphy_slice_top/i_dqs_group[1].u_ddrphy_data_slice/data_slice_dqs_gate_cal/gatecal/N81_1_0/gateop, insts:6.
I: Infer CARRY group, base inst: u_DDR3_50H/u_ddrphy_top/ddrphy_slice_top/i_dqs_group[1].u_ddrphy_data_slice/data_slice_dqs_gate_cal/gatecal/N389_8.fsub_1/gateop, insts:5.
I: Infer CARRY group, base inst: u_DDR3_50H/u_ipsxb_ddrc_top/mcdq_wdatapath/ipsxb_distributed_fifo/u_ipsxb_distributed_fifo_distributed_fifo_v1_0/u_ipsxb_distributed_fifo_ctr/N2_1/gateop, insts:5.
I: Infer CARRY group, base inst: u_DDR3_50H/u_ipsxb_ddrc_top/mcdq_wdatapath/ipsxb_distributed_fifo/u_ipsxb_distributed_fifo_distributed_fifo_v1_0/u_ipsxb_distributed_fifo_ctr/N9_1/gateop, insts:5.
I: Infer CARRY group, base inst: u_DDR3_50H/u_ipsxb_ddrc_top/mcdq_wdatapath/ipsxb_distributed_fifo/u_ipsxb_distributed_fifo_distributed_fifo_v1_0/u_ipsxb_distributed_fifo_ctr/N36.eq_0/gateop, insts:3.
I: Infer CARRY group, base inst: u_PDS_HDMA/u_HDMA_fifo_ctrl_top/u_HDMA_fifo_ctrl_1/u_rd_fifo/U_ipml_fifo_rd_fifo/U_ipml_fifo_ctrl/N2_1/gateop, insts:11.
I: Infer CARRY group, base inst: u_PDS_HDMA/u_HDMA_fifo_ctrl_top/u_HDMA_fifo_ctrl_1/u_rd_fifo/U_ipml_fifo_rd_fifo/U_ipml_fifo_ctrl/N89_1/gateop, insts:13.
I: Infer CARRY group, base inst: u_PDS_HDMA/u_HDMA_fifo_ctrl_top/u_HDMA_fifo_ctrl_1/u_rd_fifo/U_ipml_fifo_rd_fifo/U_ipml_fifo_ctrl/N168.eq_0/gateop, insts:5.
I: Infer CARRY group, base inst: u_PDS_HDMA/u_HDMA_fifo_ctrl_top/u_HDMA_fifo_ctrl_1/u_rd_fifo/U_ipml_fifo_rd_fifo/U_ipml_fifo_ctrl/N171.eq_0/gateop, insts:7.
I: Infer CARRY group, base inst: u_PDS_HDMA/u_HDMA_fifo_ctrl_top/u_HDMA_fifo_ctrl_1/u_rd_fifo/U_ipml_fifo_rd_fifo/U_ipml_fifo_ctrl/N297_5.fsub_1/gateop, insts:11.
I: Infer CARRY group, base inst: u_PDS_HDMA/u_HDMA_fifo_ctrl_top/u_HDMA_fifo_ctrl_1/u_wr_fifo/U_ipml_fifo_wr_fifo/U_ipml_fifo_ctrl/N2_1/gateop, insts:13.
I: Infer CARRY group, base inst: u_PDS_HDMA/u_HDMA_fifo_ctrl_top/u_HDMA_fifo_ctrl_1/u_wr_fifo/U_ipml_fifo_wr_fifo/U_ipml_fifo_ctrl/N79_1/gateop, insts:11.
I: Infer CARRY group, base inst: u_PDS_HDMA/u_HDMA_fifo_ctrl_top/u_HDMA_fifo_ctrl_1/u_wr_fifo/U_ipml_fifo_wr_fifo/U_ipml_fifo_ctrl/N168.eq_0/gateop, insts:6.
I: Infer CARRY group, base inst: u_PDS_HDMA/u_HDMA_fifo_ctrl_top/u_HDMA_fifo_ctrl_1/u_wr_fifo/U_ipml_fifo_wr_fifo/U_ipml_fifo_ctrl/N171.eq_0/gateop, insts:6.
I: Infer CARRY group, base inst: u_PDS_HDMA/u_HDMA_fifo_ctrl_top/u_HDMA_fifo_ctrl_1/u_wr_fifo/U_ipml_fifo_wr_fifo/U_ipml_fifo_ctrl/N333_5.fsub_1/gateop, insts:11.
I: Infer CARRY group, base inst: u_PDS_HDMA/u_HDMA_fifo_ctrl_top/u_HDMA_fifo_ctrl_2/u_rd_fifo/U_ipml_fifo_rd_fifo/U_ipml_fifo_ctrl/N2_1/gateop, insts:11.
I: Infer CARRY group, base inst: u_PDS_HDMA/u_HDMA_fifo_ctrl_top/u_HDMA_fifo_ctrl_2/u_rd_fifo/U_ipml_fifo_rd_fifo/U_ipml_fifo_ctrl/N89_1/gateop, insts:13.
I: Infer CARRY group, base inst: u_PDS_HDMA/u_HDMA_fifo_ctrl_top/u_HDMA_fifo_ctrl_2/u_rd_fifo/U_ipml_fifo_rd_fifo/U_ipml_fifo_ctrl/N168.eq_0/gateop, insts:5.
I: Infer CARRY group, base inst: u_PDS_HDMA/u_HDMA_fifo_ctrl_top/u_HDMA_fifo_ctrl_2/u_rd_fifo/U_ipml_fifo_rd_fifo/U_ipml_fifo_ctrl/N171.eq_0/gateop, insts:7.
I: Infer CARRY group, base inst: u_PDS_HDMA/u_HDMA_fifo_ctrl_top/u_HDMA_fifo_ctrl_2/u_rd_fifo/U_ipml_fifo_rd_fifo/U_ipml_fifo_ctrl/N297_5.fsub_1/gateop, insts:11.
I: Infer CARRY group, base inst: u_PDS_HDMA/u_HDMA_fifo_ctrl_top/u_HDMA_fifo_ctrl_2/u_wr_fifo/U_ipml_fifo_wr_fifo/U_ipml_fifo_ctrl/N2_1/gateop, insts:13.
I: Infer CARRY group, base inst: u_PDS_HDMA/u_HDMA_fifo_ctrl_top/u_HDMA_fifo_ctrl_2/u_wr_fifo/U_ipml_fifo_wr_fifo/U_ipml_fifo_ctrl/N79_1/gateop, insts:11.
I: Infer CARRY group, base inst: u_PDS_HDMA/u_HDMA_fifo_ctrl_top/u_HDMA_fifo_ctrl_2/u_wr_fifo/U_ipml_fifo_wr_fifo/U_ipml_fifo_ctrl/N168.eq_0/gateop, insts:6.
I: Infer CARRY group, base inst: u_PDS_HDMA/u_HDMA_fifo_ctrl_top/u_HDMA_fifo_ctrl_2/u_wr_fifo/U_ipml_fifo_wr_fifo/U_ipml_fifo_ctrl/N171.eq_0/gateop, insts:6.
I: Infer CARRY group, base inst: u_PDS_HDMA/u_HDMA_fifo_ctrl_top/u_HDMA_fifo_ctrl_2/u_wr_fifo/U_ipml_fifo_wr_fifo/U_ipml_fifo_ctrl/N333_5.fsub_1/gateop, insts:11.
I: Infer CARRY group, base inst: u_DDR3_50H/u_ipsxb_ddrc_top/mcdq_dcp_top/mcdq_dcp_buf/A_ipsxb_distributed_fifo/u_ipsxb_distributed_fifo_distributed_fifo_v1_0/u_ipsxb_distributed_fifo_ctr/N2_1/gateop, insts:5.
I: Infer CARRY group, base inst: u_DDR3_50H/u_ipsxb_ddrc_top/mcdq_dcp_top/mcdq_dcp_buf/A_ipsxb_distributed_fifo/u_ipsxb_distributed_fifo_distributed_fifo_v1_0/u_ipsxb_distributed_fifo_ctr/N9_1/gateop, insts:5.
I: Infer CARRY group, base inst: u_DDR3_50H/u_ipsxb_ddrc_top/mcdq_dcp_top/mcdq_dcp_buf/A_ipsxb_distributed_fifo/u_ipsxb_distributed_fifo_distributed_fifo_v1_0/u_ipsxb_distributed_fifo_ctr/N19.lt_0/gateop, insts:3.
I: Infer CARRY group, base inst: u_DDR3_50H/u_ipsxb_ddrc_top/mcdq_dcp_top/mcdq_dcp_buf/A_ipsxb_distributed_fifo/u_ipsxb_distributed_fifo_distributed_fifo_v1_0/u_ipsxb_distributed_fifo_ctr/N24_1.fsub_1/gateop, insts:6.
I: Infer CARRY group, base inst: u_DDR3_50H/u_ipsxb_ddrc_top/mcdq_dcp_top/mcdq_dcp_buf/A_ipsxb_distributed_fifo/u_ipsxb_distributed_fifo_distributed_fifo_v1_0/u_ipsxb_distributed_fifo_ctr/N30.fsub_1/gateop, insts:6.
I: Infer CARRY group, base inst: u_DDR3_50H/u_ipsxb_ddrc_top/mcdq_dcp_top/mcdq_dcp_buf/A_ipsxb_distributed_fifo/u_ipsxb_distributed_fifo_distributed_fifo_v1_0/u_ipsxb_distributed_fifo_ctr/N36.eq_0/gateop, insts:3.
I: Infer CARRY group, base inst: u_DDR3_50H/u_ipsxb_ddrc_top/mcdq_dcp_top/mcdq_dcp_buf/B_ipsxb_distributed_fifo/u_ipsxb_distributed_fifo_distributed_fifo_v1_0/u_ipsxb_distributed_fifo_ctr/N2_1/gateop, insts:5.
I: Infer CARRY group, base inst: u_DDR3_50H/u_ipsxb_ddrc_top/mcdq_dcp_top/mcdq_dcp_buf/B_ipsxb_distributed_fifo/u_ipsxb_distributed_fifo_distributed_fifo_v1_0/u_ipsxb_distributed_fifo_ctr/N9_1/gateop, insts:5.
I: Infer CARRY group, base inst: u_DDR3_50H/u_ipsxb_ddrc_top/mcdq_dcp_top/mcdq_dcp_buf/B_ipsxb_distributed_fifo/u_ipsxb_distributed_fifo_distributed_fifo_v1_0/u_ipsxb_distributed_fifo_ctr/N19.lt_0/gateop, insts:3.
I: Infer CARRY group, base inst: u_DDR3_50H/u_ipsxb_ddrc_top/mcdq_dcp_top/mcdq_dcp_buf/B_ipsxb_distributed_fifo/u_ipsxb_distributed_fifo_distributed_fifo_v1_0/u_ipsxb_distributed_fifo_ctr/N24_1.fsub_1/gateop, insts:6.
I: Infer CARRY group, base inst: u_DDR3_50H/u_ipsxb_ddrc_top/mcdq_dcp_top/mcdq_dcp_buf/B_ipsxb_distributed_fifo/u_ipsxb_distributed_fifo_distributed_fifo_v1_0/u_ipsxb_distributed_fifo_ctr/N30.fsub_1/gateop, insts:6.
I: Infer CARRY group, base inst: u_DDR3_50H/u_ipsxb_ddrc_top/mcdq_dcp_top/mcdq_dcp_buf/B_ipsxb_distributed_fifo/u_ipsxb_distributed_fifo_distributed_fifo_v1_0/u_ipsxb_distributed_fifo_ctr/N36.eq_0/gateop, insts:3.
I: Infer CARRY group, base inst: u_DDR3_50H/u_ipsxb_ddrc_top/mcdq_rdatapath/mcdq_prefetch_fifo/ipsxb_distributed_fifo/u_ipsxb_distributed_fifo_distributed_fifo_v1_0/u_ipsxb_distributed_fifo_ctr/N2_1/gateop, insts:6.
I: Infer CARRY group, base inst: u_DDR3_50H/u_ipsxb_ddrc_top/mcdq_rdatapath/mcdq_prefetch_fifo/ipsxb_distributed_fifo/u_ipsxb_distributed_fifo_distributed_fifo_v1_0/u_ipsxb_distributed_fifo_ctr/N9_1/gateop, insts:6.
I: Infer CARRY group, base inst: u_DDR3_50H/u_ipsxb_ddrc_top/mcdq_rdatapath/mcdq_prefetch_fifo/ipsxb_distributed_fifo/u_ipsxb_distributed_fifo_distributed_fifo_v1_0/u_ipsxb_distributed_fifo_ctr/N16.eq_0/gateop, insts:3.
I: Infer CARRY group, base inst: u_DDR3_50H/u_ipsxb_ddrc_top/mcdq_rdatapath/mcdq_prefetch_fifo/ipsxb_distributed_fifo/u_ipsxb_distributed_fifo_distributed_fifo_v1_0/u_ipsxb_distributed_fifo_ctr/N36.eq_0/gateop, insts:3.
I: INST: "r_out[4]/opit_0" has been packed in IOL "r_out_obuf[4]/opit_1" success.
I: INST: "r_out[5]/opit_0" has been packed in IOL "r_out_obuf[5]/opit_1" success.
I: INST: "b_out[3]/opit_0" has been packed in IOL "b_out_obuf[3]/opit_1" success.
I: INST: "b_out[4]/opit_0" has been packed in IOL "b_out_obuf[4]/opit_1" success.
I: INST: "b_out[5]/opit_0" has been packed in IOL "b_out_obuf[5]/opit_1" success.
I: INST: "b_out[6]/opit_0" has been packed in IOL "b_out_obuf[6]/opit_1" success.
I: INST: "b_out[7]/opit_0" has been packed in IOL "b_out_obuf[7]/opit_1" success.
I: INST: "g_out[2]/opit_0" has been packed in IOL "g_out_obuf[2]/opit_1" success.
I: INST: "g_out[3]/opit_0" has been packed in IOL "g_out_obuf[3]/opit_1" success.
I: INST: "g_out[4]/opit_0" has been packed in IOL "g_out_obuf[4]/opit_1" success.
I: INST: "g_out[5]/opit_0" has been packed in IOL "g_out_obuf[5]/opit_1" success.
I: INST: "r_out[6]/opit_0" has been packed in IOL "r_out_obuf[6]/opit_1" success.
I: INST: "r_out[7]/opit_0" has been packed in IOL "r_out_obuf[7]/opit_1" success.
I: INST: "g_out[6]/opit_0" has been packed in IOL "g_out_obuf[6]/opit_1" success.
I: INST: "g_out[7]/opit_0" has been packed in IOL "g_out_obuf[7]/opit_1" success.
I: INST: "r_out[3]/opit_0" has been packed in IOL "r_out_obuf[3]/opit_1" success.
Device Utilization Summary:
+------------------------------------------------------------------------+
| Logic Utilization     | Used     | Available     | Utilization(%)     
+------------------------------------------------------------------------+
| APM                   | 0        | 84            | 0                  
| IOCKDLY               | 0        | 40            | 0                  
| FF                    | 3594     | 64200         | 6                  
| LUT                   | 4102     | 42800         | 10                 
| Distributed RAM       | 69       | 17000         | 1                  
| DLL                   | 1        | 10            | 10                 
| DQSL                  | 6        | 18            | 34                 
| DRM                   | 26.5     | 134           | 20                 
| FUSECODE              | 0        | 1             | 0                  
| IO                    | 102      | 296           | 35                 
| IOCKDIV               | 2        | 20            | 10                 
| IOCKGATE              | 5        | 20            | 25                 
| IPAL                  | 0        | 1             | 0                  
| PLL                   | 3        | 5             | 60                 
| RCKB                  | 0        | 24            | 0                  
| SCANCHAIN             | 0        | 2             | 0                  
| START                 | 0        | 1             | 0                  
| USCM                  | 8        | 30            | 27                 
| HSST                  | 0        | 1             | 0                  
| OSC                   | 0        | 1             | 0                  
| CRYSTAL               | 0        | 2             | 0                  
| RESCAL                | 0        | 4             | 0                  
| UDID                  | 0        | 1             | 0                  
| PCIE                  | 0        | 1             | 0                  
+------------------------------------------------------------------------+

Device mapping done.
Total device mapping takes 0.33 sec.

Design 'hdmi_ddr_ov5640_top' has been successfully mapped to architecture-specific objects.
Saving design to DB.
W: Public-4010: Pcf file E:/Verilog/pango_prj/HDMI_DDR3_OV5640_test/device_map/hdmi_ddr_ov5640_top.pcf has been covered.
Action dev_map: Real time elapsed is 0h:0m:13s
Action dev_map: CPU time elapsed is 0h:0m:6s
Action dev_map: Process CPU time elapsed is 0h:0m:6s
Current time: Sat Oct 28 12:59:41 2023
Action dev_map: Peak memory pool usage is 368 MB
