#Build: Fabric Compiler 2022.2-SP1-Lite, Build 132640, Aug 18 15:12 2023
#Install: E:\pango\PDS_2022.2-SP1-Lite\bin
#Application name: pds_shell.exe
#OS: Windows 10 10.0.22621
#Hostname: Oranoutsider
Generated by Fabric Compiler (version 2022.2-SP1-Lite build 132640) at Sat Nov  4 16:40:46 2023
Compiling verification operator library.
Compiling common defs.
Loading technology operator library.
Compiling technology operator library.
Compiling technology operator (valence) library.
Compiling operator packing rules.
Compiling prim grid devices.
Compiling gate devices.
Compiling gate operators.
Compiling tech operator impls.
Building architecture model.
Loading device packaging model.
E: Inserter-0006: Debug Core 0 Trigger Port 0 is unconnected. This may caused by PDS version update, certain nets name changed hence cannot be found in newest netlist. please remake connection of invalid net in inserter
Action dev_map: Real time elapsed is 0h:0m:12s
Action dev_map: CPU time elapsed is 0h:0m:8s
Action dev_map: Process CPU time elapsed is 0h:0m:8s
Current time: Sat Nov  4 16:40:56 2023
Action dev_map: Peak memory pool usage is 325 MB
