#Build: Fabric Compiler 2022.2-SP1-Lite, Build 132640, Aug 18 15:12 2023
#Install: E:\pango\PDS_2022.2-SP1-Lite\bin
#Application name: pds_shell.exe
#OS: Windows 10 10.0.22621
#Hostname: Oranoutsider
Generated by Fabric Compiler (version 2022.2-SP1-Lite build 132640) at Sat Nov  4 14:33:06 2023
Compiling verification operator library.
Compiling common defs.
Compiling prim grid devices.
Compiling gate devices.
Compiling gate operators.
Building architecture model.
Loading device packaging model.
Reading design from pnr DB.
Start Report Post-PnR timing.
W: Flow-4065: The port cmos2_pclk has a sdc constraint, but it do not connect to any pin.
Constructing timing graph ...
Timing graph has been constructed successfully
C: STA-3009: The clock cmos2_pclk is not connected to any clock endpoints,it will be treated as a normal port or pin.
C: STA-3009: The clock cmos2_pclk_16bit is not connected to any clock endpoints,it will be treated as a normal port or pin.
C: STA-3009: The clock clk_25M is not connected to any clock endpoints,it will be treated as a normal port or pin.
W: STA-3011: Clock pin 'coms1_reg_config/config_step_reg[0]/opit_0_inv/CLK' (gopQ.CLK) has no clock, timing propagation is disabled at the pin.
W: STA-3011: Clock pin 'coms1_reg_config/config_step_reg[1]/opit_0_inv/CLK' (gopQ.CLK) has no clock, timing propagation is disabled at the pin.
W: STA-3011: Clock pin 'coms1_reg_config/config_step_reg[2]/opit_0_inv/CLK' (gopQ.CLK) has no clock, timing propagation is disabled at the pin.
W: STA-3011: Clock pin 'coms1_reg_config/reg_conf_done_reg/opit_0_inv/CLK' (gopQ.CLK) has no clock, timing propagation is disabled at the pin.
W: STA-3011: Clock pin 'coms1_reg_config/reg_data/iGopDrm/CLKA[0]' (gopDRM.CLKA[0]) has no clock, timing propagation is disabled at the pin.
W: STA-3011: Clock pin 'coms1_reg_config/reg_data/iGopDrm/CLKB[0]' (gopDRM.CLKB[0]) has no clock, timing propagation is disabled at the pin.
W: STA-3011: Clock pin 'coms1_reg_config/reg_index[0]/opit_0_inv_L5Q_perm/CLK' (gopL5Q.CLK) has no clock, timing propagation is disabled at the pin.
W: STA-3011: Clock pin 'coms1_reg_config/reg_index[2]/opit_0_inv_A2Q21/CLK' (gopA2Q2.CLK) has no clock, timing propagation is disabled at the pin.
W: STA-3011: Clock pin 'coms1_reg_config/reg_index[4]/opit_0_inv_A2Q21/CLK' (gopA2Q2.CLK) has no clock, timing propagation is disabled at the pin.
W: STA-3011: Clock pin 'coms1_reg_config/reg_index[6]/opit_0_inv_A2Q21/CLK' (gopA2Q2.CLK) has no clock, timing propagation is disabled at the pin.
W: STA-3011: Clock pin 'coms1_reg_config/reg_index[8]/opit_0_inv_A2Q21/CLK' (gopA2Q2.CLK) has no clock, timing propagation is disabled at the pin.
W: STA-3011: Clock pin 'coms1_reg_config/start/opit_0_inv_L5Q_perm/CLK' (gopL5Q.CLK) has no clock, timing propagation is disabled at the pin.
W: STA-3011: Clock pin 'coms1_reg_config/u1/cyc_count[0]/opit_0_inv_L5Q_perm/CLK' (gopL5Q.CLK) has no clock, timing propagation is disabled at the pin.
W: STA-3011: Clock pin 'coms1_reg_config/u1/cyc_count[2]/opit_0_inv_A2Q21/CLK' (gopA2Q2.CLK) has no clock, timing propagation is disabled at the pin.
W: STA-3011: Clock pin 'coms1_reg_config/u1/cyc_count[4]/opit_0_inv_A2Q21/CLK' (gopA2Q2.CLK) has no clock, timing propagation is disabled at the pin.
W: STA-3011: Clock pin 'coms1_reg_config/u1/cyc_count[5]/opit_0_inv_AQ_perm/CLK' (gopAQ.CLK) has no clock, timing propagation is disabled at the pin.
W: STA-3011: Clock pin 'coms1_reg_config/u1/reg_sdat/opit_0_inv_L5Q_perm/CLK' (gopL5Q.CLK) has no clock, timing propagation is disabled at the pin.
W: STA-3011: Clock pin 'coms1_reg_config/u1/sclk/opit_0_inv_L5Q_perm/CLK' (gopL5Q.CLK) has no clock, timing propagation is disabled at the pin.
W: STA-3011: Clock pin 'coms1_reg_config/u1/tr_end/opit_0_inv_L5Q_perm/CLK' (gopL5Q.CLK) has no clock, timing propagation is disabled at the pin.
W: STA-3011: Clock pin 'coms2_reg_config/config_step_reg[0]/opit_0_inv/CLK' (gopQ.CLK) has no clock, timing propagation is disabled at the pin.
W: STA-3011: Clock pin 'coms2_reg_config/config_step_reg[1]/opit_0_inv/CLK' (gopQ.CLK) has no clock, timing propagation is disabled at the pin.
W: STA-3011: Clock pin 'coms2_reg_config/config_step_reg[2]/opit_0_inv/CLK' (gopQ.CLK) has no clock, timing propagation is disabled at the pin.
W: STA-3011: Clock pin 'coms2_reg_config/reg_conf_done_reg/opit_0_inv/CLK' (gopQ.CLK) has no clock, timing propagation is disabled at the pin.
W: STA-3011: Clock pin 'coms2_reg_config/reg_data/iGopDrm/CLKA[0]' (gopDRM.CLKA[0]) has no clock, timing propagation is disabled at the pin.
W: STA-3011: Clock pin 'coms2_reg_config/reg_data/iGopDrm/CLKB[0]' (gopDRM.CLKB[0]) has no clock, timing propagation is disabled at the pin.
W: STA-3011: Clock pin 'coms2_reg_config/reg_index[0]/opit_0_inv_L5Q_perm/CLK' (gopL5Q.CLK) has no clock, timing propagation is disabled at the pin.
W: STA-3011: Clock pin 'coms2_reg_config/reg_index[2]/opit_0_inv_A2Q21/CLK' (gopA2Q2.CLK) has no clock, timing propagation is disabled at the pin.
W: STA-3011: Clock pin 'coms2_reg_config/reg_index[4]/opit_0_inv_A2Q21/CLK' (gopA2Q2.CLK) has no clock, timing propagation is disabled at the pin.
W: STA-3011: Clock pin 'coms2_reg_config/reg_index[6]/opit_0_inv_A2Q21/CLK' (gopA2Q2.CLK) has no clock, timing propagation is disabled at the pin.
W: STA-3011: Clock pin 'coms2_reg_config/reg_index[8]/opit_0_inv_A2Q21/CLK' (gopA2Q2.CLK) has no clock, timing propagation is disabled at the pin.
W: STA-3011: Clock pin 'coms2_reg_config/start/opit_0_inv_L5Q_perm/CLK' (gopL5Q.CLK) has no clock, timing propagation is disabled at the pin.
W: STA-3011: Clock pin 'coms2_reg_config/u1/cyc_count[0]/opit_0_inv_L5Q_perm/CLK' (gopL5Q.CLK) has no clock, timing propagation is disabled at the pin.
W: STA-3011: Clock pin 'coms2_reg_config/u1/cyc_count[2]/opit_0_inv_A2Q21/CLK' (gopA2Q2.CLK) has no clock, timing propagation is disabled at the pin.
W: STA-3011: Clock pin 'coms2_reg_config/u1/cyc_count[4]/opit_0_inv_A2Q21/CLK' (gopA2Q2.CLK) has no clock, timing propagation is disabled at the pin.
W: STA-3011: Clock pin 'coms2_reg_config/u1/cyc_count[5]/opit_0_inv_AQ_perm/CLK' (gopAQ.CLK) has no clock, timing propagation is disabled at the pin.
W: STA-3011: Clock pin 'coms2_reg_config/u1/reg_sdat/opit_0_inv_MUX4TO1Q/CLK' (gopMUX4TO1Q.CLK) has no clock, timing propagation is disabled at the pin.
W: STA-3011: Clock pin 'coms2_reg_config/u1/sclk/opit_0_inv_L5Q_perm/CLK' (gopL5Q.CLK) has no clock, timing propagation is disabled at the pin.
W: STA-3011: Clock pin 'coms2_reg_config/u1/tr_end/opit_0_inv_MUX4TO1Q/CLK' (gopMUX4TO1Q.CLK) has no clock, timing propagation is disabled at the pin.
W: Timing-4086: Port 'cmos1_scl' is not constrained, it is treated as combinational input.
W: Timing-4087: Port 'cmos1_scl' is not constrained, it is treated as combinational output.
W: Timing-4086: Port 'cmos1_sda' is not constrained, it is treated as combinational input.
W: Timing-4087: Port 'cmos1_sda' is not constrained, it is treated as combinational output.
W: Timing-4086: Port 'cmos2_scl' is not constrained, it is treated as combinational input.
W: Timing-4087: Port 'cmos2_scl' is not constrained, it is treated as combinational output.
W: Timing-4086: Port 'cmos2_sda' is not constrained, it is treated as combinational input.
W: Timing-4087: Port 'cmos2_sda' is not constrained, it is treated as combinational output.
W: Timing-4086: Port 'iic_tx_sda' is not constrained, it is treated as combinational input.
W: Timing-4087: Port 'iic_tx_sda' is not constrained, it is treated as combinational output.
W: Timing-4086: Port 'mem_dq[0]' is not constrained, it is treated as combinational input.
W: Timing-4087: Port 'mem_dq[0]' is not constrained, it is treated as combinational output.
W: Timing-4086: Port 'mem_dq[1]' is not constrained, it is treated as combinational input.
W: Timing-4087: Port 'mem_dq[1]' is not constrained, it is treated as combinational output.
W: Timing-4086: Port 'mem_dq[2]' is not constrained, it is treated as combinational input.
W: Timing-4087: Port 'mem_dq[2]' is not constrained, it is treated as combinational output.
W: Timing-4086: Port 'mem_dq[3]' is not constrained, it is treated as combinational input.
W: Timing-4087: Port 'mem_dq[3]' is not constrained, it is treated as combinational output.
W: Timing-4086: Port 'mem_dq[4]' is not constrained, it is treated as combinational input.
W: Timing-4087: Port 'mem_dq[4]' is not constrained, it is treated as combinational output.
W: Timing-4086: Port 'mem_dq[5]' is not constrained, it is treated as combinational input.
W: Timing-4087: Port 'mem_dq[5]' is not constrained, it is treated as combinational output.
W: Timing-4086: Port 'mem_dq[6]' is not constrained, it is treated as combinational input.
W: Timing-4087: Port 'mem_dq[6]' is not constrained, it is treated as combinational output.
W: Timing-4086: Port 'mem_dq[7]' is not constrained, it is treated as combinational input.
W: Timing-4087: Port 'mem_dq[7]' is not constrained, it is treated as combinational output.
W: Timing-4086: Port 'mem_dq[8]' is not constrained, it is treated as combinational input.
W: Timing-4087: Port 'mem_dq[8]' is not constrained, it is treated as combinational output.
W: Timing-4086: Port 'mem_dq[9]' is not constrained, it is treated as combinational input.
W: Timing-4087: Port 'mem_dq[9]' is not constrained, it is treated as combinational output.
W: Timing-4086: Port 'mem_dq[10]' is not constrained, it is treated as combinational input.
W: Timing-4087: Port 'mem_dq[10]' is not constrained, it is treated as combinational output.
W: Timing-4086: Port 'mem_dq[11]' is not constrained, it is treated as combinational input.
W: Timing-4087: Port 'mem_dq[11]' is not constrained, it is treated as combinational output.
W: Timing-4086: Port 'mem_dq[12]' is not constrained, it is treated as combinational input.
W: Timing-4087: Port 'mem_dq[12]' is not constrained, it is treated as combinational output.
W: Timing-4086: Port 'mem_dq[13]' is not constrained, it is treated as combinational input.
W: Timing-4087: Port 'mem_dq[13]' is not constrained, it is treated as combinational output.
W: Timing-4086: Port 'mem_dq[14]' is not constrained, it is treated as combinational input.
W: Timing-4087: Port 'mem_dq[14]' is not constrained, it is treated as combinational output.
W: Timing-4086: Port 'mem_dq[15]' is not constrained, it is treated as combinational input.
W: Timing-4087: Port 'mem_dq[15]' is not constrained, it is treated as combinational output.
W: Timing-4086: Port 'mem_dq[16]' is not constrained, it is treated as combinational input.
W: Timing-4087: Port 'mem_dq[16]' is not constrained, it is treated as combinational output.
W: Timing-4086: Port 'mem_dq[17]' is not constrained, it is treated as combinational input.
W: Timing-4087: Port 'mem_dq[17]' is not constrained, it is treated as combinational output.
W: Timing-4086: Port 'mem_dq[18]' is not constrained, it is treated as combinational input.
W: Timing-4087: Port 'mem_dq[18]' is not constrained, it is treated as combinational output.
W: Timing-4086: Port 'mem_dq[19]' is not constrained, it is treated as combinational input.
W: Timing-4087: Port 'mem_dq[19]' is not constrained, it is treated as combinational output.
W: Timing-4086: Port 'mem_dq[20]' is not constrained, it is treated as combinational input.
W: Timing-4087: Port 'mem_dq[20]' is not constrained, it is treated as combinational output.
W: Timing-4086: Port 'mem_dq[21]' is not constrained, it is treated as combinational input.
W: Timing-4087: Port 'mem_dq[21]' is not constrained, it is treated as combinational output.
W: Timing-4086: Port 'mem_dq[22]' is not constrained, it is treated as combinational input.
W: Timing-4087: Port 'mem_dq[22]' is not constrained, it is treated as combinational output.
W: Timing-4086: Port 'mem_dq[23]' is not constrained, it is treated as combinational input.
W: Timing-4087: Port 'mem_dq[23]' is not constrained, it is treated as combinational output.
W: Timing-4086: Port 'mem_dq[24]' is not constrained, it is treated as combinational input.
W: Timing-4087: Port 'mem_dq[24]' is not constrained, it is treated as combinational output.
W: Timing-4086: Port 'mem_dq[25]' is not constrained, it is treated as combinational input.
W: Timing-4087: Port 'mem_dq[25]' is not constrained, it is treated as combinational output.
W: Timing-4086: Port 'mem_dq[26]' is not constrained, it is treated as combinational input.
W: Timing-4087: Port 'mem_dq[26]' is not constrained, it is treated as combinational output.
W: Timing-4086: Port 'mem_dq[27]' is not constrained, it is treated as combinational input.
W: Timing-4087: Port 'mem_dq[27]' is not constrained, it is treated as combinational output.
W: Timing-4086: Port 'mem_dq[28]' is not constrained, it is treated as combinational input.
W: Timing-4087: Port 'mem_dq[28]' is not constrained, it is treated as combinational output.
W: Timing-4086: Port 'mem_dq[29]' is not constrained, it is treated as combinational input.
W: Timing-4087: Port 'mem_dq[29]' is not constrained, it is treated as combinational output.
W: Timing-4086: Port 'mem_dq[30]' is not constrained, it is treated as combinational input.
W: Timing-4087: Port 'mem_dq[30]' is not constrained, it is treated as combinational output.
W: Timing-4086: Port 'mem_dq[31]' is not constrained, it is treated as combinational input.
W: Timing-4087: Port 'mem_dq[31]' is not constrained, it is treated as combinational output.
W: Timing-4086: Port 'mem_dqs[0]' is not constrained, it is treated as combinational input.
W: Timing-4087: Port 'mem_dqs[0]' is not constrained, it is treated as combinational output.
W: Timing-4086: Port 'mem_dqs[1]' is not constrained, it is treated as combinational input.
W: Timing-4087: Port 'mem_dqs[1]' is not constrained, it is treated as combinational output.
W: Timing-4086: Port 'mem_dqs[2]' is not constrained, it is treated as combinational input.
W: Timing-4087: Port 'mem_dqs[2]' is not constrained, it is treated as combinational output.
W: Timing-4086: Port 'mem_dqs[3]' is not constrained, it is treated as combinational input.
W: Timing-4087: Port 'mem_dqs[3]' is not constrained, it is treated as combinational output.
W: Timing-4086: Port 'mem_dqs_n[0]' is not constrained, it is treated as combinational input.
W: Timing-4087: Port 'mem_dqs_n[0]' is not constrained, it is treated as combinational output.
W: Timing-4086: Port 'mem_dqs_n[1]' is not constrained, it is treated as combinational input.
W: Timing-4087: Port 'mem_dqs_n[1]' is not constrained, it is treated as combinational output.
W: Timing-4086: Port 'mem_dqs_n[2]' is not constrained, it is treated as combinational input.
W: Timing-4087: Port 'mem_dqs_n[2]' is not constrained, it is treated as combinational output.
W: Timing-4086: Port 'mem_dqs_n[3]' is not constrained, it is treated as combinational input.
W: Timing-4087: Port 'mem_dqs_n[3]' is not constrained, it is treated as combinational output.
W: Timing-4087: Port 'b_out[0]' is not constrained, it is treated as combinational output.
W: Timing-4087: Port 'b_out[1]' is not constrained, it is treated as combinational output.
W: Timing-4087: Port 'b_out[2]' is not constrained, it is treated as combinational output.
W: Timing-4087: Port 'b_out[3]' is not constrained, it is treated as combinational output.
W: Timing-4087: Port 'b_out[4]' is not constrained, it is treated as combinational output.
W: Timing-4087: Port 'b_out[5]' is not constrained, it is treated as combinational output.
W: Timing-4087: Port 'b_out[6]' is not constrained, it is treated as combinational output.
W: Timing-4087: Port 'b_out[7]' is not constrained, it is treated as combinational output.
W: Timing-4087: Port 'cmos1_reset' is not constrained, it is treated as combinational output.
W: Timing-4087: Port 'cmos2_reset' is not constrained, it is treated as combinational output.
W: Timing-4087: Port 'cmos_init_done[0]' is not constrained, it is treated as combinational output.
W: Timing-4087: Port 'cmos_init_done[1]' is not constrained, it is treated as combinational output.
W: Timing-4087: Port 'ddr_init_done' is not constrained, it is treated as combinational output.
W: Timing-4087: Port 'de_out' is not constrained, it is treated as combinational output.
W: Timing-4087: Port 'g_out[0]' is not constrained, it is treated as combinational output.
W: Timing-4087: Port 'g_out[1]' is not constrained, it is treated as combinational output.
W: Timing-4087: Port 'g_out[2]' is not constrained, it is treated as combinational output.
W: Timing-4087: Port 'g_out[3]' is not constrained, it is treated as combinational output.
W: Timing-4087: Port 'g_out[4]' is not constrained, it is treated as combinational output.
W: Timing-4087: Port 'g_out[5]' is not constrained, it is treated as combinational output.
W: Timing-4087: Port 'g_out[6]' is not constrained, it is treated as combinational output.
W: Timing-4087: Port 'g_out[7]' is not constrained, it is treated as combinational output.
W: Timing-4087: Port 'hdmi_int_led' is not constrained, it is treated as combinational output.
W: Timing-4087: Port 'heart_beat_led' is not constrained, it is treated as combinational output.
W: Timing-4087: Port 'hs_out' is not constrained, it is treated as combinational output.
W: Timing-4087: Port 'iic_tx_scl' is not constrained, it is treated as combinational output.
W: Timing-4087: Port 'mem_a[0]' is not constrained, it is treated as combinational output.
W: Timing-4087: Port 'mem_a[1]' is not constrained, it is treated as combinational output.
W: Timing-4087: Port 'mem_a[2]' is not constrained, it is treated as combinational output.
W: Timing-4087: Port 'mem_a[3]' is not constrained, it is treated as combinational output.
W: Timing-4087: Port 'mem_a[4]' is not constrained, it is treated as combinational output.
W: Timing-4087: Port 'mem_a[5]' is not constrained, it is treated as combinational output.
W: Timing-4087: Port 'mem_a[6]' is not constrained, it is treated as combinational output.
W: Timing-4087: Port 'mem_a[7]' is not constrained, it is treated as combinational output.
W: Timing-4087: Port 'mem_a[8]' is not constrained, it is treated as combinational output.
W: Timing-4087: Port 'mem_a[9]' is not constrained, it is treated as combinational output.
W: Timing-4087: Port 'mem_a[10]' is not constrained, it is treated as combinational output.
W: Timing-4087: Port 'mem_a[11]' is not constrained, it is treated as combinational output.
W: Timing-4087: Port 'mem_a[12]' is not constrained, it is treated as combinational output.
W: Timing-4087: Port 'mem_a[13]' is not constrained, it is treated as combinational output.
W: Timing-4087: Port 'mem_a[14]' is not constrained, it is treated as combinational output.
W: Timing-4087: Port 'mem_ba[0]' is not constrained, it is treated as combinational output.
W: Timing-4087: Port 'mem_ba[1]' is not constrained, it is treated as combinational output.
W: Timing-4087: Port 'mem_ba[2]' is not constrained, it is treated as combinational output.
W: Timing-4087: Port 'mem_cas_n' is not constrained, it is treated as combinational output.
W: Timing-4087: Port 'mem_ck' is not constrained, it is treated as combinational output.
W: Timing-4087: Port 'mem_ck_n' is not constrained, it is treated as combinational output.
W: Timing-4087: Port 'mem_cke' is not constrained, it is treated as combinational output.
W: Timing-4087: Port 'mem_cs_n' is not constrained, it is treated as combinational output.
W: Timing-4087: Port 'mem_dm[0]' is not constrained, it is treated as combinational output.
W: Timing-4087: Port 'mem_dm[1]' is not constrained, it is treated as combinational output.
W: Timing-4087: Port 'mem_dm[2]' is not constrained, it is treated as combinational output.
W: Timing-4087: Port 'mem_dm[3]' is not constrained, it is treated as combinational output.
W: Timing-4087: Port 'mem_odt' is not constrained, it is treated as combinational output.
W: Timing-4087: Port 'mem_ras_n' is not constrained, it is treated as combinational output.
W: Timing-4087: Port 'mem_rst_n' is not constrained, it is treated as combinational output.
W: Timing-4087: Port 'mem_we_n' is not constrained, it is treated as combinational output.
W: Timing-4087: Port 'pix_clk' is not constrained, it is treated as combinational output.
W: Timing-4087: Port 'r_out[0]' is not constrained, it is treated as combinational output.
W: Timing-4087: Port 'r_out[1]' is not constrained, it is treated as combinational output.
W: Timing-4087: Port 'r_out[2]' is not constrained, it is treated as combinational output.
W: Timing-4087: Port 'r_out[3]' is not constrained, it is treated as combinational output.
W: Timing-4087: Port 'r_out[4]' is not constrained, it is treated as combinational output.
W: Timing-4087: Port 'r_out[5]' is not constrained, it is treated as combinational output.
W: Timing-4087: Port 'r_out[6]' is not constrained, it is treated as combinational output.
W: Timing-4087: Port 'r_out[7]' is not constrained, it is treated as combinational output.
W: Timing-4087: Port 'rstn_out' is not constrained, it is treated as combinational output.
W: Timing-4087: Port 'vs_out' is not constrained, it is treated as combinational output.
W: Timing-4086: Port 'cmos1_data[0]' is not constrained, it is treated as combinational input.
W: Timing-4086: Port 'cmos1_data[1]' is not constrained, it is treated as combinational input.
W: Timing-4086: Port 'cmos1_data[2]' is not constrained, it is treated as combinational input.
W: Timing-4086: Port 'cmos1_data[3]' is not constrained, it is treated as combinational input.
W: Timing-4086: Port 'cmos1_data[4]' is not constrained, it is treated as combinational input.
W: Timing-4086: Port 'cmos1_data[5]' is not constrained, it is treated as combinational input.
W: Timing-4086: Port 'cmos1_data[6]' is not constrained, it is treated as combinational input.
W: Timing-4086: Port 'cmos1_data[7]' is not constrained, it is treated as combinational input.
W: Timing-4086: Port 'cmos1_href' is not constrained, it is treated as combinational input.
W: Timing-4086: Port 'cmos1_vsync' is not constrained, it is treated as combinational input.
W: Timing-4086: Port 'cmos2_data[0]' is not constrained, it is treated as combinational input.
W: Timing-4086: Port 'cmos2_data[1]' is not constrained, it is treated as combinational input.
W: Timing-4086: Port 'cmos2_data[2]' is not constrained, it is treated as combinational input.
W: Timing-4086: Port 'cmos2_data[3]' is not constrained, it is treated as combinational input.
W: Timing-4086: Port 'cmos2_data[4]' is not constrained, it is treated as combinational input.
W: Timing-4086: Port 'cmos2_data[5]' is not constrained, it is treated as combinational input.
W: Timing-4086: Port 'cmos2_data[6]' is not constrained, it is treated as combinational input.
W: Timing-4086: Port 'cmos2_data[7]' is not constrained, it is treated as combinational input.
W: Timing-4086: Port 'cmos2_href' is not constrained, it is treated as combinational input.
W: Timing-4086: Port 'cmos2_vsync' is not constrained, it is treated as combinational input.
Report timing is finished successfully.
Action report_timing: Real time elapsed is 0h:0m:19s
Action report_timing: CPU time elapsed is 0h:0m:10s
Action report_timing: Process CPU time elapsed is 0h:0m:13s
Current time: Sat Nov  4 14:33:23 2023
Action report_timing: Peak memory pool usage is 1,316 MB
