#Build: Fabric Compiler 2022.2-SP1-Lite, Build 132640, Aug 18 15:12 2023
#Install: E:\pango\PDS_2022.2-SP1-Lite\bin
#Application name: pds_shell.exe
#OS: Windows 10 10.0.22621
#Hostname: Oranoutsider
Generated by Fabric Compiler (version 2022.2-SP1-Lite build 132640) at Thu Nov 16 11:45:51 2023
Compiling verification operator library.
Compiling common defs.
Loading technology operator library.
Compiling technology operator library.
Compiling technology operator (valence) library.
Compiling operator packing rules.
Compiling prim grid devices.
Compiling gate devices.
Compiling gate operators.
Compiling tech operator impls.
Building architecture model.
Loading device packaging model.
Generating cores. Please be patient as this can take several minutes...
  >Generating core DebugCore0...
  >Running ADS for debugcore...
  >Making net connections...
Core Insertion Complete.
C: SDC-2025: Clock source 'n:coms1_reg_config/clock_20k' need a clock constraint, please use 'create_clock' or 'create_generate_clock' to generate.
Flattening design 'hdmi_ddr_ov5640_top'
W: Public-4008: Instance 'u_CORES/u_debug_core_0/u_hub_data_decode/conf_rden[3]' of 'GTP_DFF_C' unit is dangling and will be cleaned.
W: Public-4008: Instance 'u_CORES/u_debug_core_0/u_hub_data_decode/conf_rden[4]' of 'GTP_DFF_C' unit is dangling and will be cleaned.
W: Public-4008: Instance 'u_CORES/u_debug_core_0/u_hub_data_decode/conf_rden[5]' of 'GTP_DFF_C' unit is dangling and will be cleaned.
W: Public-4008: Instance 'u_CORES/u_debug_core_0/u_hub_data_decode/conf_rden[6]' of 'GTP_DFF_C' unit is dangling and will be cleaned.
W: Public-4008: Instance 'u_CORES/u_debug_core_0/u_hub_data_decode/conf_rden[7]' of 'GTP_DFF_C' unit is dangling and will be cleaned.
W: Public-4008: Instance 'u_CORES/u_debug_core_0/u_hub_data_decode/conf_rden[8]' of 'GTP_DFF_C' unit is dangling and will be cleaned.
W: Public-4008: Instance 'u_CORES/u_debug_core_0/u_hub_data_decode/conf_rden[9]' of 'GTP_DFF_C' unit is dangling and will be cleaned.
W: Public-4008: Instance 'u_CORES/u_debug_core_0/u_hub_data_decode/conf_rden[10]' of 'GTP_DFF_C' unit is dangling and will be cleaned.
W: Public-4008: Instance 'u_CORES/u_debug_core_0/u_hub_data_decode/conf_rden[11]' of 'GTP_DFF_C' unit is dangling and will be cleaned.
W: Public-4008: Instance 'u_CORES/u_debug_core_0/u_hub_data_decode/conf_rden[12]' of 'GTP_DFF_C' unit is dangling and will be cleaned.
W: Public-4008: Instance 'u_CORES/u_debug_core_0/u_hub_data_decode/conf_rden[13]' of 'GTP_DFF_C' unit is dangling and will be cleaned.
W: Public-4008: Instance 'u_CORES/u_debug_core_0/u_hub_data_decode/conf_rden[14]' of 'GTP_DFF_C' unit is dangling and will be cleaned.
W: Public-4008: Instance 'u_CORES/u_debug_core_0/u_hub_data_decode/conf_rden[15]' of 'GTP_DFF_C' unit is dangling and will be cleaned.
W: Public-4008: Instance 'u_CORES/u_debug_core_0/u_hub_data_decode/conf_rden[17]' of 'GTP_DFF_C' unit is dangling and will be cleaned.
W: Public-4008: Instance 'u_CORES/u_debug_core_0/u_hub_data_decode/conf_rden[19]' of 'GTP_DFF_C' unit is dangling and will be cleaned.
W: Public-4008: Instance 'u_CORES/u_debug_core_0/u_hub_data_decode/conf_sel_int[3]' of 'GTP_DFF_C' unit is dangling and will be cleaned.
W: Public-4008: Instance 'u_CORES/u_debug_core_0/u_hub_data_decode/conf_sel_int[4]' of 'GTP_DFF_C' unit is dangling and will be cleaned.
W: Public-4008: Instance 'u_CORES/u_debug_core_0/u_hub_data_decode/conf_sel_int[5]' of 'GTP_DFF_C' unit is dangling and will be cleaned.
W: Public-4008: Instance 'u_CORES/u_debug_core_0/u_hub_data_decode/conf_sel_int[6]' of 'GTP_DFF_C' unit is dangling and will be cleaned.
W: Public-4008: Instance 'u_CORES/u_debug_core_0/u_hub_data_decode/conf_sel_int[7]' of 'GTP_DFF_C' unit is dangling and will be cleaned.
W: Public-4008: Instance 'u_CORES/u_debug_core_0/u_hub_data_decode/conf_sel_int[8]' of 'GTP_DFF_C' unit is dangling and will be cleaned.
W: Public-4008: Instance 'u_CORES/u_debug_core_0/u_hub_data_decode/conf_sel_int[9]' of 'GTP_DFF_C' unit is dangling and will be cleaned.
W: Public-4008: Instance 'u_CORES/u_debug_core_0/u_hub_data_decode/conf_sel_int[10]' of 'GTP_DFF_C' unit is dangling and will be cleaned.
W: Public-4008: Instance 'u_CORES/u_debug_core_0/u_hub_data_decode/conf_sel_int[11]' of 'GTP_DFF_C' unit is dangling and will be cleaned.
W: Public-4008: Instance 'u_CORES/u_debug_core_0/u_hub_data_decode/conf_sel_int[12]' of 'GTP_DFF_C' unit is dangling and will be cleaned.
W: Public-4008: Instance 'u_CORES/u_debug_core_0/u_hub_data_decode/conf_sel_int[13]' of 'GTP_DFF_C' unit is dangling and will be cleaned.
W: Public-4008: Instance 'u_CORES/u_debug_core_0/u_hub_data_decode/conf_sel_int[14]' of 'GTP_DFF_C' unit is dangling and will be cleaned.
W: Public-4008: Instance 'u_CORES/u_debug_core_0/u_hub_data_decode/conf_sel_int[15]' of 'GTP_DFF_C' unit is dangling and will be cleaned.
W: Public-4008: Instance 'u_CORES/u_debug_core_0/u_hub_data_decode/conf_sel_int[17]' of 'GTP_DFF_C' unit is dangling and will be cleaned.
W: Public-4008: Instance 'u_CORES/u_debug_core_0/u_hub_data_decode/conf_sel_int[19]' of 'GTP_DFF_C' unit is dangling and will be cleaned.
Device mapping started.
Optimizing circuit logic.
W: Public-4008: Instance 'hdmi_in/data_out[0]' of 'GTP_DFF_R' unit is dangling and will be cleaned.
W: Public-4008: Instance 'hdmi_in/data_out[1]' of 'GTP_DFF_R' unit is dangling and will be cleaned.
W: Public-4008: Instance 'hdmi_in/data_out[2]' of 'GTP_DFF_R' unit is dangling and will be cleaned.
W: Public-4008: Instance 'hdmi_in/data_out[8]' of 'GTP_DFF_R' unit is dangling and will be cleaned.
W: Public-4008: Instance 'hdmi_in/data_out[9]' of 'GTP_DFF_R' unit is dangling and will be cleaned.
W: Public-4008: Instance 'hdmi_in/data_out[16]' of 'GTP_DFF_R' unit is dangling and will be cleaned.
W: Public-4008: Instance 'hdmi_in/data_out[17]' of 'GTP_DFF_R' unit is dangling and will be cleaned.
W: Public-4008: Instance 'hdmi_in/data_out[18]' of 'GTP_DFF_R' unit is dangling and will be cleaned.
W: Public-4008: Instance 'hdmi_in/hs_out' of 'GTP_DFF_R' unit is dangling and will be cleaned.
W: Public-4008: Instance 'hdmi_in/i_data_scaler[0]' of 'GTP_DFF_R' unit is dangling and will be cleaned.
W: Public-4008: Instance 'hdmi_in/i_data_scaler[8]' of 'GTP_DFF_R' unit is dangling and will be cleaned.
W: Public-4008: Instance 'hdmi_in/i_data_scaler[16]' of 'GTP_DFF_R' unit is dangling and will be cleaned.
W: Public-4008: Instance 'hdmi_in/o_de_scaler_1d' of 'GTP_DFF' unit is dangling and will be cleaned.
W: Public-4008: Instance 'hdmi_in/o_vs_scaler_1d' of 'GTP_DFF' unit is dangling and will be cleaned.
W: Public-4008: Instance 'hdmi_in/scaler_v_cnt[0]' of 'GTP_DFF_RE' unit is dangling and will be cleaned.
W: Public-4008: Instance 'hdmi_in/scaler_v_cnt[1]' of 'GTP_DFF_RE' unit is dangling and will be cleaned.
W: Public-4008: Instance 'hdmi_in/scaler_v_cnt[2]' of 'GTP_DFF_RE' unit is dangling and will be cleaned.
W: Public-4008: Instance 'hdmi_in/scaler_v_cnt[3]' of 'GTP_DFF_RE' unit is dangling and will be cleaned.
W: Public-4008: Instance 'hdmi_in/scaler_v_cnt[4]' of 'GTP_DFF_RE' unit is dangling and will be cleaned.
W: Public-4008: Instance 'hdmi_in/scaler_v_cnt[5]' of 'GTP_DFF_RE' unit is dangling and will be cleaned.
W: Public-4008: Instance 'hdmi_in/scaler_v_cnt[6]' of 'GTP_DFF_RE' unit is dangling and will be cleaned.
W: Public-4008: Instance 'hdmi_in/scaler_v_cnt[7]' of 'GTP_DFF_RE' unit is dangling and will be cleaned.
W: Public-4008: Instance 'hdmi_in/scaler_v_cnt[8]' of 'GTP_DFF_RE' unit is dangling and will be cleaned.
W: Public-4008: Instance 'hdmi_in/u_image_scaler/o_pixel[0]' of 'GTP_DFF_R' unit is dangling and will be cleaned.
W: Public-4008: Instance 'hdmi_in/u_image_scaler/o_pixel[1]' of 'GTP_DFF_R' unit is dangling and will be cleaned.
W: Public-4008: Instance 'hdmi_in/u_image_scaler/o_pixel[2]' of 'GTP_DFF_R' unit is dangling and will be cleaned.
W: Public-4008: Instance 'hdmi_in/u_image_scaler/o_pixel[8]' of 'GTP_DFF_R' unit is dangling and will be cleaned.
W: Public-4008: Instance 'hdmi_in/u_image_scaler/o_pixel[9]' of 'GTP_DFF_R' unit is dangling and will be cleaned.
W: Public-4008: Instance 'hdmi_in/u_image_scaler/o_pixel[16]' of 'GTP_DFF_R' unit is dangling and will be cleaned.
W: Public-4008: Instance 'hdmi_in/u_image_scaler/o_pixel[17]' of 'GTP_DFF_R' unit is dangling and will be cleaned.
W: Public-4008: Instance 'hdmi_in/u_image_scaler/o_pixel[18]' of 'GTP_DFF_R' unit is dangling and will be cleaned.
W: Public-4008: Instance 'hdmi_in/u_image_scaler/pix[0]' of 'GTP_DFF_R' unit is dangling and will be cleaned.
W: Public-4008: Instance 'hdmi_in/u_image_scaler/pix[1]' of 'GTP_DFF_R' unit is dangling and will be cleaned.
W: Public-4008: Instance 'hdmi_in/u_image_scaler/pix[2]' of 'GTP_DFF_R' unit is dangling and will be cleaned.
W: Public-4008: Instance 'hdmi_in/u_image_scaler/pix[8]' of 'GTP_DFF_R' unit is dangling and will be cleaned.
W: Public-4008: Instance 'hdmi_in/u_image_scaler/pix[9]' of 'GTP_DFF_R' unit is dangling and will be cleaned.
W: Public-4008: Instance 'hdmi_in/u_image_scaler/pix[16]' of 'GTP_DFF_R' unit is dangling and will be cleaned.
W: Public-4008: Instance 'hdmi_in/u_image_scaler/pix[17]' of 'GTP_DFF_R' unit is dangling and will be cleaned.
W: Public-4008: Instance 'hdmi_in/u_image_scaler/pix[18]' of 'GTP_DFF_R' unit is dangling and will be cleaned.
W: Public-4008: Instance 'hdmi_in/u_image_scaler/pixel_data0[0]' of 'GTP_DFF_RE' unit is dangling and will be cleaned.
W: Public-4008: Instance 'hdmi_in/u_image_scaler/pixel_data0[8]' of 'GTP_DFF_RE' unit is dangling and will be cleaned.
W: Public-4008: Instance 'hdmi_in/u_image_scaler/pixel_data0[16]' of 'GTP_DFF_RE' unit is dangling and will be cleaned.
W: Public-4008: Instance 'hdmi_in/u_image_scaler/pixel_data1[0]' of 'GTP_DFF_RE' unit is dangling and will be cleaned.
W: Public-4008: Instance 'hdmi_in/u_image_scaler/pixel_data1[8]' of 'GTP_DFF_RE' unit is dangling and will be cleaned.
W: Public-4008: Instance 'hdmi_in/u_image_scaler/pixel_data1[16]' of 'GTP_DFF_RE' unit is dangling and will be cleaned.
W: Public-4008: Instance 'hdmi_in/u_image_scaler/pixel_data2[0]' of 'GTP_DFF_RE' unit is dangling and will be cleaned.
W: Public-4008: Instance 'hdmi_in/u_image_scaler/pixel_data2[8]' of 'GTP_DFF_RE' unit is dangling and will be cleaned.
W: Public-4008: Instance 'hdmi_in/u_image_scaler/pixel_data2[16]' of 'GTP_DFF_RE' unit is dangling and will be cleaned.
W: Public-4008: Instance 'hdmi_in/u_image_scaler/pixel_data3[0]' of 'GTP_DFF_RE' unit is dangling and will be cleaned.
W: Public-4008: Instance 'hdmi_in/u_image_scaler/pixel_data3[8]' of 'GTP_DFF_RE' unit is dangling and will be cleaned.
W: Public-4008: Instance 'hdmi_in/u_image_scaler/pixel_data3[16]' of 'GTP_DFF_RE' unit is dangling and will be cleaned.
W: Public-4008: Instance 'hdmi_in/u_image_scaler/v_cnt[0]' of 'GTP_DFF_RE' unit is dangling and will be cleaned.
W: Public-4008: Instance 'hdmi_in/u_image_scaler/v_cnt[1]' of 'GTP_DFF_RE' unit is dangling and will be cleaned.
W: Public-4008: Instance 'hdmi_in/u_image_scaler/v_cnt[2]' of 'GTP_DFF_RE' unit is dangling and will be cleaned.
W: Public-4008: Instance 'hdmi_in/u_image_scaler/v_cnt[3]' of 'GTP_DFF_RE' unit is dangling and will be cleaned.
W: Public-4008: Instance 'hdmi_in/u_image_scaler/v_cnt[4]' of 'GTP_DFF_RE' unit is dangling and will be cleaned.
W: Public-4008: Instance 'hdmi_in/u_image_scaler/v_cnt[5]' of 'GTP_DFF_RE' unit is dangling and will be cleaned.
W: Public-4008: Instance 'hdmi_in/u_image_scaler/v_cnt[6]' of 'GTP_DFF_RE' unit is dangling and will be cleaned.
W: Public-4008: Instance 'hdmi_in/u_image_scaler/v_cnt[7]' of 'GTP_DFF_RE' unit is dangling and will be cleaned.
W: Public-4008: Instance 'hdmi_in/u_image_scaler/v_cnt[8]' of 'GTP_DFF_RE' unit is dangling and will be cleaned.
W: Public-4008: Instance 'hdmi_in/u_image_scaler/v_cnt[9]' of 'GTP_DFF_RE' unit is dangling and will be cleaned.
W: Public-4008: Instance 'hdmi_in/u_image_scaler/v_cnt[10]' of 'GTP_DFF_RE' unit is dangling and will be cleaned.
W: Public-4008: Instance 'hdmi_in/u_image_scaler/vs_out' of 'GTP_DFF_R' unit is dangling and will be cleaned.
W: Public-4008: Instance 'ms72xx_ctl/ms7200_ctl/freq_rec[0]' of 'GTP_DFF_RE' unit is dangling and will be cleaned.
W: Public-4008: Instance 'ms72xx_ctl/ms7200_ctl/freq_rec[1]' of 'GTP_DFF_RE' unit is dangling and will be cleaned.
W: Public-4008: Instance 'ms72xx_ctl/ms7200_ctl/freq_rec_1d[0]' of 'GTP_DFF' unit is dangling and will be cleaned.
W: Public-4008: Instance 'ms72xx_ctl/ms7200_ctl/freq_rec_1d[1]' of 'GTP_DFF' unit is dangling and will be cleaned.
W: Public-4008: Instance 'ms72xx_ctl/ms7200_ctl/freq_rec_1d[2]' of 'GTP_DFF' unit is dangling and will be cleaned.
W: Public-4008: Instance 'ms72xx_ctl/ms7200_ctl/freq_rec_1d[3]' of 'GTP_DFF' unit is dangling and will be cleaned.
W: Public-4008: Instance 'ms72xx_ctl/ms7200_ctl/freq_rec_1d[4]' of 'GTP_DFF' unit is dangling and will be cleaned.
W: Public-4008: Instance 'ms72xx_ctl/ms7200_ctl/freq_rec_1d[5]' of 'GTP_DFF' unit is dangling and will be cleaned.
W: Public-4008: Instance 'ms72xx_ctl/ms7200_ctl/freq_rec_1d[6]' of 'GTP_DFF' unit is dangling and will be cleaned.
W: Public-4008: Instance 'ms72xx_ctl/ms7200_ctl/freq_rec_1d[7]' of 'GTP_DFF' unit is dangling and will be cleaned.
W: Public-4008: Instance 'ms72xx_ctl/ms7200_ctl/freq_rec_1d[8]' of 'GTP_DFF' unit is dangling and will be cleaned.
W: Public-4008: Instance 'ms72xx_ctl/ms7200_ctl/freq_rec_1d[9]' of 'GTP_DFF' unit is dangling and will be cleaned.
W: Public-4008: Instance 'ms72xx_ctl/ms7200_ctl/freq_rec_1d[10]' of 'GTP_DFF' unit is dangling and will be cleaned.
W: Public-4008: Instance 'ms72xx_ctl/ms7200_ctl/freq_rec_1d[11]' of 'GTP_DFF' unit is dangling and will be cleaned.
W: Public-4008: Instance 'ms72xx_ctl/ms7200_ctl/freq_rec_1d[12]' of 'GTP_DFF' unit is dangling and will be cleaned.
W: Public-4008: Instance 'ms72xx_ctl/ms7200_ctl/freq_rec_1d[13]' of 'GTP_DFF' unit is dangling and will be cleaned.
W: Public-4008: Instance 'ms72xx_ctl/ms7200_ctl/freq_rec_1d[14]' of 'GTP_DFF' unit is dangling and will be cleaned.
W: Public-4008: Instance 'ms72xx_ctl/ms7200_ctl/freq_rec_1d[15]' of 'GTP_DFF' unit is dangling and will be cleaned.
W: Public-4008: Instance 'ms72xx_ctl/ms7200_ctl/freq_rec_1d[18]' of 'GTP_DFF' unit is dangling and will be cleaned.
W: Public-4008: Instance 'ms72xx_ctl/ms7200_ctl/freq_rec_1d[19]' of 'GTP_DFF' unit is dangling and will be cleaned.
W: Public-4008: Instance 'ms72xx_ctl/ms7200_ctl/freq_rec_1d[20]' of 'GTP_DFF' unit is dangling and will be cleaned.
W: Public-4008: Instance 'ms72xx_ctl/ms7200_ctl/freq_rec_1d[21]' of 'GTP_DFF' unit is dangling and will be cleaned.
W: Public-4008: Instance 'ms72xx_ctl/ms7200_ctl/freq_rec_1d[22]' of 'GTP_DFF' unit is dangling and will be cleaned.
W: Public-4008: Instance 'ms72xx_ctl/ms7200_ctl/freq_rec_1d[23]' of 'GTP_DFF' unit is dangling and will be cleaned.
W: Public-4008: Instance 'ms72xx_ctl/ms7200_ctl/freq_rec_1d[24]' of 'GTP_DFF' unit is dangling and will be cleaned.
W: Public-4008: Instance 'ms72xx_ctl/ms7200_ctl/freq_rec_1d[25]' of 'GTP_DFF' unit is dangling and will be cleaned.
W: Public-4008: Instance 'ms72xx_ctl/ms7200_ctl/freq_rec_1d[26]' of 'GTP_DFF' unit is dangling and will be cleaned.
W: Public-4008: Instance 'ms72xx_ctl/ms7200_ctl/freq_rec_1d[27]' of 'GTP_DFF' unit is dangling and will be cleaned.
W: Public-4008: Instance 'ms72xx_ctl/ms7200_ctl/freq_rec_1d[28]' of 'GTP_DFF' unit is dangling and will be cleaned.
W: Public-4008: Instance 'ms72xx_ctl/ms7200_ctl/freq_rec_1d[29]' of 'GTP_DFF' unit is dangling and will be cleaned.
W: Public-4008: Instance 'ms72xx_ctl/ms7200_ctl/freq_rec_1d[30]' of 'GTP_DFF' unit is dangling and will be cleaned.
W: Public-4008: Instance 'ms72xx_ctl/ms7200_ctl/freq_rec_1d[31]' of 'GTP_DFF' unit is dangling and will be cleaned.
W: Public-4008: Instance 'ms72xx_ctl/ms7200_ctl/freq_rec[2]' of 'GTP_DFF_RE' unit is dangling and will be cleaned.
W: Public-4008: Instance 'ms72xx_ctl/ms7200_ctl/freq_rec_2d[0]' of 'GTP_DFF_E' unit is dangling and will be cleaned.
W: Public-4008: Instance 'ms72xx_ctl/ms7200_ctl/freq_rec_2d[1]' of 'GTP_DFF_E' unit is dangling and will be cleaned.
W: Public-4008: Instance 'ms72xx_ctl/ms7200_ctl/freq_rec_2d[2]' of 'GTP_DFF_E' unit is dangling and will be cleaned.
W: Public-4008: Instance 'ms72xx_ctl/ms7200_ctl/freq_rec_2d[3]' of 'GTP_DFF_E' unit is dangling and will be cleaned.
W: Public-4008: Instance 'ms72xx_ctl/ms7200_ctl/freq_rec_2d[4]' of 'GTP_DFF_E' unit is dangling and will be cleaned.
W: Public-4008: Instance 'ms72xx_ctl/ms7200_ctl/freq_rec_2d[5]' of 'GTP_DFF_E' unit is dangling and will be cleaned.
W: Public-4008: Instance 'ms72xx_ctl/ms7200_ctl/freq_rec_2d[6]' of 'GTP_DFF_E' unit is dangling and will be cleaned.
W: Public-4008: Instance 'ms72xx_ctl/ms7200_ctl/freq_rec_2d[7]' of 'GTP_DFF_E' unit is dangling and will be cleaned.
W: Public-4008: Instance 'ms72xx_ctl/ms7200_ctl/freq_rec_2d[8]' of 'GTP_DFF_E' unit is dangling and will be cleaned.
W: Public-4008: Instance 'ms72xx_ctl/ms7200_ctl/freq_rec_2d[9]' of 'GTP_DFF_E' unit is dangling and will be cleaned.
W: Public-4008: Instance 'ms72xx_ctl/ms7200_ctl/freq_rec_2d[10]' of 'GTP_DFF_E' unit is dangling and will be cleaned.
W: Public-4008: Instance 'ms72xx_ctl/ms7200_ctl/freq_rec_2d[11]' of 'GTP_DFF_E' unit is dangling and will be cleaned.
W: Public-4008: Instance 'ms72xx_ctl/ms7200_ctl/freq_rec_2d[12]' of 'GTP_DFF_E' unit is dangling and will be cleaned.
W: Public-4008: Instance 'ms72xx_ctl/ms7200_ctl/freq_rec_2d[13]' of 'GTP_DFF_E' unit is dangling and will be cleaned.
W: Public-4008: Instance 'ms72xx_ctl/ms7200_ctl/freq_rec_2d[14]' of 'GTP_DFF_E' unit is dangling and will be cleaned.
W: Public-4008: Instance 'ms72xx_ctl/ms7200_ctl/freq_rec_2d[15]' of 'GTP_DFF_E' unit is dangling and will be cleaned.
W: Public-4008: Instance 'ms72xx_ctl/ms7200_ctl/freq_rec_2d[18]' of 'GTP_DFF_E' unit is dangling and will be cleaned.
W: Public-4008: Instance 'ms72xx_ctl/ms7200_ctl/freq_rec_2d[19]' of 'GTP_DFF_E' unit is dangling and will be cleaned.
W: Public-4008: Instance 'ms72xx_ctl/ms7200_ctl/freq_rec_2d[20]' of 'GTP_DFF_E' unit is dangling and will be cleaned.
W: Public-4008: Instance 'ms72xx_ctl/ms7200_ctl/freq_rec_2d[21]' of 'GTP_DFF_E' unit is dangling and will be cleaned.
W: Public-4008: Instance 'ms72xx_ctl/ms7200_ctl/freq_rec_2d[22]' of 'GTP_DFF_E' unit is dangling and will be cleaned.
W: Public-4008: Instance 'ms72xx_ctl/ms7200_ctl/freq_rec_2d[23]' of 'GTP_DFF_E' unit is dangling and will be cleaned.
W: Public-4008: Instance 'ms72xx_ctl/ms7200_ctl/freq_rec_2d[24]' of 'GTP_DFF_E' unit is dangling and will be cleaned.
W: Public-4008: Instance 'ms72xx_ctl/ms7200_ctl/freq_rec_2d[25]' of 'GTP_DFF_E' unit is dangling and will be cleaned.
W: Public-4008: Instance 'ms72xx_ctl/ms7200_ctl/freq_rec_2d[26]' of 'GTP_DFF_E' unit is dangling and will be cleaned.
W: Public-4008: Instance 'ms72xx_ctl/ms7200_ctl/freq_rec_2d[27]' of 'GTP_DFF_E' unit is dangling and will be cleaned.
W: Public-4008: Instance 'ms72xx_ctl/ms7200_ctl/freq_rec_2d[28]' of 'GTP_DFF_E' unit is dangling and will be cleaned.
W: Public-4008: Instance 'ms72xx_ctl/ms7200_ctl/freq_rec_2d[29]' of 'GTP_DFF_E' unit is dangling and will be cleaned.
W: Public-4008: Instance 'ms72xx_ctl/ms7200_ctl/freq_rec_2d[30]' of 'GTP_DFF_E' unit is dangling and will be cleaned.
W: Public-4008: Instance 'ms72xx_ctl/ms7200_ctl/freq_rec_2d[31]' of 'GTP_DFF_E' unit is dangling and will be cleaned.
W: Public-4008: Instance 'ms72xx_ctl/ms7200_ctl/freq_rec[3]' of 'GTP_DFF_RE' unit is dangling and will be cleaned.
W: Public-4008: Instance 'ms72xx_ctl/ms7200_ctl/freq_rec[4]' of 'GTP_DFF_RE' unit is dangling and will be cleaned.
W: Public-4008: Instance 'ms72xx_ctl/ms7200_ctl/freq_rec[5]' of 'GTP_DFF_RE' unit is dangling and will be cleaned.
W: Public-4008: Instance 'ms72xx_ctl/ms7200_ctl/freq_rec[6]' of 'GTP_DFF_RE' unit is dangling and will be cleaned.
W: Public-4008: Instance 'ms72xx_ctl/ms7200_ctl/freq_rec[7]' of 'GTP_DFF_RE' unit is dangling and will be cleaned.
W: Public-4008: Instance 'ms72xx_ctl/ms7200_ctl/freq_rec[8]' of 'GTP_DFF_RE' unit is dangling and will be cleaned.
W: Public-4008: Instance 'ms72xx_ctl/ms7200_ctl/freq_rec[9]' of 'GTP_DFF_RE' unit is dangling and will be cleaned.
W: Public-4008: Instance 'ms72xx_ctl/ms7200_ctl/freq_rec[10]' of 'GTP_DFF_RE' unit is dangling and will be cleaned.
W: Public-4008: Instance 'ms72xx_ctl/ms7200_ctl/freq_rec[11]' of 'GTP_DFF_RE' unit is dangling and will be cleaned.
W: Public-4008: Instance 'ms72xx_ctl/ms7200_ctl/freq_rec[12]' of 'GTP_DFF_RE' unit is dangling and will be cleaned.
W: Public-4008: Instance 'ms72xx_ctl/ms7200_ctl/freq_rec[13]' of 'GTP_DFF_RE' unit is dangling and will be cleaned.
W: Public-4008: Instance 'ms72xx_ctl/ms7200_ctl/freq_rec[14]' of 'GTP_DFF_RE' unit is dangling and will be cleaned.
W: Public-4008: Instance 'ms72xx_ctl/ms7200_ctl/freq_rec[15]' of 'GTP_DFF_RE' unit is dangling and will be cleaned.
W: Public-4008: Instance 'ms72xx_ctl/ms7200_ctl/freq_rec[18]' of 'GTP_DFF_RE' unit is dangling and will be cleaned.
W: Public-4008: Instance 'ms72xx_ctl/ms7200_ctl/freq_rec[19]' of 'GTP_DFF_RE' unit is dangling and will be cleaned.
W: Public-4008: Instance 'ms72xx_ctl/ms7200_ctl/freq_rec[20]' of 'GTP_DFF_RE' unit is dangling and will be cleaned.
W: Public-4008: Instance 'ms72xx_ctl/ms7200_ctl/freq_rec[21]' of 'GTP_DFF_RE' unit is dangling and will be cleaned.
W: Public-4008: Instance 'ms72xx_ctl/ms7200_ctl/freq_rec[22]' of 'GTP_DFF_RE' unit is dangling and will be cleaned.
W: Public-4008: Instance 'ms72xx_ctl/ms7200_ctl/freq_rec[23]' of 'GTP_DFF_RE' unit is dangling and will be cleaned.
W: Public-4008: Instance 'ms72xx_ctl/ms7200_ctl/freq_rec[24]' of 'GTP_DFF_RE' unit is dangling and will be cleaned.
W: Public-4008: Instance 'ms72xx_ctl/ms7200_ctl/freq_rec[25]' of 'GTP_DFF_RE' unit is dangling and will be cleaned.
W: Public-4008: Instance 'ms72xx_ctl/ms7200_ctl/freq_rec[26]' of 'GTP_DFF_RE' unit is dangling and will be cleaned.
W: Public-4008: Instance 'ms72xx_ctl/ms7200_ctl/freq_rec[27]' of 'GTP_DFF_RE' unit is dangling and will be cleaned.
W: Public-4008: Instance 'ms72xx_ctl/ms7200_ctl/freq_rec[28]' of 'GTP_DFF_RE' unit is dangling and will be cleaned.
W: Public-4008: Instance 'ms72xx_ctl/ms7200_ctl/freq_rec[29]' of 'GTP_DFF_RE' unit is dangling and will be cleaned.
W: Public-4008: Instance 'ms72xx_ctl/ms7200_ctl/freq_rec[30]' of 'GTP_DFF_RE' unit is dangling and will be cleaned.
W: Public-4008: Instance 'ms72xx_ctl/ms7200_ctl/freq_rec[31]' of 'GTP_DFF_RE' unit is dangling and will be cleaned.
W: Public-4008: Instance 'cmos1_mix/u_up_median_filter/u1_sub_median_filter/mat_flag_5' of 'GTP_DFF' unit is dangling and will be cleaned.
W: Public-4008: Instance 'cmos1_mix/u_up_median_filter/u1_sub_median_filter/mat_flag_6' of 'GTP_DFF' unit is dangling and will be cleaned.
W: Public-4008: Instance 'cmos1_mix/u_up_median_filter/u1_sub_median_filter/mat_flag_7' of 'GTP_DFF' unit is dangling and will be cleaned.
W: Public-4008: Instance 'cmos2_mix/u_up_median_filter/u1_sub_median_filter/mat_flag_5' of 'GTP_DFF' unit is dangling and will be cleaned.
W: Public-4008: Instance 'cmos2_mix/u_up_median_filter/u1_sub_median_filter/mat_flag_6' of 'GTP_DFF' unit is dangling and will be cleaned.
W: Public-4008: Instance 'cmos2_mix/u_up_median_filter/u1_sub_median_filter/mat_flag_7' of 'GTP_DFF' unit is dangling and will be cleaned.
W: Public-4008: Instance 'cmos2_mix/u_up_median_filter/u3_sub_median_filter/mat_flag_1' of 'GTP_DFF' unit is dangling and will be cleaned.
W: Public-4008: Instance 'cmos2_mix/u_up_median_filter/u3_sub_median_filter/mat_flag_2' of 'GTP_DFF' unit is dangling and will be cleaned.
W: Public-4008: Instance 'cmos2_mix/u_up_median_filter/u3_sub_median_filter/mat_flag_3' of 'GTP_DFF' unit is dangling and will be cleaned.
W: Public-4008: Instance 'cmos2_mix/u_up_median_filter/u3_sub_median_filter/mat_flag_4' of 'GTP_DFF' unit is dangling and will be cleaned.
W: Public-4008: Instance 'cmos2_mix/u_up_median_filter/u3_sub_median_filter/mat_flag_5' of 'GTP_DFF' unit is dangling and will be cleaned.
W: Public-4008: Instance 'cmos2_mix/u_up_median_filter/u3_sub_median_filter/mat_flag_6' of 'GTP_DFF' unit is dangling and will be cleaned.
W: Public-4008: Instance 'cmos2_mix/u_up_median_filter/u3_sub_median_filter/mat_flag_7' of 'GTP_DFF' unit is dangling and will be cleaned.
W: Public-4008: Instance 'fram_buf/wr_rd_ctrl_top/wr_cmd_trans/wr_data_en' of 'GTP_DFF' unit is dangling and will be cleaned.
Checking design netlist.
Processing tech operator.
I: The instance clkbufg_3(GTP_CLKBUFG) has been inserted on the net cmos2_pclk_16bit in design, driver pin CLKDIVOUT(instance cmos2_8_16bit/u_GTP_IOCLKDIV) -> load pin CLK(instance cmos2_8_16bit/de_o).
I: The instance clkbufg_4(GTP_CLKBUFG) has been inserted on the net core_clk in design, driver pin CLKDIVOUT(instance u_DDR3_50H/I_GTP_CLKDIV) -> load pin CLK(instance cnt[0]).
I: The instance clkbufg_5(GTP_CLKBUFG) has been inserted on the net u_CORES/drck_o in design, driver pin TCK_USER(instance u_CORES/u_GTP_SCANCHAIN_PG) -> load pin CLK(instance u_CORES/u_debug_core_0/G_M_1.u1_trig_unit/conf_reg[0]).
I: The instance clkbufg_6(GTP_CLKBUFG) has been inserted on the net cmos1_pclk_16bit in design, driver pin CLKDIVOUT(instance cmos1_8_16bit/u_GTP_IOCLKDIV) -> load pin CLK(instance cmos1_8_16bit/de_o).
I: The instance clkbufg_7(GTP_CLKBUFG) has been inserted on the net nt_pix_clk_in in design, driver pin O(instance pix_clk_in_ibuf) -> load pin CLK(instance fram_buf/wr_buf/wr_cell2/ddr_rstn_1d).
I: The instance clkbufg_8(GTP_CLKBUFG) has been inserted on the net cfg_clk in design, driver pin CLKOUT1(instance u_pll/u_pll_e3) -> load pin CLK(instance ms72xx_ctl/iic_dri_rx/busy).
I: The instance clkbufg_9(GTP_CLKBUFG) has been inserted on the net nt_pix_clk in design, driver pin CLKOUT0(instance u_pll/u_pll_e3) -> load pin CLK(instance b_out[3]).
C: DeviceMap-2011: The net nt_sys_clk has both clock instance u_DDR3_50H/u_clkbufg(GTP_CLKBUFG) loader and other clock pin loader.
I: The instance clkbufg_10(GTP_CLKBUFG) has been inserted on the net nt_cmos1_pclk in design, driver pin O(instance cmos1_pclk_ibuf) -> load pin CLK(instance cmos1_8_16bit/cnt[0]).
I: The instance clkbufg_11(GTP_CLKBUFG) has been inserted on the net nt_cmos2_pclk in design, driver pin O(instance cmos2_pclk_ibuf) -> load pin CLK(instance cmos2_8_16bit/cnt[0]).
I: The instance clkbufg_12(GTP_CLKBUFG) has been inserted on the net nt_rgmii_rxc in design, driver pin O(instance rgmii_rxc_ibuf) -> load pin CLK(instance ethernet_test/cnt_timer[0]).
I: The instance clkbufg_13(GTP_CLKBUFG) has been inserted on the net clk_25M in design, driver pin CLKOUT2(instance u_pll/u_pll_e3) -> load pin CLK(instance coms1_reg_config/clock_20k).
W: DeviceMap-4006: Insert a inst clkgate_14(GTP_IOCLKBUF) before u_DDR3_50H/I_GTP_CLKDIV(GTP_IOCLKDIV).
Converting tech operator to gate operator.
Processing gate operator.
I: Infer CARRY group, base inst: N18_0_1/gateop, insts:13.
I: Infer CARRY group, base inst: N119_0_1/gateop, insts:24.
I: Infer CARRY group, base inst: cmos1_mix/N6_1_1/gateop, insts:11.
I: Infer CARRY group, base inst: cmos2_mix/N6_1_1/gateop, insts:11.
I: Infer CARRY group, base inst: coms1_reg_config/N11_2_1/gateop, insts:10.
I: Infer CARRY group, base inst: coms1_reg_config/N36_1_1/gateop, insts:8.
I: Infer CARRY group, base inst: coms2_reg_config/N36_1_1/gateop, insts:8.
I: Infer CARRY group, base inst: ethernet_test/N33_1_1/gateop, insts:24.
I: Infer CARRY group, base inst: hdmi_in/N44_1_1/gateop, insts:11.
I: Infer CARRY group, base inst: hdmi_in/N52_1_1/gateop, insts:11.
I: Infer CARRY group, base inst: power_on_delay_inst/N5_1_1/gateop, insts:18.
I: Infer CARRY group, base inst: power_on_delay_inst/N17_1_1/gateop, insts:15.
I: Infer CARRY group, base inst: sync_vg/N24_1_1/gateop, insts:9.
I: Infer CARRY group, base inst: sync_vg/N151_1_1/gateop, insts:11.
I: Infer CARRY group, base inst: cmos1_mix/u_saturation/N23.lt_0/gateop, insts:4.
I: Infer CARRY group, base inst: cmos1_mix/u_saturation/N30_2_0/gateop, insts:8.
I: Infer CARRY group, base inst: cmos1_mix/u_saturation/N31.lt_0/gateop, insts:3.
I: Infer CARRY group, base inst: cmos1_mix/u_saturation/N33_2.fsub_1/gateop, insts:5.
I: Infer CARRY group, base inst: cmos1_mix/u_saturation/N36.lt_0/gateop, insts:4.
I: Infer CARRY group, base inst: cmos1_mix/u_saturation/N44.lt_0/gateop, insts:3.
I: Infer CARRY group, base inst: cmos1_mix/u_saturation/N46_2.fsub_1/gateop, insts:5.
I: Infer CARRY group, base inst: cmos1_mix/u_saturation/N49.lt_0/gateop, insts:4.
I: Infer CARRY group, base inst: cmos1_mix/u_saturation/N57.lt_0/gateop, insts:3.
I: Infer CARRY group, base inst: cmos1_mix/u_saturation/N59_2.fsub_1/gateop, insts:5.
I: Infer CARRY group, base inst: cmos1_mix/u_saturation/sum_2_0/gateop, insts:7.
I: Infer CARRY group, base inst: cmos2_mix/u_saturation/N23.lt_0/gateop, insts:4.
I: Infer CARRY group, base inst: cmos2_mix/u_saturation/N30_2_0/gateop, insts:8.
I: Infer CARRY group, base inst: cmos2_mix/u_saturation/N31.lt_0/gateop, insts:3.
I: Infer CARRY group, base inst: cmos2_mix/u_saturation/N33_2.fsub_1/gateop, insts:5.
I: Infer CARRY group, base inst: cmos2_mix/u_saturation/N36.lt_0/gateop, insts:4.
I: Infer CARRY group, base inst: cmos2_mix/u_saturation/N44.lt_0/gateop, insts:3.
I: Infer CARRY group, base inst: cmos2_mix/u_saturation/N46_2.fsub_1/gateop, insts:5.
I: Infer CARRY group, base inst: cmos2_mix/u_saturation/N49.lt_0/gateop, insts:4.
I: Infer CARRY group, base inst: cmos2_mix/u_saturation/N57.lt_0/gateop, insts:3.
I: Infer CARRY group, base inst: cmos2_mix/u_saturation/N59_2.fsub_1/gateop, insts:5.
I: Infer CARRY group, base inst: cmos2_mix/u_saturation/sum_2_0/gateop, insts:7.
I: Infer CARRY group, base inst: coms1_reg_config/u1/N37_1_1/gateop, insts:5.
I: Infer CARRY group, base inst: coms2_reg_config/u1/N37_1_1/gateop, insts:5.
I: Infer CARRY group, base inst: ethernet_test/eth_udp_test/N94.eq_0/gateop, insts:5.
I: Infer CARRY group, base inst: ethernet_test/eth_udp_test/N111_1_1/gateop, insts:31.
I: Infer CARRY group, base inst: ethernet_test/eth_udp_test/N129_1_1/gateop, insts:7.
I: Infer CARRY group, base inst: fram_buf/rd_buf/N54_1_1/gateop, insts:12.
I: Infer CARRY group, base inst: fram_buf/rd_buf/N63_1_1/gateop, insts:12.
I: Infer CARRY group, base inst: fram_buf/wr_buf/N0.lt_0/gateop, insts:3.
I: Infer CARRY group, base inst: fram_buf/wr_buf/N1.lt_0/gateop, insts:3.
I: Infer CARRY group, base inst: fram_buf/wr_buf/N3.lt_0/gateop, insts:3.
I: Infer CARRY group, base inst: fram_buf/wr_buf/N4.lt_0/gateop, insts:3.
I: Infer CARRY group, base inst: fram_buf/wr_buf/N6.lt_0/gateop, insts:3.
I: Infer CARRY group, base inst: fram_buf/wr_buf/N7.lt_0/gateop, insts:3.
I: Infer CARRY group, base inst: hdmi_in/u_image_scaler/N143_1_1/gateop, insts:8.
I: Infer CARRY group, base inst: hdmi_in/u_image_scaler/N517_1_1/gateop, insts:8.
I: Infer CARRY group, base inst: hdmi_in/u_image_scaler/N625_1_1/gateop, insts:8.
I: Infer CARRY group, base inst: hdmi_in/u_image_scaler/N1279_1/gateop, insts:8.
I: Infer CARRY group, base inst: hdmi_in/u_image_scaler/N1280_1/gateop, insts:8.
I: Infer CARRY group, base inst: hdmi_in/u_image_scaler/N1281_1/gateop, insts:8.
I: Infer CARRY group, base inst: hdmi_in/u_image_scaler/N1282_1/gateop, insts:8.
I: Infer CARRY group, base inst: hdmi_in/u_image_scaler/N1283_1/gateop, insts:8.
I: Infer CARRY group, base inst: hdmi_in/u_image_scaler/N1284_1/gateop, insts:8.
I: Infer CARRY group, base inst: hdmi_in/u_image_scaler/N1285_1/gateop, insts:8.
I: Infer CARRY group, base inst: hdmi_in/u_image_scaler/N1286_1/gateop, insts:8.
I: Infer CARRY group, base inst: hdmi_in/u_image_scaler/N1287_1/gateop, insts:8.
I: Infer CARRY group, base inst: key_ctl_gamma/u_btn_deb/N13_1_1/gateop, insts:18.
I: Infer CARRY group, base inst: key_ctl_rotate/u_btn_deb/N13_1_1/gateop, insts:18.
I: Infer CARRY group, base inst: key_ctl_saturation/u_btn_deb/N13_1_1/gateop, insts:18.
I: Infer CARRY group, base inst: key_ctl_scaler/u_btn_deb/N13_1_1/gateop, insts:18.
I: Infer CARRY group, base inst: ms72xx_ctl/iic_dri_rx/N136.lt_0/gateop, insts:2.
I: Infer CARRY group, base inst: ms72xx_ctl/iic_dri_tx/N136.lt_0/gateop, insts:2.
I: Infer CARRY group, base inst: ms72xx_ctl/ms7200_ctl/N101_1_1/gateop, insts:8.
I: Infer CARRY group, base inst: ms72xx_ctl/ms7200_ctl/N224_1_0/gateop, insts:9.
I: Infer CARRY group, base inst: ms72xx_ctl/ms7210_ctl/N98_1_1/gateop, insts:21.
I: Infer CARRY group, base inst: ms72xx_ctl/ms7210_ctl/N156_1_0/gateop, insts:6.
I: Infer CARRY group, base inst: cmos1_mix/u_up_median_filter/u1_sub_median_filter/N2.lt_0/gateop, insts:3.
I: Infer CARRY group, base inst: cmos1_mix/u_up_median_filter/u1_sub_median_filter/N4.lt_0/gateop, insts:3.
I: Infer CARRY group, base inst: cmos1_mix/u_up_median_filter/u1_sub_median_filter/N9.lt_0/gateop, insts:3.
I: Infer CARRY group, base inst: cmos1_mix/u_up_median_filter/u1_sub_median_filter/N11.lt_0/gateop, insts:3.
I: Infer CARRY group, base inst: cmos1_mix/u_up_median_filter/u1_sub_median_filter/N26.lt_0/gateop, insts:3.
I: Infer CARRY group, base inst: cmos1_mix/u_up_median_filter/u1_sub_median_filter/N42.lt_0/gateop, insts:3.
I: Infer CARRY group, base inst: cmos1_mix/u_up_median_filter/u1_sub_median_filter/N77.lt_0/gateop, insts:3.
I: Infer CARRY group, base inst: cmos1_mix/u_up_median_filter/u1_sub_median_filter/N79.lt_0/gateop, insts:3.
I: Infer CARRY group, base inst: cmos1_mix/u_up_median_filter/u1_sub_median_filter/N84.lt_0/gateop, insts:3.
I: Infer CARRY group, base inst: cmos1_mix/u_up_median_filter/u1_sub_median_filter/N86.lt_0/gateop, insts:3.
I: Infer CARRY group, base inst: cmos1_mix/u_up_median_filter/u1_sub_median_filter/N101.lt_0/gateop, insts:3.
I: Infer CARRY group, base inst: cmos1_mix/u_up_median_filter/u1_sub_median_filter/N117.lt_0/gateop, insts:3.
I: Infer CARRY group, base inst: cmos1_mix/u_up_median_filter/u1_sub_median_filter/N152.lt_0/gateop, insts:3.
I: Infer CARRY group, base inst: cmos1_mix/u_up_median_filter/u1_sub_median_filter/N154.lt_0/gateop, insts:3.
I: Infer CARRY group, base inst: cmos1_mix/u_up_median_filter/u1_sub_median_filter/N159.lt_0/gateop, insts:3.
I: Infer CARRY group, base inst: cmos1_mix/u_up_median_filter/u1_sub_median_filter/N161.lt_0/gateop, insts:3.
I: Infer CARRY group, base inst: cmos1_mix/u_up_median_filter/u1_sub_median_filter/N176.lt_0/gateop, insts:3.
I: Infer CARRY group, base inst: cmos1_mix/u_up_median_filter/u1_sub_median_filter/N192.lt_0/gateop, insts:3.
I: Infer CARRY group, base inst: cmos1_mix/u_up_median_filter/u1_sub_median_filter/N227.lt_0/gateop, insts:3.
I: Infer CARRY group, base inst: cmos1_mix/u_up_median_filter/u1_sub_median_filter/N229.lt_0/gateop, insts:3.
I: Infer CARRY group, base inst: cmos1_mix/u_up_median_filter/u1_sub_median_filter/N234.lt_0/gateop, insts:3.
I: Infer CARRY group, base inst: cmos1_mix/u_up_median_filter/u1_sub_median_filter/N236.lt_0/gateop, insts:3.
I: Infer CARRY group, base inst: cmos1_mix/u_up_median_filter/u1_sub_median_filter/N246.lt_0/gateop, insts:3.
I: Infer CARRY group, base inst: cmos1_mix/u_up_median_filter/u1_sub_median_filter/N248.lt_0/gateop, insts:3.
I: Infer CARRY group, base inst: cmos1_mix/u_up_median_filter/u1_sub_median_filter/N251.lt_0/gateop, insts:3.
I: Infer CARRY group, base inst: cmos1_mix/u_up_median_filter/u1_sub_median_filter/N253.lt_0/gateop, insts:3.
I: Infer CARRY group, base inst: cmos1_mix/u_up_median_filter/u1_sub_median_filter/N264.lt_0/gateop, insts:3.
I: Infer CARRY group, base inst: cmos1_mix/u_up_median_filter/u1_sub_median_filter/N267.lt_0/gateop, insts:3.
I: Infer CARRY group, base inst: cmos1_mix/u_up_median_filter/u1_sub_median_filter/N283.lt_0/gateop, insts:3.
I: Infer CARRY group, base inst: cmos1_mix/u_up_median_filter/u1_sub_median_filter/N285.lt_0/gateop, insts:3.
I: Infer CARRY group, base inst: cmos1_mix/u_up_median_filter/u1_sub_median_filter/N290.lt_0/gateop, insts:3.
I: Infer CARRY group, base inst: cmos1_mix/u_up_median_filter/u1_sub_median_filter/N292.lt_0/gateop, insts:3.
I: Infer CARRY group, base inst: cmos1_mix/u_up_median_filter/u1_sub_median_filter/N302.lt_0/gateop, insts:3.
I: Infer CARRY group, base inst: cmos1_mix/u_up_median_filter/u1_sub_median_filter/N304.lt_0/gateop, insts:3.
I: Infer CARRY group, base inst: cmos1_mix/u_up_median_filter/u1_sub_median_filter/N307.lt_0/gateop, insts:3.
I: Infer CARRY group, base inst: cmos1_mix/u_up_median_filter/u1_sub_median_filter/N309.lt_0/gateop, insts:3.
I: Infer CARRY group, base inst: cmos1_mix/u_up_median_filter/u1_sub_median_filter/N320.lt_0/gateop, insts:3.
I: Infer CARRY group, base inst: cmos1_mix/u_up_median_filter/u1_sub_median_filter/N323.lt_0/gateop, insts:3.
I: Infer CARRY group, base inst: cmos1_mix/u_up_median_filter/u2_sub_median_filter/N2.lt_0/gateop, insts:3.
I: Infer CARRY group, base inst: cmos1_mix/u_up_median_filter/u2_sub_median_filter/N4.lt_0/gateop, insts:3.
I: Infer CARRY group, base inst: cmos1_mix/u_up_median_filter/u2_sub_median_filter/N9.lt_0/gateop, insts:3.
I: Infer CARRY group, base inst: cmos1_mix/u_up_median_filter/u2_sub_median_filter/N11.lt_0/gateop, insts:3.
I: Infer CARRY group, base inst: cmos1_mix/u_up_median_filter/u2_sub_median_filter/N26.lt_0/gateop, insts:3.
I: Infer CARRY group, base inst: cmos1_mix/u_up_median_filter/u2_sub_median_filter/N42.lt_0/gateop, insts:3.
I: Infer CARRY group, base inst: cmos1_mix/u_up_median_filter/u2_sub_median_filter/N77.lt_0/gateop, insts:3.
I: Infer CARRY group, base inst: cmos1_mix/u_up_median_filter/u2_sub_median_filter/N79.lt_0/gateop, insts:3.
I: Infer CARRY group, base inst: cmos1_mix/u_up_median_filter/u2_sub_median_filter/N84.lt_0/gateop, insts:3.
I: Infer CARRY group, base inst: cmos1_mix/u_up_median_filter/u2_sub_median_filter/N86.lt_0/gateop, insts:3.
I: Infer CARRY group, base inst: cmos1_mix/u_up_median_filter/u2_sub_median_filter/N101.lt_0/gateop, insts:3.
I: Infer CARRY group, base inst: cmos1_mix/u_up_median_filter/u2_sub_median_filter/N117.lt_0/gateop, insts:3.
I: Infer CARRY group, base inst: cmos1_mix/u_up_median_filter/u2_sub_median_filter/N152.lt_0/gateop, insts:3.
I: Infer CARRY group, base inst: cmos1_mix/u_up_median_filter/u2_sub_median_filter/N154.lt_0/gateop, insts:3.
I: Infer CARRY group, base inst: cmos1_mix/u_up_median_filter/u2_sub_median_filter/N159.lt_0/gateop, insts:3.
I: Infer CARRY group, base inst: cmos1_mix/u_up_median_filter/u2_sub_median_filter/N161.lt_0/gateop, insts:3.
I: Infer CARRY group, base inst: cmos1_mix/u_up_median_filter/u2_sub_median_filter/N176.lt_0/gateop, insts:3.
I: Infer CARRY group, base inst: cmos1_mix/u_up_median_filter/u2_sub_median_filter/N192.lt_0/gateop, insts:3.
I: Infer CARRY group, base inst: cmos1_mix/u_up_median_filter/u2_sub_median_filter/N227.lt_0/gateop, insts:3.
I: Infer CARRY group, base inst: cmos1_mix/u_up_median_filter/u2_sub_median_filter/N229.lt_0/gateop, insts:3.
I: Infer CARRY group, base inst: cmos1_mix/u_up_median_filter/u2_sub_median_filter/N234.lt_0/gateop, insts:3.
I: Infer CARRY group, base inst: cmos1_mix/u_up_median_filter/u2_sub_median_filter/N236.lt_0/gateop, insts:3.
I: Infer CARRY group, base inst: cmos1_mix/u_up_median_filter/u2_sub_median_filter/N246.lt_0/gateop, insts:3.
I: Infer CARRY group, base inst: cmos1_mix/u_up_median_filter/u2_sub_median_filter/N248.lt_0/gateop, insts:3.
I: Infer CARRY group, base inst: cmos1_mix/u_up_median_filter/u2_sub_median_filter/N251.lt_0/gateop, insts:3.
I: Infer CARRY group, base inst: cmos1_mix/u_up_median_filter/u2_sub_median_filter/N253.lt_0/gateop, insts:3.
I: Infer CARRY group, base inst: cmos1_mix/u_up_median_filter/u2_sub_median_filter/N264.lt_0/gateop, insts:3.
I: Infer CARRY group, base inst: cmos1_mix/u_up_median_filter/u2_sub_median_filter/N267.lt_0/gateop, insts:3.
I: Infer CARRY group, base inst: cmos1_mix/u_up_median_filter/u2_sub_median_filter/N283.lt_0/gateop, insts:3.
I: Infer CARRY group, base inst: cmos1_mix/u_up_median_filter/u2_sub_median_filter/N285.lt_0/gateop, insts:3.
I: Infer CARRY group, base inst: cmos1_mix/u_up_median_filter/u2_sub_median_filter/N290.lt_0/gateop, insts:3.
I: Infer CARRY group, base inst: cmos1_mix/u_up_median_filter/u2_sub_median_filter/N292.lt_0/gateop, insts:3.
I: Infer CARRY group, base inst: cmos1_mix/u_up_median_filter/u2_sub_median_filter/N302.lt_0/gateop, insts:3.
I: Infer CARRY group, base inst: cmos1_mix/u_up_median_filter/u2_sub_median_filter/N304.lt_0/gateop, insts:3.
I: Infer CARRY group, base inst: cmos1_mix/u_up_median_filter/u2_sub_median_filter/N307.lt_0/gateop, insts:3.
I: Infer CARRY group, base inst: cmos1_mix/u_up_median_filter/u2_sub_median_filter/N309.lt_0/gateop, insts:3.
I: Infer CARRY group, base inst: cmos1_mix/u_up_median_filter/u2_sub_median_filter/N320.lt_0/gateop, insts:3.
I: Infer CARRY group, base inst: cmos1_mix/u_up_median_filter/u2_sub_median_filter/N323.lt_0/gateop, insts:3.
I: Infer CARRY group, base inst: cmos1_mix/u_up_median_filter/u3_sub_median_filter/N2.lt_0/gateop, insts:3.
I: Infer CARRY group, base inst: cmos1_mix/u_up_median_filter/u3_sub_median_filter/N4.lt_0/gateop, insts:3.
I: Infer CARRY group, base inst: cmos1_mix/u_up_median_filter/u3_sub_median_filter/N9.lt_0/gateop, insts:3.
I: Infer CARRY group, base inst: cmos1_mix/u_up_median_filter/u3_sub_median_filter/N11.lt_0/gateop, insts:3.
I: Infer CARRY group, base inst: cmos1_mix/u_up_median_filter/u3_sub_median_filter/N26.lt_0/gateop, insts:3.
I: Infer CARRY group, base inst: cmos1_mix/u_up_median_filter/u3_sub_median_filter/N42.lt_0/gateop, insts:3.
I: Infer CARRY group, base inst: cmos1_mix/u_up_median_filter/u3_sub_median_filter/N77.lt_0/gateop, insts:3.
I: Infer CARRY group, base inst: cmos1_mix/u_up_median_filter/u3_sub_median_filter/N79.lt_0/gateop, insts:3.
I: Infer CARRY group, base inst: cmos1_mix/u_up_median_filter/u3_sub_median_filter/N84.lt_0/gateop, insts:3.
I: Infer CARRY group, base inst: cmos1_mix/u_up_median_filter/u3_sub_median_filter/N86.lt_0/gateop, insts:3.
I: Infer CARRY group, base inst: cmos1_mix/u_up_median_filter/u3_sub_median_filter/N101.lt_0/gateop, insts:3.
I: Infer CARRY group, base inst: cmos1_mix/u_up_median_filter/u3_sub_median_filter/N117.lt_0/gateop, insts:3.
I: Infer CARRY group, base inst: cmos1_mix/u_up_median_filter/u3_sub_median_filter/N152.lt_0/gateop, insts:3.
I: Infer CARRY group, base inst: cmos1_mix/u_up_median_filter/u3_sub_median_filter/N154.lt_0/gateop, insts:3.
I: Infer CARRY group, base inst: cmos1_mix/u_up_median_filter/u3_sub_median_filter/N159.lt_0/gateop, insts:3.
I: Infer CARRY group, base inst: cmos1_mix/u_up_median_filter/u3_sub_median_filter/N161.lt_0/gateop, insts:3.
I: Infer CARRY group, base inst: cmos1_mix/u_up_median_filter/u3_sub_median_filter/N176.lt_0/gateop, insts:3.
I: Infer CARRY group, base inst: cmos1_mix/u_up_median_filter/u3_sub_median_filter/N192.lt_0/gateop, insts:3.
I: Infer CARRY group, base inst: cmos1_mix/u_up_median_filter/u3_sub_median_filter/N227.lt_0/gateop, insts:3.
I: Infer CARRY group, base inst: cmos1_mix/u_up_median_filter/u3_sub_median_filter/N229.lt_0/gateop, insts:3.
I: Infer CARRY group, base inst: cmos1_mix/u_up_median_filter/u3_sub_median_filter/N234.lt_0/gateop, insts:3.
I: Infer CARRY group, base inst: cmos1_mix/u_up_median_filter/u3_sub_median_filter/N236.lt_0/gateop, insts:3.
I: Infer CARRY group, base inst: cmos1_mix/u_up_median_filter/u3_sub_median_filter/N246.lt_0/gateop, insts:3.
I: Infer CARRY group, base inst: cmos1_mix/u_up_median_filter/u3_sub_median_filter/N248.lt_0/gateop, insts:3.
I: Infer CARRY group, base inst: cmos1_mix/u_up_median_filter/u3_sub_median_filter/N251.lt_0/gateop, insts:3.
I: Infer CARRY group, base inst: cmos1_mix/u_up_median_filter/u3_sub_median_filter/N253.lt_0/gateop, insts:3.
I: Infer CARRY group, base inst: cmos1_mix/u_up_median_filter/u3_sub_median_filter/N264.lt_0/gateop, insts:3.
I: Infer CARRY group, base inst: cmos1_mix/u_up_median_filter/u3_sub_median_filter/N267.lt_0/gateop, insts:3.
I: Infer CARRY group, base inst: cmos1_mix/u_up_median_filter/u3_sub_median_filter/N283.lt_0/gateop, insts:3.
I: Infer CARRY group, base inst: cmos1_mix/u_up_median_filter/u3_sub_median_filter/N285.lt_0/gateop, insts:3.
I: Infer CARRY group, base inst: cmos1_mix/u_up_median_filter/u3_sub_median_filter/N290.lt_0/gateop, insts:3.
I: Infer CARRY group, base inst: cmos1_mix/u_up_median_filter/u3_sub_median_filter/N292.lt_0/gateop, insts:3.
I: Infer CARRY group, base inst: cmos1_mix/u_up_median_filter/u3_sub_median_filter/N302.lt_0/gateop, insts:3.
I: Infer CARRY group, base inst: cmos1_mix/u_up_median_filter/u3_sub_median_filter/N304.lt_0/gateop, insts:3.
I: Infer CARRY group, base inst: cmos1_mix/u_up_median_filter/u3_sub_median_filter/N307.lt_0/gateop, insts:3.
I: Infer CARRY group, base inst: cmos1_mix/u_up_median_filter/u3_sub_median_filter/N309.lt_0/gateop, insts:3.
I: Infer CARRY group, base inst: cmos1_mix/u_up_median_filter/u3_sub_median_filter/N320.lt_0/gateop, insts:3.
I: Infer CARRY group, base inst: cmos1_mix/u_up_median_filter/u3_sub_median_filter/N323.lt_0/gateop, insts:3.
I: Infer CARRY group, base inst: cmos2_mix/u_up_median_filter/u1_sub_median_filter/N2.lt_0/gateop, insts:3.
I: Infer CARRY group, base inst: cmos2_mix/u_up_median_filter/u1_sub_median_filter/N4.lt_0/gateop, insts:3.
I: Infer CARRY group, base inst: cmos2_mix/u_up_median_filter/u1_sub_median_filter/N9.lt_0/gateop, insts:3.
I: Infer CARRY group, base inst: cmos2_mix/u_up_median_filter/u1_sub_median_filter/N11.lt_0/gateop, insts:3.
I: Infer CARRY group, base inst: cmos2_mix/u_up_median_filter/u1_sub_median_filter/N26.lt_0/gateop, insts:3.
I: Infer CARRY group, base inst: cmos2_mix/u_up_median_filter/u1_sub_median_filter/N42.lt_0/gateop, insts:3.
I: Infer CARRY group, base inst: cmos2_mix/u_up_median_filter/u1_sub_median_filter/N77.lt_0/gateop, insts:3.
I: Infer CARRY group, base inst: cmos2_mix/u_up_median_filter/u1_sub_median_filter/N79.lt_0/gateop, insts:3.
I: Infer CARRY group, base inst: cmos2_mix/u_up_median_filter/u1_sub_median_filter/N84.lt_0/gateop, insts:3.
I: Infer CARRY group, base inst: cmos2_mix/u_up_median_filter/u1_sub_median_filter/N86.lt_0/gateop, insts:3.
I: Infer CARRY group, base inst: cmos2_mix/u_up_median_filter/u1_sub_median_filter/N101.lt_0/gateop, insts:3.
I: Infer CARRY group, base inst: cmos2_mix/u_up_median_filter/u1_sub_median_filter/N117.lt_0/gateop, insts:3.
I: Infer CARRY group, base inst: cmos2_mix/u_up_median_filter/u1_sub_median_filter/N152.lt_0/gateop, insts:3.
I: Infer CARRY group, base inst: cmos2_mix/u_up_median_filter/u1_sub_median_filter/N154.lt_0/gateop, insts:3.
I: Infer CARRY group, base inst: cmos2_mix/u_up_median_filter/u1_sub_median_filter/N159.lt_0/gateop, insts:3.
I: Infer CARRY group, base inst: cmos2_mix/u_up_median_filter/u1_sub_median_filter/N161.lt_0/gateop, insts:3.
I: Infer CARRY group, base inst: cmos2_mix/u_up_median_filter/u1_sub_median_filter/N176.lt_0/gateop, insts:3.
I: Infer CARRY group, base inst: cmos2_mix/u_up_median_filter/u1_sub_median_filter/N192.lt_0/gateop, insts:3.
I: Infer CARRY group, base inst: cmos2_mix/u_up_median_filter/u1_sub_median_filter/N227.lt_0/gateop, insts:3.
I: Infer CARRY group, base inst: cmos2_mix/u_up_median_filter/u1_sub_median_filter/N229.lt_0/gateop, insts:3.
I: Infer CARRY group, base inst: cmos2_mix/u_up_median_filter/u1_sub_median_filter/N234.lt_0/gateop, insts:3.
I: Infer CARRY group, base inst: cmos2_mix/u_up_median_filter/u1_sub_median_filter/N236.lt_0/gateop, insts:3.
I: Infer CARRY group, base inst: cmos2_mix/u_up_median_filter/u1_sub_median_filter/N246.lt_0/gateop, insts:3.
I: Infer CARRY group, base inst: cmos2_mix/u_up_median_filter/u1_sub_median_filter/N248.lt_0/gateop, insts:3.
I: Infer CARRY group, base inst: cmos2_mix/u_up_median_filter/u1_sub_median_filter/N251.lt_0/gateop, insts:3.
I: Infer CARRY group, base inst: cmos2_mix/u_up_median_filter/u1_sub_median_filter/N253.lt_0/gateop, insts:3.
I: Infer CARRY group, base inst: cmos2_mix/u_up_median_filter/u1_sub_median_filter/N264.lt_0/gateop, insts:3.
I: Infer CARRY group, base inst: cmos2_mix/u_up_median_filter/u1_sub_median_filter/N267.lt_0/gateop, insts:3.
I: Infer CARRY group, base inst: cmos2_mix/u_up_median_filter/u1_sub_median_filter/N283.lt_0/gateop, insts:3.
I: Infer CARRY group, base inst: cmos2_mix/u_up_median_filter/u1_sub_median_filter/N285.lt_0/gateop, insts:3.
I: Infer CARRY group, base inst: cmos2_mix/u_up_median_filter/u1_sub_median_filter/N290.lt_0/gateop, insts:3.
I: Infer CARRY group, base inst: cmos2_mix/u_up_median_filter/u1_sub_median_filter/N292.lt_0/gateop, insts:3.
I: Infer CARRY group, base inst: cmos2_mix/u_up_median_filter/u1_sub_median_filter/N302.lt_0/gateop, insts:3.
I: Infer CARRY group, base inst: cmos2_mix/u_up_median_filter/u1_sub_median_filter/N304.lt_0/gateop, insts:3.
I: Infer CARRY group, base inst: cmos2_mix/u_up_median_filter/u1_sub_median_filter/N307.lt_0/gateop, insts:3.
I: Infer CARRY group, base inst: cmos2_mix/u_up_median_filter/u1_sub_median_filter/N309.lt_0/gateop, insts:3.
I: Infer CARRY group, base inst: cmos2_mix/u_up_median_filter/u1_sub_median_filter/N320.lt_0/gateop, insts:3.
I: Infer CARRY group, base inst: cmos2_mix/u_up_median_filter/u1_sub_median_filter/N323.lt_0/gateop, insts:3.
I: Infer CARRY group, base inst: cmos2_mix/u_up_median_filter/u2_sub_median_filter/N2.lt_0/gateop, insts:3.
I: Infer CARRY group, base inst: cmos2_mix/u_up_median_filter/u2_sub_median_filter/N4.lt_0/gateop, insts:3.
I: Infer CARRY group, base inst: cmos2_mix/u_up_median_filter/u2_sub_median_filter/N9.lt_0/gateop, insts:3.
I: Infer CARRY group, base inst: cmos2_mix/u_up_median_filter/u2_sub_median_filter/N11.lt_0/gateop, insts:3.
I: Infer CARRY group, base inst: cmos2_mix/u_up_median_filter/u2_sub_median_filter/N26.lt_0/gateop, insts:3.
I: Infer CARRY group, base inst: cmos2_mix/u_up_median_filter/u2_sub_median_filter/N42.lt_0/gateop, insts:3.
I: Infer CARRY group, base inst: cmos2_mix/u_up_median_filter/u2_sub_median_filter/N77.lt_0/gateop, insts:3.
I: Infer CARRY group, base inst: cmos2_mix/u_up_median_filter/u2_sub_median_filter/N79.lt_0/gateop, insts:3.
I: Infer CARRY group, base inst: cmos2_mix/u_up_median_filter/u2_sub_median_filter/N84.lt_0/gateop, insts:3.
I: Infer CARRY group, base inst: cmos2_mix/u_up_median_filter/u2_sub_median_filter/N86.lt_0/gateop, insts:3.
I: Infer CARRY group, base inst: cmos2_mix/u_up_median_filter/u2_sub_median_filter/N101.lt_0/gateop, insts:3.
I: Infer CARRY group, base inst: cmos2_mix/u_up_median_filter/u2_sub_median_filter/N117.lt_0/gateop, insts:3.
I: Infer CARRY group, base inst: cmos2_mix/u_up_median_filter/u2_sub_median_filter/N152.lt_0/gateop, insts:3.
I: Infer CARRY group, base inst: cmos2_mix/u_up_median_filter/u2_sub_median_filter/N154.lt_0/gateop, insts:3.
I: Infer CARRY group, base inst: cmos2_mix/u_up_median_filter/u2_sub_median_filter/N159.lt_0/gateop, insts:3.
I: Infer CARRY group, base inst: cmos2_mix/u_up_median_filter/u2_sub_median_filter/N161.lt_0/gateop, insts:3.
I: Infer CARRY group, base inst: cmos2_mix/u_up_median_filter/u2_sub_median_filter/N176.lt_0/gateop, insts:3.
I: Infer CARRY group, base inst: cmos2_mix/u_up_median_filter/u2_sub_median_filter/N192.lt_0/gateop, insts:3.
I: Infer CARRY group, base inst: cmos2_mix/u_up_median_filter/u2_sub_median_filter/N227.lt_0/gateop, insts:3.
I: Infer CARRY group, base inst: cmos2_mix/u_up_median_filter/u2_sub_median_filter/N229.lt_0/gateop, insts:3.
I: Infer CARRY group, base inst: cmos2_mix/u_up_median_filter/u2_sub_median_filter/N234.lt_0/gateop, insts:3.
I: Infer CARRY group, base inst: cmos2_mix/u_up_median_filter/u2_sub_median_filter/N236.lt_0/gateop, insts:3.
I: Infer CARRY group, base inst: cmos2_mix/u_up_median_filter/u2_sub_median_filter/N246.lt_0/gateop, insts:3.
I: Infer CARRY group, base inst: cmos2_mix/u_up_median_filter/u2_sub_median_filter/N248.lt_0/gateop, insts:3.
I: Infer CARRY group, base inst: cmos2_mix/u_up_median_filter/u2_sub_median_filter/N251.lt_0/gateop, insts:3.
I: Infer CARRY group, base inst: cmos2_mix/u_up_median_filter/u2_sub_median_filter/N253.lt_0/gateop, insts:3.
I: Infer CARRY group, base inst: cmos2_mix/u_up_median_filter/u2_sub_median_filter/N264.lt_0/gateop, insts:3.
I: Infer CARRY group, base inst: cmos2_mix/u_up_median_filter/u2_sub_median_filter/N267.lt_0/gateop, insts:3.
I: Infer CARRY group, base inst: cmos2_mix/u_up_median_filter/u2_sub_median_filter/N283.lt_0/gateop, insts:3.
I: Infer CARRY group, base inst: cmos2_mix/u_up_median_filter/u2_sub_median_filter/N285.lt_0/gateop, insts:3.
I: Infer CARRY group, base inst: cmos2_mix/u_up_median_filter/u2_sub_median_filter/N290.lt_0/gateop, insts:3.
I: Infer CARRY group, base inst: cmos2_mix/u_up_median_filter/u2_sub_median_filter/N292.lt_0/gateop, insts:3.
I: Infer CARRY group, base inst: cmos2_mix/u_up_median_filter/u2_sub_median_filter/N302.lt_0/gateop, insts:3.
I: Infer CARRY group, base inst: cmos2_mix/u_up_median_filter/u2_sub_median_filter/N304.lt_0/gateop, insts:3.
I: Infer CARRY group, base inst: cmos2_mix/u_up_median_filter/u2_sub_median_filter/N307.lt_0/gateop, insts:3.
I: Infer CARRY group, base inst: cmos2_mix/u_up_median_filter/u2_sub_median_filter/N309.lt_0/gateop, insts:3.
I: Infer CARRY group, base inst: cmos2_mix/u_up_median_filter/u2_sub_median_filter/N320.lt_0/gateop, insts:3.
I: Infer CARRY group, base inst: cmos2_mix/u_up_median_filter/u2_sub_median_filter/N323.lt_0/gateop, insts:3.
I: Infer CARRY group, base inst: cmos2_mix/u_up_median_filter/u3_sub_median_filter/N2.lt_0/gateop, insts:3.
I: Infer CARRY group, base inst: cmos2_mix/u_up_median_filter/u3_sub_median_filter/N4.lt_0/gateop, insts:3.
I: Infer CARRY group, base inst: cmos2_mix/u_up_median_filter/u3_sub_median_filter/N9.lt_0/gateop, insts:3.
I: Infer CARRY group, base inst: cmos2_mix/u_up_median_filter/u3_sub_median_filter/N11.lt_0/gateop, insts:3.
I: Infer CARRY group, base inst: cmos2_mix/u_up_median_filter/u3_sub_median_filter/N26.lt_0/gateop, insts:3.
I: Infer CARRY group, base inst: cmos2_mix/u_up_median_filter/u3_sub_median_filter/N42.lt_0/gateop, insts:3.
I: Infer CARRY group, base inst: cmos2_mix/u_up_median_filter/u3_sub_median_filter/N77.lt_0/gateop, insts:3.
I: Infer CARRY group, base inst: cmos2_mix/u_up_median_filter/u3_sub_median_filter/N79.lt_0/gateop, insts:3.
I: Infer CARRY group, base inst: cmos2_mix/u_up_median_filter/u3_sub_median_filter/N84.lt_0/gateop, insts:3.
I: Infer CARRY group, base inst: cmos2_mix/u_up_median_filter/u3_sub_median_filter/N86.lt_0/gateop, insts:3.
I: Infer CARRY group, base inst: cmos2_mix/u_up_median_filter/u3_sub_median_filter/N101.lt_0/gateop, insts:3.
I: Infer CARRY group, base inst: cmos2_mix/u_up_median_filter/u3_sub_median_filter/N117.lt_0/gateop, insts:3.
I: Infer CARRY group, base inst: cmos2_mix/u_up_median_filter/u3_sub_median_filter/N152.lt_0/gateop, insts:3.
I: Infer CARRY group, base inst: cmos2_mix/u_up_median_filter/u3_sub_median_filter/N154.lt_0/gateop, insts:3.
I: Infer CARRY group, base inst: cmos2_mix/u_up_median_filter/u3_sub_median_filter/N159.lt_0/gateop, insts:3.
I: Infer CARRY group, base inst: cmos2_mix/u_up_median_filter/u3_sub_median_filter/N161.lt_0/gateop, insts:3.
I: Infer CARRY group, base inst: cmos2_mix/u_up_median_filter/u3_sub_median_filter/N176.lt_0/gateop, insts:3.
I: Infer CARRY group, base inst: cmos2_mix/u_up_median_filter/u3_sub_median_filter/N192.lt_0/gateop, insts:3.
I: Infer CARRY group, base inst: cmos2_mix/u_up_median_filter/u3_sub_median_filter/N227.lt_0/gateop, insts:3.
I: Infer CARRY group, base inst: cmos2_mix/u_up_median_filter/u3_sub_median_filter/N229.lt_0/gateop, insts:3.
I: Infer CARRY group, base inst: cmos2_mix/u_up_median_filter/u3_sub_median_filter/N234.lt_0/gateop, insts:3.
I: Infer CARRY group, base inst: cmos2_mix/u_up_median_filter/u3_sub_median_filter/N236.lt_0/gateop, insts:3.
I: Infer CARRY group, base inst: cmos2_mix/u_up_median_filter/u3_sub_median_filter/N246.lt_0/gateop, insts:3.
I: Infer CARRY group, base inst: cmos2_mix/u_up_median_filter/u3_sub_median_filter/N248.lt_0/gateop, insts:3.
I: Infer CARRY group, base inst: cmos2_mix/u_up_median_filter/u3_sub_median_filter/N251.lt_0/gateop, insts:3.
I: Infer CARRY group, base inst: cmos2_mix/u_up_median_filter/u3_sub_median_filter/N253.lt_0/gateop, insts:3.
I: Infer CARRY group, base inst: cmos2_mix/u_up_median_filter/u3_sub_median_filter/N264.lt_0/gateop, insts:3.
I: Infer CARRY group, base inst: cmos2_mix/u_up_median_filter/u3_sub_median_filter/N267.lt_0/gateop, insts:3.
I: Infer CARRY group, base inst: cmos2_mix/u_up_median_filter/u3_sub_median_filter/N283.lt_0/gateop, insts:3.
I: Infer CARRY group, base inst: cmos2_mix/u_up_median_filter/u3_sub_median_filter/N285.lt_0/gateop, insts:3.
I: Infer CARRY group, base inst: cmos2_mix/u_up_median_filter/u3_sub_median_filter/N290.lt_0/gateop, insts:3.
I: Infer CARRY group, base inst: cmos2_mix/u_up_median_filter/u3_sub_median_filter/N292.lt_0/gateop, insts:3.
I: Infer CARRY group, base inst: cmos2_mix/u_up_median_filter/u3_sub_median_filter/N302.lt_0/gateop, insts:3.
I: Infer CARRY group, base inst: cmos2_mix/u_up_median_filter/u3_sub_median_filter/N304.lt_0/gateop, insts:3.
I: Infer CARRY group, base inst: cmos2_mix/u_up_median_filter/u3_sub_median_filter/N307.lt_0/gateop, insts:3.
I: Infer CARRY group, base inst: cmos2_mix/u_up_median_filter/u3_sub_median_filter/N309.lt_0/gateop, insts:3.
I: Infer CARRY group, base inst: cmos2_mix/u_up_median_filter/u3_sub_median_filter/N320.lt_0/gateop, insts:3.
I: Infer CARRY group, base inst: cmos2_mix/u_up_median_filter/u3_sub_median_filter/N323.lt_0/gateop, insts:3.
I: Infer CARRY group, base inst: fram_buf/rd_buf/rd_cell1/N13_1_1/gateop, insts:11.
I: Infer CARRY group, base inst: fram_buf/rd_buf/rd_cell1/N34_4_0/gateop, insts:17.
I: Infer CARRY group, base inst: fram_buf/rd_buf/rd_cell1/N48_1_1/gateop, insts:8.
I: Infer CARRY group, base inst: fram_buf/rd_buf/rd_cell1/N122_10_0/gateop, insts:12.
I: Infer CARRY group, base inst: fram_buf/rd_buf/rd_cell2/N34_4_0/gateop, insts:16.
I: Infer CARRY group, base inst: fram_buf/rd_buf/rd_cell2/N48_1_1/gateop, insts:8.
I: Infer CARRY group, base inst: fram_buf/rd_buf/rd_cell2/N122_9_1/gateop, insts:11.
I: Infer CARRY group, base inst: fram_buf/rd_buf/rd_cell2/N122_10_0/gateop, insts:12.
I: Infer CARRY group, base inst: fram_buf/rd_buf/rd_cell3/N34_4_0/gateop, insts:17.
I: Infer CARRY group, base inst: fram_buf/rd_buf/rd_cell3/N48_1_1/gateop, insts:8.
I: Infer CARRY group, base inst: fram_buf/rd_buf/rd_cell3/N122_9_0/gateop, insts:12.
I: Infer CARRY group, base inst: fram_buf/rd_buf/u_osd_display/N20_1_1/gateop, insts:2.
I: Infer CARRY group, base inst: fram_buf/rd_buf/u_osd_display/N29_1_0/gateop, insts:14.
I: Infer CARRY group, base inst: fram_buf/wr_buf/wr_cell1/N26_1_1/gateop, insts:12.
I: Infer CARRY group, base inst: fram_buf/wr_buf/wr_cell1/N32_1_1/gateop, insts:11.
I: Infer CARRY group, base inst: fram_buf/wr_buf/wr_cell1/N134_1_1/gateop, insts:16.
I: Infer CARRY group, base inst: fram_buf/wr_buf/wr_cell1/N196_6_1/gateop, insts:5.
I: Infer CARRY group, base inst: fram_buf/wr_buf/wr_cell1/N201_4_1/gateop, insts:9.
I: Infer CARRY group, base inst: fram_buf/wr_buf/wr_cell2/N26_1_1/gateop, insts:12.
I: Infer CARRY group, base inst: fram_buf/wr_buf/wr_cell2/N32_1_1/gateop, insts:11.
I: Infer CARRY group, base inst: fram_buf/wr_buf/wr_cell2/N132_1_1/gateop, insts:15.
I: Infer CARRY group, base inst: fram_buf/wr_buf/wr_cell2/N194_6_1/gateop, insts:5.
I: Infer CARRY group, base inst: fram_buf/wr_buf/wr_cell2/N199_4_1/gateop, insts:9.
I: Infer CARRY group, base inst: fram_buf/wr_buf/wr_cell3/N26_1_1/gateop, insts:12.
I: Infer CARRY group, base inst: fram_buf/wr_buf/wr_cell3/N32_1_1/gateop, insts:11.
I: Infer CARRY group, base inst: fram_buf/wr_buf/wr_cell3/N134_1_1/gateop, insts:16.
I: Infer CARRY group, base inst: fram_buf/wr_buf/wr_cell3/N196_6_1/gateop, insts:5.
I: Infer CARRY group, base inst: fram_buf/wr_buf/wr_cell3/N201_4_1/gateop, insts:9.
I: Infer CARRY group, base inst: fram_buf/wr_rd_ctrl_top/wr_cmd_trans/N42_1_0/gateop, insts:12.
I: Infer CARRY group, base inst: fram_buf/wr_rd_ctrl_top/wr_cmd_trans/N86_2_1/gateop, insts:25.
I: Infer CARRY group, base inst: fram_buf/wr_rd_ctrl_top/wr_cmd_trans/N149_1_1/gateop, insts:15.
I: Infer CARRY group, base inst: fram_buf/wr_rd_ctrl_top/wr_cmd_trans/N191_1_0/gateop, insts:12.
I: Infer CARRY group, base inst: fram_buf/wr_rd_ctrl_top/wr_cmd_trans/N226_2_1/gateop, insts:25.
I: Infer CARRY group, base inst: u_CORES/u_debug_core_0/u_Storage_Condition/N253_1_0/gateop, insts:9.
I: Infer CARRY group, base inst: u_CORES/u_debug_core_0/u_Storage_Condition/N272_1.fsub_1/gateop, insts:8.
I: Infer CARRY group, base inst: u_CORES/u_debug_core_0/u_Storage_Condition/N305_1_1/gateop, insts:8.
I: Infer CARRY group, base inst: u_CORES/u_debug_core_0/u_Storage_Condition/N314_1_1/gateop, insts:8.
I: Infer CARRY group, base inst: u_CORES/u_debug_core_0/u_rd_addr_gen/N2_1_1/gateop, insts:9.
I: Infer CARRY group, base inst: u_CORES/u_debug_core_0/u_rd_addr_gen/N38_1_1/gateop, insts:8.
I: Infer CARRY group, base inst: u_DDR3_50H/u_ddrphy_top/ddrphy_info/mc_al_6.fsub_1/gateop, insts:4.
I: Infer CARRY group, base inst: u_DDR3_50H/u_ddrphy_top/ddrphy_info/mc_rl_1/gateop, insts:5.
I: Infer CARRY group, base inst: u_DDR3_50H/u_ddrphy_top/ddrphy_info/mc_wl_0/gateop, insts:6.
I: Infer CARRY group, base inst: u_DDR3_50H/u_ddrphy_top/ddrphy_reset_ctrl/N29_1_1/gateop, insts:7.
I: Infer CARRY group, base inst: u_DDR3_50H/u_ddrphy_top/ddrphy_slice_top/N48_1_1/gateop, insts:7.
I: Infer CARRY group, base inst: u_DDR3_50H/u_ipsxb_ddrc_top/mcdq_ui_axi/N59_1_1/gateop, insts:4.
I: Infer CARRY group, base inst: u_DDR3_50H/u_ipsxb_ddrc_top/mcdq_ui_axi/N69_2_1/gateop, insts:25.
I: Infer CARRY group, base inst: u_DDR3_50H/u_ipsxb_ddrc_top/mcdq_ui_axi/N185.eq_0/gateop, insts:8.
I: Infer CARRY group, base inst: u_DDR3_50H/u_ipsxb_ddrc_top/mcdq_ui_axi/column_addr_end_1_1/gateop, insts:7.
I: Infer CARRY group, base inst: cmos1_mix/u_up_median_filter/u1_sub_median_filter/mat_3x3_inst/N27_1_1/gateop, insts:8.
I: Infer CARRY group, base inst: cmos1_mix/u_up_median_filter/u1_sub_median_filter/mat_3x3_inst/N41_1_1/gateop, insts:10.
I: Infer CARRY group, base inst: cmos2_mix/u_up_median_filter/u1_sub_median_filter/mat_3x3_inst/N27_1_1/gateop, insts:8.
I: Infer CARRY group, base inst: cmos2_mix/u_up_median_filter/u1_sub_median_filter/mat_3x3_inst/N41_1_1/gateop, insts:10.
I: Infer CARRY group, base inst: cmos2_mix/u_up_median_filter/u3_sub_median_filter/mat_3x3_inst/N27_1_1/gateop, insts:8.
I: Infer CARRY group, base inst: cmos2_mix/u_up_median_filter/u3_sub_median_filter/mat_3x3_inst/N41_1_1/gateop, insts:10.
I: Infer CARRY group, base inst: u_CORES/u_debug_core_0/G_M_1.u1_trig_unit/u_cfg_reg_file/N262_1_1/gateop, insts:9.
I: Infer CARRY group, base inst: cmos2_mix/u_up_median_filter/u3_sub_median_filter/mat_3x3_inst/mat_fifo1/u_ipm_distributed_fifo_mat_fifo/u_ipm_distributed_fifo_ctr/N2_1_1/gateop, insts:10.
I: Infer CARRY group, base inst: cmos2_mix/u_up_median_filter/u3_sub_median_filter/mat_3x3_inst/mat_fifo1/u_ipm_distributed_fifo_mat_fifo/u_ipm_distributed_fifo_ctr/N9_1_1/gateop, insts:10.
I: Infer CARRY group, base inst: cmos2_mix/u_up_median_filter/u3_sub_median_filter/mat_3x3_inst/mat_fifo1/u_ipm_distributed_fifo_mat_fifo/u_ipm_distributed_fifo_ctr/N36.eq_0/gateop, insts:6.
I: Infer CARRY group, base inst: cmos2_mix/u_up_median_filter/u1_sub_median_filter/mat_3x3_inst/mat_fifo3/u_ipm_distributed_fifo_mat_fifo/u_ipm_distributed_fifo_ctr/N9_1_1/gateop, insts:10.
I: Infer CARRY group, base inst: u_CORES/u_debug_core_0/G_M_2.u2_trig_unit/u_cfg_reg_file/N262_1_1/gateop, insts:9.
I: Infer CARRY group, base inst: cmos2_mix/u_up_median_filter/u3_sub_median_filter/mat_3x3_inst/mat_fifo2/u_ipm_distributed_fifo_mat_fifo/u_ipm_distributed_fifo_ctr/N2_1_1/gateop, insts:10.
I: Infer CARRY group, base inst: cmos2_mix/u_up_median_filter/u3_sub_median_filter/mat_3x3_inst/mat_fifo2/u_ipm_distributed_fifo_mat_fifo/u_ipm_distributed_fifo_ctr/N9_1_1/gateop, insts:10.
I: Infer CARRY group, base inst: cmos2_mix/u_up_median_filter/u1_sub_median_filter/mat_3x3_inst/mat_fifo3/u_ipm_distributed_fifo_mat_fifo/u_ipm_distributed_fifo_ctr/N36.eq_0/gateop, insts:6.
I: Infer CARRY group, base inst: cmos2_mix/u_up_median_filter/u3_sub_median_filter/mat_3x3_inst/mat_fifo2/u_ipm_distributed_fifo_mat_fifo/u_ipm_distributed_fifo_ctr/N36.eq_0/gateop, insts:6.
I: Infer CARRY group, base inst: u_CORES/u_debug_core_0/u0_trig_unit/u_cfg_reg_file/N262_1_1/gateop, insts:9.
I: Infer CARRY group, base inst: cmos2_mix/u_up_median_filter/u3_sub_median_filter/mat_3x3_inst/mat_fifo3/u_ipm_distributed_fifo_mat_fifo/u_ipm_distributed_fifo_ctr/N2_1_1/gateop, insts:10.
I: Infer CARRY group, base inst: cmos2_mix/u_up_median_filter/u3_sub_median_filter/mat_3x3_inst/mat_fifo3/u_ipm_distributed_fifo_mat_fifo/u_ipm_distributed_fifo_ctr/N9_1_1/gateop, insts:10.
I: Infer CARRY group, base inst: u_DDR3_50H/u_ddrphy_top/ddrphy_calib_top/ddrphy_init/N3_1_1/gateop, insts:15.
I: Infer CARRY group, base inst: u_DDR3_50H/u_ddrphy_top/ddrphy_calib_top/ddrphy_init/N23_1_1/gateop, insts:15.
I: Infer CARRY group, base inst: u_DDR3_50H/u_ddrphy_top/ddrphy_calib_top/ddrphy_init/N41_1_1/gateop, insts:7.
I: Infer CARRY group, base inst: u_DDR3_50H/u_ddrphy_top/ddrphy_calib_top/ddrphy_init/N79_1_1/gateop, insts:9.
I: Infer CARRY group, base inst: u_DDR3_50H/u_ddrphy_top/ddrphy_calib_top/ddrphy_wrlvl/N8_1_1/gateop, insts:7.
I: Infer CARRY group, base inst: u_DDR3_50H/u_ddrphy_top/ddrphy_calib_top/rdcal/N33_1_1/gateop, insts:17.
I: Infer CARRY group, base inst: u_DDR3_50H/u_ddrphy_top/ddrphy_reset_ctrl/ddrphy_pll_lock_debounce/N11_1_1/gateop, insts:18.
I: Infer CARRY group, base inst: u_DDR3_50H/u_ipsxb_ddrc_top/mcdq_dcd_top/mcdq_dcd_bm/N37_1_1/gateop, insts:12.
I: Infer CARRY group, base inst: u_DDR3_50H/u_ipsxb_ddrc_top/mcdq_dcd_top/mcdq_dcd_sm/N162_6_0[9:0]_1/gateop, insts:7.
I: Infer CARRY group, base inst: cmos2_mix/u_up_median_filter/u3_sub_median_filter/mat_3x3_inst/mat_fifo3/u_ipm_distributed_fifo_mat_fifo/u_ipm_distributed_fifo_ctr/N36.eq_0/gateop, insts:6.
I: Infer CARRY group, base inst: u_DDR3_50H/u_ipsxb_ddrc_top/mcdq_dcp_top/mcdq_dcp_buf/N46_1_1/gateop, insts:6.
I: Infer CARRY group, base inst: ethernet_test/eth_udp_test/udp_ip_mac_top/arp_mac_top_U1/arp_rx/N82_1_1/gateop, insts:7.
I: Infer CARRY group, base inst: ethernet_test/eth_udp_test/udp_ip_mac_top/arp_mac_top_U1/arp_tx/N116_1_1/gateop, insts:15.
I: Infer CARRY group, base inst: ethernet_test/eth_udp_test/udp_ip_mac_top/arp_mac_top_U1/arp_tx/N149_1_1/gateop, insts:15.
I: Infer CARRY group, base inst: ethernet_test/eth_udp_test/udp_ip_mac_top/ip_layer/icmp/N15_1.fsub_1/gateop, insts:16.
I: Infer CARRY group, base inst: ethernet_test/eth_udp_test/udp_ip_mac_top/ip_layer/icmp/N16.eq_0/gateop, insts:9.
I: Infer CARRY group, base inst: ethernet_test/eth_udp_test/udp_ip_mac_top/ip_layer/icmp/N31_1.fsub_1/gateop, insts:15.
I: Infer CARRY group, base inst: ethernet_test/eth_udp_test/udp_ip_mac_top/ip_layer/icmp/N32.eq_0/gateop, insts:9.
I: Infer CARRY group, base inst: ethernet_test/eth_udp_test/udp_ip_mac_top/ip_layer/icmp/N101.eq_0/gateop, insts:8.
I: Infer CARRY group, base inst: ethernet_test/eth_udp_test/udp_ip_mac_top/ip_layer/icmp/N149.lt_0/gateop, insts:8.
I: Infer CARRY group, base inst: ethernet_test/eth_udp_test/udp_ip_mac_top/ip_layer/icmp/N168_1.fsub_1/gateop, insts:7.
I: Infer CARRY group, base inst: ethernet_test/eth_udp_test/udp_ip_mac_top/ip_layer/icmp/N176_1_1/gateop, insts:15.
I: Infer CARRY group, base inst: ethernet_test/eth_udp_test/udp_ip_mac_top/ip_layer/icmp/N200_1_1/gateop, insts:15.
I: Infer CARRY group, base inst: ethernet_test/eth_udp_test/udp_ip_mac_top/ip_layer/icmp/N282_1.fsub_1/gateop, insts:9.
I: Infer CARRY group, base inst: ethernet_test/eth_udp_test/udp_ip_mac_top/ip_layer/icmp/N664_5_0/gateop, insts:33.
I: Infer CARRY group, base inst: ethernet_test/eth_udp_test/udp_ip_mac_top/ip_layer/icmp/N675_5_0/gateop, insts:18.
I: Infer CARRY group, base inst: ethernet_test/eth_udp_test/udp_ip_mac_top/ip_layer/icmp/N706_5_0/gateop, insts:18.
I: Infer CARRY group, base inst: ethernet_test/eth_udp_test/udp_ip_mac_top/ip_layer/icmp/N737_7_0/gateop, insts:33.
I: Infer CARRY group, base inst: ethernet_test/eth_udp_test/udp_ip_mac_top/ip_layer/ip_rx/N19.eq_0/gateop, insts:9.
I: Infer CARRY group, base inst: ethernet_test/eth_udp_test/udp_ip_mac_top/ip_layer/ip_rx/N56_1.fsub_1/gateop, insts:16.
I: Infer CARRY group, base inst: ethernet_test/eth_udp_test/udp_ip_mac_top/ip_layer/ip_rx/N57.eq_0/gateop, insts:9.
I: Infer CARRY group, base inst: ethernet_test/eth_udp_test/udp_ip_mac_top/ip_layer/ip_rx/N87.eq_0/gateop, insts:9.
I: Infer CARRY group, base inst: ethernet_test/eth_udp_test/udp_ip_mac_top/ip_layer/ip_rx/N122_1.fsub_1/gateop, insts:14.
I: Infer CARRY group, base inst: ethernet_test/eth_udp_test/udp_ip_mac_top/ip_layer/ip_rx/N140_1_1/gateop, insts:15.
I: Infer CARRY group, base inst: ethernet_test/eth_udp_test/udp_ip_mac_top/ip_layer/ip_rx/N280_1/gateop, insts:32.
I: Infer CARRY group, base inst: ethernet_test/eth_udp_test/udp_ip_mac_top/ip_layer/ip_rx/N300_1_1/gateop, insts:16.
I: Infer CARRY group, base inst: ethernet_test/eth_udp_test/udp_ip_mac_top/ip_layer/ip_tx/N41_1_1/gateop, insts:15.
I: Infer CARRY group, base inst: ethernet_test/eth_udp_test/udp_ip_mac_top/ip_layer/ip_tx/N42.eq_0/gateop, insts:9.
I: Infer CARRY group, base inst: ethernet_test/eth_udp_test/udp_ip_mac_top/ip_layer/ip_tx/N82_1_1/gateop, insts:14.
I: Infer CARRY group, base inst: ethernet_test/eth_udp_test/udp_ip_mac_top/ip_layer/ip_tx/N83.eq_0/gateop, insts:9.
I: Infer CARRY group, base inst: ethernet_test/eth_udp_test/udp_ip_mac_top/ip_layer/ip_tx/N114_1_1/gateop, insts:15.
I: Infer CARRY group, base inst: ethernet_test/eth_udp_test/udp_ip_mac_top/ip_layer/ip_tx/N129_1_1/gateop, insts:15.
I: Infer CARRY group, base inst: ethernet_test/eth_udp_test/udp_ip_mac_top/ip_layer/ip_tx/N149_1_1/gateop, insts:15.
I: Infer CARRY group, base inst: ethernet_test/eth_udp_test/udp_ip_mac_top/ip_layer/ip_tx/N169_1_1/gateop, insts:8.
I: Infer CARRY group, base inst: ethernet_test/eth_udp_test/udp_ip_mac_top/ip_layer/ip_tx/N582_1/gateop, insts:16.
I: Infer CARRY group, base inst: ethernet_test/eth_udp_test/udp_ip_mac_top/ip_layer/ip_tx/N585_1/gateop, insts:17.
I: Infer CARRY group, base inst: ethernet_test/eth_udp_test/udp_ip_mac_top/ip_layer/ip_tx/N588_1/gateop, insts:20.
I: Infer CARRY group, base inst: ethernet_test/eth_udp_test/udp_ip_mac_top/ip_layer/ip_tx/N590_3/gateop, insts:17.
I: Infer CARRY group, base inst: ethernet_test/eth_udp_test/udp_ip_mac_top/ip_layer/ip_tx/N600_1/gateop, insts:18.
I: Infer CARRY group, base inst: ethernet_test/eth_udp_test/udp_ip_mac_top/ip_layer/ip_tx_mode/N51_1_1/gateop, insts:15.
I: Infer CARRY group, base inst: ethernet_test/eth_udp_test/udp_ip_mac_top/udp_layer/udp_rx/N25_1.fsub_1/gateop, insts:16.
I: Infer CARRY group, base inst: ethernet_test/eth_udp_test/udp_ip_mac_top/udp_layer/udp_rx/N26.eq_0/gateop, insts:9.
I: Infer CARRY group, base inst: ethernet_test/eth_udp_test/udp_ip_mac_top/udp_layer/udp_rx/N93_1_1/gateop, insts:15.
I: Infer CARRY group, base inst: ethernet_test/eth_udp_test/udp_ip_mac_top/udp_layer/udp_rx/N100.lt_0/gateop, insts:8.
I: Infer CARRY group, base inst: ethernet_test/eth_udp_test/udp_ip_mac_top/udp_layer/udp_tx/N24.eq_0/gateop, insts:6.
I: Infer CARRY group, base inst: ethernet_test/eth_udp_test/udp_ip_mac_top/udp_layer/udp_tx/N95_1_1/gateop, insts:15.
I: Infer CARRY group, base inst: u_DDR3_50H/u_ddrphy_top/ddrphy_slice_top/i_dqs_group[0].u_ddrphy_data_slice/data_slice_wrlvl/N102_1_0/gateop, insts:8.
I: Infer CARRY group, base inst: u_DDR3_50H/u_ddrphy_top/ddrphy_slice_top/i_dqs_group[0].u_ddrphy_data_slice/data_slice_wrlvl/N104_1_1/gateop, insts:7.
I: Infer CARRY group, base inst: u_DDR3_50H/u_ddrphy_top/ddrphy_slice_top/i_dqs_group[0].u_ddrphy_data_slice/data_slice_wrlvl/N201_1_1/gateop, insts:7.
I: Infer CARRY group, base inst: u_DDR3_50H/u_ddrphy_top/ddrphy_slice_top/i_dqs_group[0].u_ddrphy_data_slice/dqsi_rdel_cal/N28_1.fsub_0/gateop, insts:7.
I: Infer CARRY group, base inst: u_DDR3_50H/u_ddrphy_top/ddrphy_slice_top/i_dqs_group[0].u_ddrphy_data_slice/dqsi_rdel_cal/N33_1_1/gateop, insts:7.
I: Infer CARRY group, base inst: u_DDR3_50H/u_ddrphy_top/ddrphy_slice_top/i_dqs_group[0].u_ddrphy_data_slice/dqsi_rdel_cal/N43_1.fsub_1/gateop, insts:7.
I: Infer CARRY group, base inst: u_DDR3_50H/u_ddrphy_top/ddrphy_slice_top/i_dqs_group[0].u_ddrphy_data_slice/dqsi_rdel_cal/N53.eq_0/gateop, insts:3.
I: Infer CARRY group, base inst: u_DDR3_50H/u_ddrphy_top/ddrphy_slice_top/i_dqs_group[0].u_ddrphy_data_slice/dqsi_rdel_cal/N85_1/gateop, insts:8.
I: Infer CARRY group, base inst: u_DDR3_50H/u_ddrphy_top/ddrphy_slice_top/i_dqs_group[0].u_ddrphy_data_slice/dqsi_rdel_cal/N104_1_1/gateop, insts:9.
I: Infer CARRY group, base inst: u_DDR3_50H/u_ddrphy_top/ddrphy_slice_top/i_dqs_group[0].u_ddrphy_data_slice/dqsi_rdel_cal/N108.eq_0/gateop, insts:5.
I: Infer CARRY group, base inst: u_DDR3_50H/u_ddrphy_top/ddrphy_slice_top/i_dqs_group[0].u_ddrphy_data_slice/dqsi_rdel_cal/N167.eq_0/gateop, insts:5.
I: Infer CARRY group, base inst: u_DDR3_50H/u_ddrphy_top/ddrphy_slice_top/i_dqs_group[0].u_ddrphy_data_slice/dqsi_rdel_cal/N264_1_0/gateop, insts:8.
I: Infer CARRY group, base inst: u_DDR3_50H/u_ddrphy_top/ddrphy_slice_top/i_dqs_group[0].u_ddrphy_data_slice/dqsi_rdel_cal/N280_1_0/gateop, insts:8.
I: Infer CARRY group, base inst: u_DDR3_50H/u_ddrphy_top/ddrphy_slice_top/i_dqs_group[0].u_ddrphy_data_slice/dqsi_rdel_cal/N285_1_1/gateop, insts:9.
I: Infer CARRY group, base inst: u_DDR3_50H/u_ddrphy_top/ddrphy_slice_top/i_dqs_group[1].u_ddrphy_data_slice/data_slice_wrlvl/N102_1_0/gateop, insts:8.
I: Infer CARRY group, base inst: u_DDR3_50H/u_ddrphy_top/ddrphy_slice_top/i_dqs_group[1].u_ddrphy_data_slice/data_slice_wrlvl/N104_1_1/gateop, insts:7.
I: Infer CARRY group, base inst: u_DDR3_50H/u_ddrphy_top/ddrphy_slice_top/i_dqs_group[1].u_ddrphy_data_slice/data_slice_wrlvl/N201_1_1/gateop, insts:7.
I: Infer CARRY group, base inst: u_DDR3_50H/u_ddrphy_top/ddrphy_slice_top/i_dqs_group[1].u_ddrphy_data_slice/dqsi_rdel_cal/N28_1.fsub_0/gateop, insts:7.
I: Infer CARRY group, base inst: u_DDR3_50H/u_ddrphy_top/ddrphy_slice_top/i_dqs_group[1].u_ddrphy_data_slice/dqsi_rdel_cal/N33_1_1/gateop, insts:7.
I: Infer CARRY group, base inst: u_DDR3_50H/u_ddrphy_top/ddrphy_slice_top/i_dqs_group[1].u_ddrphy_data_slice/dqsi_rdel_cal/N43_1.fsub_1/gateop, insts:7.
I: Infer CARRY group, base inst: u_DDR3_50H/u_ddrphy_top/ddrphy_slice_top/i_dqs_group[1].u_ddrphy_data_slice/dqsi_rdel_cal/N53.eq_0/gateop, insts:3.
I: Infer CARRY group, base inst: u_DDR3_50H/u_ddrphy_top/ddrphy_slice_top/i_dqs_group[1].u_ddrphy_data_slice/dqsi_rdel_cal/N85_1/gateop, insts:8.
I: Infer CARRY group, base inst: u_DDR3_50H/u_ddrphy_top/ddrphy_slice_top/i_dqs_group[1].u_ddrphy_data_slice/dqsi_rdel_cal/N104_1_1/gateop, insts:9.
I: Infer CARRY group, base inst: u_DDR3_50H/u_ddrphy_top/ddrphy_slice_top/i_dqs_group[1].u_ddrphy_data_slice/dqsi_rdel_cal/N108.eq_0/gateop, insts:5.
I: Infer CARRY group, base inst: u_DDR3_50H/u_ddrphy_top/ddrphy_slice_top/i_dqs_group[1].u_ddrphy_data_slice/dqsi_rdel_cal/N167.eq_0/gateop, insts:5.
I: Infer CARRY group, base inst: u_DDR3_50H/u_ddrphy_top/ddrphy_slice_top/i_dqs_group[1].u_ddrphy_data_slice/dqsi_rdel_cal/N264_1_0/gateop, insts:8.
I: Infer CARRY group, base inst: u_DDR3_50H/u_ddrphy_top/ddrphy_slice_top/i_dqs_group[1].u_ddrphy_data_slice/dqsi_rdel_cal/N280_1_0/gateop, insts:8.
I: Infer CARRY group, base inst: u_DDR3_50H/u_ddrphy_top/ddrphy_slice_top/i_dqs_group[1].u_ddrphy_data_slice/dqsi_rdel_cal/N285_1_1/gateop, insts:9.
I: Infer CARRY group, base inst: u_DDR3_50H/u_ddrphy_top/ddrphy_slice_top/i_dqs_group[2].u_ddrphy_data_slice/data_slice_wrlvl/N102_1_0/gateop, insts:8.
I: Infer CARRY group, base inst: u_DDR3_50H/u_ddrphy_top/ddrphy_slice_top/i_dqs_group[2].u_ddrphy_data_slice/data_slice_wrlvl/N104_1_1/gateop, insts:7.
I: Infer CARRY group, base inst: u_DDR3_50H/u_ddrphy_top/ddrphy_slice_top/i_dqs_group[2].u_ddrphy_data_slice/data_slice_wrlvl/N201_1_1/gateop, insts:7.
I: Infer CARRY group, base inst: u_DDR3_50H/u_ddrphy_top/ddrphy_slice_top/i_dqs_group[2].u_ddrphy_data_slice/dqsi_rdel_cal/N85_1/gateop, insts:8.
I: Infer CARRY group, base inst: u_DDR3_50H/u_ddrphy_top/ddrphy_slice_top/i_dqs_group[2].u_ddrphy_data_slice/dqsi_rdel_cal/N104_1_1/gateop, insts:9.
I: Infer CARRY group, base inst: u_DDR3_50H/u_ddrphy_top/ddrphy_slice_top/i_dqs_group[2].u_ddrphy_data_slice/dqsi_rdel_cal/N108.eq_0/gateop, insts:5.
I: Infer CARRY group, base inst: u_DDR3_50H/u_ddrphy_top/ddrphy_slice_top/i_dqs_group[2].u_ddrphy_data_slice/dqsi_rdel_cal/N167.eq_0/gateop, insts:5.
I: Infer CARRY group, base inst: u_DDR3_50H/u_ddrphy_top/ddrphy_slice_top/i_dqs_group[2].u_ddrphy_data_slice/dqsi_rdel_cal/N264_1_0/gateop, insts:8.
I: Infer CARRY group, base inst: u_DDR3_50H/u_ddrphy_top/ddrphy_slice_top/i_dqs_group[2].u_ddrphy_data_slice/dqsi_rdel_cal/N280_1_0/gateop, insts:8.
I: Infer CARRY group, base inst: u_DDR3_50H/u_ddrphy_top/ddrphy_slice_top/i_dqs_group[2].u_ddrphy_data_slice/dqsi_rdel_cal/N285_1_1/gateop, insts:9.
I: Infer CARRY group, base inst: u_DDR3_50H/u_ddrphy_top/ddrphy_slice_top/i_dqs_group[3].u_ddrphy_data_slice/data_slice_wrlvl/N102_1_0/gateop, insts:8.
I: Infer CARRY group, base inst: u_DDR3_50H/u_ddrphy_top/ddrphy_slice_top/i_dqs_group[3].u_ddrphy_data_slice/data_slice_wrlvl/N104_1_1/gateop, insts:7.
I: Infer CARRY group, base inst: u_DDR3_50H/u_ddrphy_top/ddrphy_slice_top/i_dqs_group[3].u_ddrphy_data_slice/data_slice_wrlvl/N201_1_1/gateop, insts:7.
I: Infer CARRY group, base inst: u_DDR3_50H/u_ddrphy_top/ddrphy_slice_top/i_dqs_group[3].u_ddrphy_data_slice/dqsi_rdel_cal/N28_1.fsub_0/gateop, insts:7.
I: Infer CARRY group, base inst: u_DDR3_50H/u_ddrphy_top/ddrphy_slice_top/i_dqs_group[3].u_ddrphy_data_slice/dqsi_rdel_cal/N33_1_1/gateop, insts:7.
I: Infer CARRY group, base inst: u_DDR3_50H/u_ddrphy_top/ddrphy_slice_top/i_dqs_group[3].u_ddrphy_data_slice/dqsi_rdel_cal/N43_1.fsub_1/gateop, insts:7.
I: Infer CARRY group, base inst: u_DDR3_50H/u_ddrphy_top/ddrphy_slice_top/i_dqs_group[3].u_ddrphy_data_slice/dqsi_rdel_cal/N53.eq_0/gateop, insts:3.
I: Infer CARRY group, base inst: u_DDR3_50H/u_ddrphy_top/ddrphy_slice_top/i_dqs_group[3].u_ddrphy_data_slice/dqsi_rdel_cal/N85_1/gateop, insts:8.
I: Infer CARRY group, base inst: u_DDR3_50H/u_ddrphy_top/ddrphy_slice_top/i_dqs_group[3].u_ddrphy_data_slice/dqsi_rdel_cal/N104_1_1/gateop, insts:9.
I: Infer CARRY group, base inst: u_DDR3_50H/u_ddrphy_top/ddrphy_slice_top/i_dqs_group[3].u_ddrphy_data_slice/dqsi_rdel_cal/N108.eq_0/gateop, insts:5.
I: Infer CARRY group, base inst: u_DDR3_50H/u_ddrphy_top/ddrphy_slice_top/i_dqs_group[3].u_ddrphy_data_slice/dqsi_rdel_cal/N167.eq_0/gateop, insts:5.
I: Infer CARRY group, base inst: u_DDR3_50H/u_ddrphy_top/ddrphy_slice_top/i_dqs_group[3].u_ddrphy_data_slice/dqsi_rdel_cal/N264_1_0/gateop, insts:8.
I: Infer CARRY group, base inst: u_DDR3_50H/u_ddrphy_top/ddrphy_slice_top/i_dqs_group[3].u_ddrphy_data_slice/dqsi_rdel_cal/N280_1_0/gateop, insts:8.
I: Infer CARRY group, base inst: u_DDR3_50H/u_ddrphy_top/ddrphy_slice_top/i_dqs_group[3].u_ddrphy_data_slice/dqsi_rdel_cal/N285_1_1/gateop, insts:9.
I: Infer CARRY group, base inst: u_DDR3_50H/u_ipsxb_ddrc_top/mcdq_dcp_top/mcdq_dcp_back_ctrl/timing_act_pass/N31.lt_0/gateop, insts:4.
I: Infer CARRY group, base inst: ethernet_test/eth_udp_test/udp_ip_mac_top/arp_mac_top_U1/mac_layer/mac_rx/N89_1_1/gateop, insts:15.
I: Infer CARRY group, base inst: ethernet_test/eth_udp_test/udp_ip_mac_top/arp_mac_top_U1/mac_layer/mac_rx/N213.eq_0/gateop, insts:16.
I: Infer CARRY group, base inst: ethernet_test/eth_udp_test/udp_ip_mac_top/arp_mac_top_U1/mac_layer/mac_tx/N108_1_1/gateop, insts:15.
I: Infer CARRY group, base inst: ethernet_test/eth_udp_test/udp_ip_mac_top/arp_mac_top_U1/mac_layer/mac_tx_mode/N51_1_1/gateop, insts:15.
I: Infer CARRY group, base inst: u_DDR3_50H/u_ddrphy_top/ddrphy_slice_top/i_dqs_group[0].u_ddrphy_data_slice/data_slice_dqs_gate_cal/gatecal/N81_1_1/gateop, insts:5.
I: Infer CARRY group, base inst: u_DDR3_50H/u_ddrphy_top/ddrphy_slice_top/i_dqs_group[0].u_ddrphy_data_slice/data_slice_dqs_gate_cal/gatecal/N389_8.fsub_1/gateop, insts:5.
I: Infer CARRY group, base inst: u_DDR3_50H/u_ddrphy_top/ddrphy_slice_top/i_dqs_group[1].u_ddrphy_data_slice/data_slice_dqs_gate_cal/gatecal/N81_1_1/gateop, insts:5.
I: Infer CARRY group, base inst: u_DDR3_50H/u_ddrphy_top/ddrphy_slice_top/i_dqs_group[1].u_ddrphy_data_slice/data_slice_dqs_gate_cal/gatecal/N389_8.fsub_1/gateop, insts:5.
I: Infer CARRY group, base inst: u_DDR3_50H/u_ddrphy_top/ddrphy_slice_top/i_dqs_group[2].u_ddrphy_data_slice/data_slice_dqs_gate_cal/gatecal/N81_1_0/gateop, insts:6.
I: Infer CARRY group, base inst: u_DDR3_50H/u_ddrphy_top/ddrphy_slice_top/i_dqs_group[2].u_ddrphy_data_slice/data_slice_dqs_gate_cal/gatecal/N389_8.fsub_1/gateop, insts:5.
I: Infer CARRY group, base inst: u_DDR3_50H/u_ddrphy_top/ddrphy_slice_top/i_dqs_group[3].u_ddrphy_data_slice/data_slice_dqs_gate_cal/gatecal/N81_1_0/gateop, insts:6.
I: Infer CARRY group, base inst: u_DDR3_50H/u_ddrphy_top/ddrphy_slice_top/i_dqs_group[3].u_ddrphy_data_slice/data_slice_dqs_gate_cal/gatecal/N389_8.fsub_1/gateop, insts:5.
I: Infer CARRY group, base inst: u_DDR3_50H/u_ipsxb_ddrc_top/mcdq_wdatapath/ipsxb_distributed_fifo/u_ipsxb_distributed_fifo_distributed_fifo_v1_0/u_ipsxb_distributed_fifo_ctr/N2_1/gateop, insts:5.
I: Infer CARRY group, base inst: u_DDR3_50H/u_ipsxb_ddrc_top/mcdq_wdatapath/ipsxb_distributed_fifo/u_ipsxb_distributed_fifo_distributed_fifo_v1_0/u_ipsxb_distributed_fifo_ctr/N9_1/gateop, insts:5.
I: Infer CARRY group, base inst: u_DDR3_50H/u_ipsxb_ddrc_top/mcdq_wdatapath/ipsxb_distributed_fifo/u_ipsxb_distributed_fifo_distributed_fifo_v1_0/u_ipsxb_distributed_fifo_ctr/N36.eq_0/gateop, insts:3.
I: Infer CARRY group, base inst: u_DDR3_50H/u_ipsxb_ddrc_top/mcdq_dcp_top/mcdq_dcp_buf/A_ipsxb_distributed_fifo/u_ipsxb_distributed_fifo_distributed_fifo_v1_0/u_ipsxb_distributed_fifo_ctr/N2_1/gateop, insts:5.
I: Infer CARRY group, base inst: u_DDR3_50H/u_ipsxb_ddrc_top/mcdq_dcp_top/mcdq_dcp_buf/A_ipsxb_distributed_fifo/u_ipsxb_distributed_fifo_distributed_fifo_v1_0/u_ipsxb_distributed_fifo_ctr/N9_1/gateop, insts:5.
I: Infer CARRY group, base inst: cmos1_mix/u_up_median_filter/u1_sub_median_filter/mat_3x3_inst/mat_fifo1/u_ipm_distributed_fifo_mat_fifo/u_ipm_distributed_fifo_ctr/N2_1_1/gateop, insts:10.
I: Infer CARRY group, base inst: cmos1_mix/u_up_median_filter/u1_sub_median_filter/mat_3x3_inst/mat_fifo1/u_ipm_distributed_fifo_mat_fifo/u_ipm_distributed_fifo_ctr/N9_1_1/gateop, insts:10.
I: Infer CARRY group, base inst: cmos1_mix/u_up_median_filter/u1_sub_median_filter/mat_3x3_inst/mat_fifo1/u_ipm_distributed_fifo_mat_fifo/u_ipm_distributed_fifo_ctr/N36.eq_0/gateop, insts:6.
I: Infer CARRY group, base inst: u_DDR3_50H/u_ipsxb_ddrc_top/mcdq_dcp_top/mcdq_dcp_buf/A_ipsxb_distributed_fifo/u_ipsxb_distributed_fifo_distributed_fifo_v1_0/u_ipsxb_distributed_fifo_ctr/N19.lt_0/gateop, insts:3.
I: Infer CARRY group, base inst: u_DDR3_50H/u_ipsxb_ddrc_top/mcdq_dcp_top/mcdq_dcp_buf/A_ipsxb_distributed_fifo/u_ipsxb_distributed_fifo_distributed_fifo_v1_0/u_ipsxb_distributed_fifo_ctr/N24_1.fsub_1/gateop, insts:6.
I: Infer CARRY group, base inst: u_DDR3_50H/u_ipsxb_ddrc_top/mcdq_dcp_top/mcdq_dcp_buf/A_ipsxb_distributed_fifo/u_ipsxb_distributed_fifo_distributed_fifo_v1_0/u_ipsxb_distributed_fifo_ctr/N30.fsub_1/gateop, insts:6.
I: Infer CARRY group, base inst: u_DDR3_50H/u_ipsxb_ddrc_top/mcdq_dcp_top/mcdq_dcp_buf/A_ipsxb_distributed_fifo/u_ipsxb_distributed_fifo_distributed_fifo_v1_0/u_ipsxb_distributed_fifo_ctr/N36.eq_0/gateop, insts:3.
I: Infer CARRY group, base inst: u_DDR3_50H/u_ipsxb_ddrc_top/mcdq_dcp_top/mcdq_dcp_buf/B_ipsxb_distributed_fifo/u_ipsxb_distributed_fifo_distributed_fifo_v1_0/u_ipsxb_distributed_fifo_ctr/N2_1/gateop, insts:5.
I: Infer CARRY group, base inst: u_DDR3_50H/u_ipsxb_ddrc_top/mcdq_dcp_top/mcdq_dcp_buf/B_ipsxb_distributed_fifo/u_ipsxb_distributed_fifo_distributed_fifo_v1_0/u_ipsxb_distributed_fifo_ctr/N9_1/gateop, insts:5.
I: Infer CARRY group, base inst: u_DDR3_50H/u_ipsxb_ddrc_top/mcdq_dcp_top/mcdq_dcp_buf/B_ipsxb_distributed_fifo/u_ipsxb_distributed_fifo_distributed_fifo_v1_0/u_ipsxb_distributed_fifo_ctr/N19.lt_0/gateop, insts:3.
I: Infer CARRY group, base inst: u_DDR3_50H/u_ipsxb_ddrc_top/mcdq_dcp_top/mcdq_dcp_buf/B_ipsxb_distributed_fifo/u_ipsxb_distributed_fifo_distributed_fifo_v1_0/u_ipsxb_distributed_fifo_ctr/N24_1.fsub_1/gateop, insts:6.
I: Infer CARRY group, base inst: u_DDR3_50H/u_ipsxb_ddrc_top/mcdq_dcp_top/mcdq_dcp_buf/B_ipsxb_distributed_fifo/u_ipsxb_distributed_fifo_distributed_fifo_v1_0/u_ipsxb_distributed_fifo_ctr/N30.fsub_1/gateop, insts:6.
I: Infer CARRY group, base inst: u_DDR3_50H/u_ipsxb_ddrc_top/mcdq_dcp_top/mcdq_dcp_buf/B_ipsxb_distributed_fifo/u_ipsxb_distributed_fifo_distributed_fifo_v1_0/u_ipsxb_distributed_fifo_ctr/N36.eq_0/gateop, insts:3.
I: Infer CARRY group, base inst: cmos1_mix/u_up_median_filter/u1_sub_median_filter/mat_3x3_inst/mat_fifo2/u_ipm_distributed_fifo_mat_fifo/u_ipm_distributed_fifo_ctr/N2_1_1/gateop, insts:10.
I: Infer CARRY group, base inst: cmos1_mix/u_up_median_filter/u1_sub_median_filter/mat_3x3_inst/mat_fifo2/u_ipm_distributed_fifo_mat_fifo/u_ipm_distributed_fifo_ctr/N9_1_1/gateop, insts:10.
I: Infer CARRY group, base inst: cmos1_mix/u_up_median_filter/u1_sub_median_filter/mat_3x3_inst/mat_fifo2/u_ipm_distributed_fifo_mat_fifo/u_ipm_distributed_fifo_ctr/N36.eq_0/gateop, insts:6.
I: Infer CARRY group, base inst: cmos1_mix/u_up_median_filter/u1_sub_median_filter/mat_3x3_inst/mat_fifo3/u_ipm_distributed_fifo_mat_fifo/u_ipm_distributed_fifo_ctr/N2_1_1/gateop, insts:10.
I: Infer CARRY group, base inst: cmos1_mix/u_up_median_filter/u1_sub_median_filter/mat_3x3_inst/mat_fifo3/u_ipm_distributed_fifo_mat_fifo/u_ipm_distributed_fifo_ctr/N9_1_1/gateop, insts:10.
I: Infer CARRY group, base inst: cmos1_mix/u_up_median_filter/u1_sub_median_filter/mat_3x3_inst/mat_fifo3/u_ipm_distributed_fifo_mat_fifo/u_ipm_distributed_fifo_ctr/N36.eq_0/gateop, insts:6.
I: Infer CARRY group, base inst: cmos2_mix/u_up_median_filter/u1_sub_median_filter/mat_3x3_inst/mat_fifo1/u_ipm_distributed_fifo_mat_fifo/u_ipm_distributed_fifo_ctr/N2_1_1/gateop, insts:10.
I: Infer CARRY group, base inst: cmos2_mix/u_up_median_filter/u1_sub_median_filter/mat_3x3_inst/mat_fifo1/u_ipm_distributed_fifo_mat_fifo/u_ipm_distributed_fifo_ctr/N9_1_1/gateop, insts:10.
I: Infer CARRY group, base inst: cmos2_mix/u_up_median_filter/u1_sub_median_filter/mat_3x3_inst/mat_fifo1/u_ipm_distributed_fifo_mat_fifo/u_ipm_distributed_fifo_ctr/N36.eq_0/gateop, insts:6.
I: Infer CARRY group, base inst: cmos2_mix/u_up_median_filter/u1_sub_median_filter/mat_3x3_inst/mat_fifo2/u_ipm_distributed_fifo_mat_fifo/u_ipm_distributed_fifo_ctr/N2_1_1/gateop, insts:10.
I: Infer CARRY group, base inst: cmos2_mix/u_up_median_filter/u1_sub_median_filter/mat_3x3_inst/mat_fifo2/u_ipm_distributed_fifo_mat_fifo/u_ipm_distributed_fifo_ctr/N9_1_1/gateop, insts:10.
I: Infer CARRY group, base inst: cmos2_mix/u_up_median_filter/u1_sub_median_filter/mat_3x3_inst/mat_fifo2/u_ipm_distributed_fifo_mat_fifo/u_ipm_distributed_fifo_ctr/N36.eq_0/gateop, insts:6.
I: Infer CARRY group, base inst: cmos2_mix/u_up_median_filter/u1_sub_median_filter/mat_3x3_inst/mat_fifo3/u_ipm_distributed_fifo_mat_fifo/u_ipm_distributed_fifo_ctr/N2_1_1/gateop, insts:10.
I: INST: "b_out[3]/opit_0" has been packed in IOL "b_out_obuf[3]/opit_1" success.
I: INST: "b_out[4]/opit_0" has been packed in IOL "b_out_obuf[4]/opit_1" success.
I: INST: "b_out[5]/opit_0" has been packed in IOL "b_out_obuf[5]/opit_1" success.
I: INST: "b_out[6]/opit_0" has been packed in IOL "b_out_obuf[6]/opit_1" success.
I: INST: "b_out[7]/opit_0" has been packed in IOL "b_out_obuf[7]/opit_1" success.
I: INST: "g_out[2]/opit_0" has been packed in IOL "g_out_obuf[2]/opit_1" success.
I: INST: "g_out[3]/opit_0" has been packed in IOL "g_out_obuf[3]/opit_1" success.
I: INST: "g_out[4]/opit_0" has been packed in IOL "g_out_obuf[4]/opit_1" success.
I: INST: "g_out[5]/opit_0" has been packed in IOL "g_out_obuf[5]/opit_1" success.
I: INST: "g_out[6]/opit_0" has been packed in IOL "g_out_obuf[6]/opit_1" success.
I: INST: "g_out[7]/opit_0" has been packed in IOL "g_out_obuf[7]/opit_1" success.
I: INST: "r_out[3]/opit_0" has been packed in IOL "r_out_obuf[3]/opit_1" success.
I: INST: "r_out[4]/opit_0" has been packed in IOL "r_out_obuf[4]/opit_1" success.
I: INST: "r_out[5]/opit_0" has been packed in IOL "r_out_obuf[5]/opit_1" success.
I: INST: "r_out[6]/opit_0" has been packed in IOL "r_out_obuf[6]/opit_1" success.
I: INST: "r_out[7]/opit_0" has been packed in IOL "r_out_obuf[7]/opit_1" success.
Device Utilization Summary:
+-------------------------------------------------------------------------+
| Logic Utilization     | Used      | Available     | Utilization(%)     
+-------------------------------------------------------------------------+
| APM                   | 0         | 84            | 0                  
| IOCKDLY               | 1         | 40            | 3                  
| FF                    | 20063     | 64200         | 32                 
| LUT                   | 22390     | 42800         | 53                 
| Distributed RAM       | 3152      | 17000         | 19                 
| DLL                   | 2         | 10            | 20                 
| DQSL                  | 8         | 18            | 45                 
| DRM                   | 112       | 134           | 84                 
| FUSECODE              | 0         | 1             | 0                  
| IO                    | 180       | 296           | 61                 
| IOCKDIV               | 3         | 20            | 15                 
| IOCKGATE              | 6         | 20            | 30                 
| IPAL                  | 0         | 1             | 0                  
| PLL                   | 3         | 5             | 60                 
| RCKB                  | 0         | 24            | 0                  
| SCANCHAIN             | 1         | 2             | 50                 
| START                 | 0         | 1             | 0                  
| USCM                  | 14        | 30            | 47                 
| HSST                  | 0         | 1             | 0                  
| OSC                   | 0         | 1             | 0                  
| CRYSTAL               | 0         | 2             | 0                  
| RESCAL                | 0         | 4             | 0                  
| UDID                  | 0         | 1             | 0                  
| PCIE                  | 0         | 1             | 0                  
+-------------------------------------------------------------------------+

Device mapping done.
Total device mapping takes 3.06 sec.

Design 'hdmi_ddr_ov5640_top' has been successfully mapped to architecture-specific objects.
Saving design to DB.
W: Public-4010: Pcf file E:/Verilog/pango_prj/HDMI_DDR3_OV5640_test/device_map/hdmi_ddr_ov5640_top.pcf has been covered.
Action dev_map: Real time elapsed is 0h:1m:29s
Action dev_map: CPU time elapsed is 0h:0m:12s
Action dev_map: Process CPU time elapsed is 0h:0m:13s
Current time: Thu Nov 16 11:47:18 2023
Action dev_map: Peak memory pool usage is 683 MB
