#Build: Design Editor 2022.2-SP1-Lite, Build 132640, Aug 18 15:01 2023
#Install: E:\pango\PDS_2022.2-SP1-Lite\bin
#Application name: de.exe
#OS: Windows 10 10.0.22621
#Hostname: Oranoutsider
Generated by Design Editor (version 2022.2-SP1-Lite build 132640) at Thu Nov  2 13:37:50 2023
Compiling verification operator library.
Compiling common defs.
Compiling prim grid devices.
Compiling prim grid device symbols.
Compiling gate devices.
Compiling gate operators.
Building architecture model.
Loading device packaging model.
Building architecture floorplan logic view.
Building architecture schematic structure.
Building architecture floorplan schematic view.
Loading the wires...
Loading the device ...
M_PROCESS_FINISH_STARTED

Loading wires finished.
Import Design DB finished.
W: Flow-4026: timing design DB file is not found.
Select site "SRB_156_136"
Select Clock Region "CLOCK_REGION_5"
Select Clock Region "CLOCK_REGION_3"
Select Clock Region "CLOCK_REGION_4"
